unload bsc/1.0 (PATH, MANPATH)
load bsc/1.0 (PATH, MANPATH)
unload bsc/1.0 (PATH, MANPATH)
load EB/apps (PATH)
load CUDA/12.8 (PATH, MANPATH, LD_LIBRARY_PATH, LIBRARY_PATH, C_INCLUDE_PATH,
CPLUS_INCLUDE_PATH, CUDA_HOME, CUDA_VERSION, CUDA_INC, CUDA_INSTALL_PATH) 
load CLANG/18.1.8 (PATH, LD_LIBRARY_PATH, LIBRARY_PATH, C_INCLUDE_PATH,
CPLUS_INCLUDE_PATH, HDF5_DIR, HDF5_ROOT) 
unload CLANG/18.1.8 (PATH, LD_LIBRARY_PATH, LIBRARY_PATH, C_INCLUDE_PATH,
CPLUS_INCLUDE_PATH, HDF5_DIR, HDF5_ROOT) 
unload CUDA/12.8 (PATH, MANPATH, LD_LIBRARY_PATH, LIBRARY_PATH, C_INCLUDE_PATH,
CPLUS_INCLUDE_PATH, CUDA_HOME, CUDA_VERSION, CUDA_INC, CUDA_INSTALL_PATH) 
unload EB/apps (PATH)
load EB/apps (PATH)
============================================================
Job ID     : 38481355
Timestamp  : 20260401_215926
Results dir: results_38481355_20260401_215926
CLEAN_LD_PATH: /apps/ACC/CLANG/18.1.8/lib:/apps/ACC/CUDA/12.8/extras/CUPTI/lib64:/apps/ACC/CUDA/12.8/nvvm/lib64:/apps/ACC/CUDA/12.8/lib64:/apps/ACC/EASYBUILD/software/binutils/2.40-GCCcore-13.2.0/lib:/apps/ACC/EASYBUILD/software/zlib/1.2.13-GCCcore-13.2.0/lib:/apps/ACC/EASYBUILD/software/GCCcore/13.2.0/lib64
============================================================

============================================================
Starting benchmarks
============================================================

===========================
N = 117500000
===========================

>>> Running: framework=omp_off  version=v1  N=117500000
omp_get_num_devices()    = 4
omp_get_initial_device() = 4
Elapsed time:      0.007222 seconds
Total transferred: 0.875443 GB
P2P Bandwidth:     130.154686 GB/s
Verification:      PASS
    -> elapsed=0.007222s  bandwidth=130.154686 GB/s  status=ok

>>> Running: framework=omp_off  version=v2  N=117500000
omp_get_num_devices()    = 4
omp_get_initial_device() = 4
Elapsed time:      0.007691 seconds
Total transferred: 1.750886 GB
P2P Bandwidth:     244.444526 GB/s
Verification:      PASS
    -> elapsed=0.007691s  bandwidth=244.444526 GB/s  status=ok

>>> Running: framework=omp_off  version=v4  N=117500000
omp_get_num_devices()    = 4
omp_get_initial_device() = 4
Elapsed time:      0.007658 seconds
Total transferred: 2.626330 GB
P2P Bandwidth:     368.242132 GB/s
Verification:      PASS
    -> elapsed=0.007658s  bandwidth=368.242132 GB/s  status=ok

>>> Running: framework=cuda  version=v1  N=117500000
Elapsed time:      0.007062 s
Total transferred: 0.875443 GB
P2P Bandwidth:     133.111104 GB/s
Verification d_B (dev0→dev1): PASSED (1000/117500000 samples)
    -> elapsed=0.007062s  bandwidth=133.111104 GB/s  status=ok

>>> Running: framework=cuda  version=v2  N=117500000
Elapsed time:      0.007559 s
Total transferred: 1.750886 GB
P2P Bandwidth:     248.709127 GB/s
Verification d_C (dev0→dev1): PASSED (1000/117500000 samples)
Verification d_D (dev1→dev0): PASSED (1000/117500000 samples)
    -> elapsed=0.007559s  bandwidth=248.709127 GB/s  status=ok

>>> Running: framework=cuda  version=v4  N=117500000
Elapsed time:      0.007550 s
Total transferred: 2.626330 GB
P2P Bandwidth:     373.521164 GB/s
Verification d_B1 (dev1→dev0): PASSED (1000/117500000 samples)
Verification d_C1 (dev2→dev0): PASSED (1000/117500000 samples)
Verification d_D1 (dev3→dev0): PASSED (1000/117500000 samples)
    -> elapsed=0.007550s  bandwidth=373.521164 GB/s  status=ok

>>> Running: framework=acc  version=v1  N=117500000
Elapsed time:      0.007060 s
Total transferred: 0.875443 GB
P2P Bandwidth:     133.143515 GB/s
Verification d_B (dev0→dev1): PASSED (1000/117500000 samples)
    -> elapsed=0.007060s  bandwidth=133.143515 GB/s  status=ok

>>> Running: framework=acc  version=v2  N=117500000
Elapsed time:      0.008079 s
Total transferred: 1.750886 GB
P2P Bandwidth:     232.700570 GB/s
Verification d_C (dev0→dev1): PASSED (1000/117500000 samples)
Verification d_D (dev1→dev0): PASSED (1000/117500000 samples)
    -> elapsed=0.008079s  bandwidth=232.700570 GB/s  status=ok

>>> Running: framework=acc  version=v4  N=117500000
Elapsed time:      0.008123 s
Total transferred: 2.626330 GB
P2P Bandwidth:     347.165755 GB/s
Verification d_B1 (dev1→dev0): PASSED (1000/117500000 samples)
Verification d_C1 (dev2→dev0): PASSED (1000/117500000 samples)
Verification d_D1 (dev3→dev0): PASSED (1000/117500000 samples)
    -> elapsed=0.008123s  bandwidth=347.165755 GB/s  status=ok

===========================
N = 217500000
===========================

>>> Running: framework=omp_off  version=v1  N=217500000
omp_get_num_devices()    = 4
omp_get_initial_device() = 4
Elapsed time:      0.013314 seconds
Total transferred: 1.620501 GB
P2P Bandwidth:     130.689414 GB/s
Verification:      PASS
    -> elapsed=0.013314s  bandwidth=130.689414 GB/s  status=ok

>>> Running: framework=omp_off  version=v2  N=217500000
omp_get_num_devices()    = 4
omp_get_initial_device() = 4
Elapsed time:      0.014005 seconds
Total transferred: 3.241003 GB
P2P Bandwidth:     248.483647 GB/s
Verification:      PASS
    -> elapsed=0.014005s  bandwidth=248.483647 GB/s  status=ok

>>> Running: framework=omp_off  version=v4  N=217500000
omp_get_num_devices()    = 4
omp_get_initial_device() = 4
Elapsed time:      0.013983 seconds
Total transferred: 4.861504 GB
P2P Bandwidth:     373.310148 GB/s
Verification:      PASS
    -> elapsed=0.013983s  bandwidth=373.310148 GB/s  status=ok

>>> Running: framework=cuda  version=v1  N=217500000
Elapsed time:      0.013059 s
Total transferred: 1.620501 GB
P2P Bandwidth:     133.243136 GB/s
Verification d_B (dev0→dev1): PASSED (1000/217500000 samples)
    -> elapsed=0.013059s  bandwidth=133.243136 GB/s  status=ok

>>> Running: framework=cuda  version=v2  N=217500000
Elapsed time:      0.013583 s
Total transferred: 3.241003 GB
P2P Bandwidth:     256.207642 GB/s
Verification d_C (dev0→dev1): PASSED (1000/217500000 samples)
Verification d_D (dev1→dev0): PASSED (1000/217500000 samples)
    -> elapsed=0.013583s  bandwidth=256.207642 GB/s  status=ok

>>> Running: framework=cuda  version=v4  N=217500000
Elapsed time:      0.013560 s
Total transferred: 4.861504 GB
P2P Bandwidth:     384.961260 GB/s
Verification d_B1 (dev1→dev0): PASSED (1000/217500000 samples)
Verification d_C1 (dev2→dev0): PASSED (1000/217500000 samples)
Verification d_D1 (dev3→dev0): PASSED (1000/217500000 samples)
    -> elapsed=0.013560s  bandwidth=384.961260 GB/s  status=ok

>>> Running: framework=acc  version=v1  N=217500000
Elapsed time:      0.013060 s
Total transferred: 1.620501 GB
P2P Bandwidth:     133.232725 GB/s
Verification d_B (dev0→dev1): PASSED (1000/217500000 samples)
    -> elapsed=0.013060s  bandwidth=133.232725 GB/s  status=ok

>>> Running: framework=acc  version=v2  N=217500000
Elapsed time:      0.014221 s
Total transferred: 3.241003 GB
P2P Bandwidth:     244.709339 GB/s
Verification d_C (dev0→dev1): PASSED (1000/217500000 samples)
Verification d_D (dev1→dev0): PASSED (1000/217500000 samples)
    -> elapsed=0.014221s  bandwidth=244.709339 GB/s  status=ok

>>> Running: framework=acc  version=v4  N=217500000
Elapsed time:      0.014110 s
Total transferred: 4.861504 GB
P2P Bandwidth:     369.948073 GB/s
Verification d_B1 (dev1→dev0): PASSED (1000/217500000 samples)
Verification d_C1 (dev2→dev0): PASSED (1000/217500000 samples)
Verification d_D1 (dev3→dev0): PASSED (1000/217500000 samples)
    -> elapsed=0.014110s  bandwidth=369.948073 GB/s  status=ok

===========================
N = 318750000
===========================

>>> Running: framework=omp_off  version=v1  N=318750000
omp_get_num_devices()    = 4
omp_get_initial_device() = 4
Elapsed time:      0.019589 seconds
Total transferred: 2.374873 GB
P2P Bandwidth:     130.175449 GB/s
Verification:      PASS
    -> elapsed=0.019589s  bandwidth=130.175449 GB/s  status=ok

>>> Running: framework=omp_off  version=v2  N=318750000
omp_get_num_devices()    = 4
omp_get_initial_device() = 4
Elapsed time:      0.020074 seconds
Total transferred: 4.749745 GB
P2P Bandwidth:     254.061362 GB/s
Verification:      PASS
    -> elapsed=0.020074s  bandwidth=254.061362 GB/s  status=ok

>>> Running: framework=omp_off  version=v4  N=318750000
omp_get_num_devices()    = 4
omp_get_initial_device() = 4
Elapsed time:      0.020064 seconds
Total transferred: 7.124618 GB
P2P Bandwidth:     381.282240 GB/s
Verification:      PASS
    -> elapsed=0.020064s  bandwidth=381.282240 GB/s  status=ok

>>> Running: framework=cuda  version=v1  N=318750000
Elapsed time:      0.019135 s
Total transferred: 2.374873 GB
P2P Bandwidth:     133.264746 GB/s
Verification d_B (dev0→dev1): PASSED (1000/318750000 samples)
    -> elapsed=0.019135s  bandwidth=133.264746 GB/s  status=ok

>>> Running: framework=cuda  version=v2  N=318750000
Elapsed time:      0.019665 s
Total transferred: 4.749745 GB
P2P Bandwidth:     259.344579 GB/s
Verification d_C (dev0→dev1): PASSED (1000/318750000 samples)
Verification d_D (dev1→dev0): PASSED (1000/318750000 samples)
    -> elapsed=0.019665s  bandwidth=259.344579 GB/s  status=ok

>>> Running: framework=cuda  version=v4  N=318750000
Elapsed time:      0.019675 s
Total transferred: 7.124618 GB
P2P Bandwidth:     388.813910 GB/s
Verification d_B1 (dev1→dev0): PASSED (1000/318750000 samples)
Verification d_C1 (dev2→dev0): PASSED (1000/318750000 samples)
Verification d_D1 (dev3→dev0): PASSED (1000/318750000 samples)
    -> elapsed=0.019675s  bandwidth=388.813910 GB/s  status=ok

>>> Running: framework=acc  version=v1  N=318750000
Elapsed time:      0.019134 s
Total transferred: 2.374873 GB
P2P Bandwidth:     133.270307 GB/s
Verification d_B (dev0→dev1): PASSED (1000/318750000 samples)
    -> elapsed=0.019134s  bandwidth=133.270307 GB/s  status=ok

>>> Running: framework=acc  version=v2  N=318750000
Elapsed time:      0.020169 s
Total transferred: 4.749745 GB
P2P Bandwidth:     252.863058 GB/s
Verification d_C (dev0→dev1): PASSED (1000/318750000 samples)
Verification d_D (dev1→dev0): PASSED (1000/318750000 samples)
    -> elapsed=0.020169s  bandwidth=252.863058 GB/s  status=ok

>>> Running: framework=acc  version=v4  N=318750000
Elapsed time:      0.020217 s
Total transferred: 7.124618 GB
P2P Bandwidth:     378.395509 GB/s
Verification d_B1 (dev1→dev0): PASSED (1000/318750000 samples)
Verification d_C1 (dev2→dev0): PASSED (1000/318750000 samples)
Verification d_D1 (dev3→dev0): PASSED (1000/318750000 samples)
    -> elapsed=0.020217s  bandwidth=378.395509 GB/s  status=ok

===========================
N = 418750000
===========================

>>> Running: framework=omp_off  version=v1  N=418750000
omp_get_num_devices()    = 4
omp_get_initial_device() = 4
Elapsed time:      0.025467 seconds
Total transferred: 3.119931 GB
P2P Bandwidth:     131.541968 GB/s
Verification:      PASS
    -> elapsed=0.025467s  bandwidth=131.541968 GB/s  status=ok

>>> Running: framework=omp_off  version=v2  N=418750000
omp_get_num_devices()    = 4
omp_get_initial_device() = 4
Elapsed time:      0.026128 seconds
Total transferred: 6.239861 GB
P2P Bandwidth:     256.429357 GB/s
Verification:      PASS
    -> elapsed=0.026128s  bandwidth=256.429357 GB/s  status=ok

>>> Running: framework=omp_off  version=v4  N=418750000
omp_get_num_devices()    = 4
omp_get_initial_device() = 4
Elapsed time:      0.026026 seconds
Total transferred: 9.359792 GB
P2P Bandwidth:     386.152153 GB/s
Verification:      PASS
    -> elapsed=0.026026s  bandwidth=386.152153 GB/s  status=ok

>>> Running: framework=cuda  version=v1  N=418750000
Elapsed time:      0.025136 s
Total transferred: 3.119931 GB
P2P Bandwidth:     133.277052 GB/s
Verification d_B (dev0→dev1): PASSED (1000/418750000 samples)
    -> elapsed=0.025136s  bandwidth=133.277052 GB/s  status=ok

>>> Running: framework=cuda  version=v2  N=418750000
Elapsed time:      0.025685 s
Total transferred: 6.239861 GB
P2P Bandwidth:     260.857655 GB/s
Verification d_C (dev0→dev1): PASSED (1000/418750000 samples)
Verification d_D (dev1→dev0): PASSED (1000/418750000 samples)
    -> elapsed=0.025685s  bandwidth=260.857655 GB/s  status=ok

>>> Running: framework=cuda  version=v4  N=418750000
Elapsed time:      0.025667 s
Total transferred: 9.359792 GB
P2P Bandwidth:     391.560938 GB/s
Verification d_B1 (dev1→dev0): PASSED (1000/418750000 samples)
Verification d_C1 (dev2→dev0): PASSED (1000/418750000 samples)
Verification d_D1 (dev3→dev0): PASSED (1000/418750000 samples)
    -> elapsed=0.025667s  bandwidth=391.560938 GB/s  status=ok

>>> Running: framework=acc  version=v1  N=418750000
Elapsed time:      0.025134 s
Total transferred: 3.119931 GB
P2P Bandwidth:     133.285130 GB/s
Verification d_B (dev0→dev1): PASSED (1000/418750000 samples)
    -> elapsed=0.025134s  bandwidth=133.285130 GB/s  status=ok

>>> Running: framework=acc  version=v2  N=418750000
Elapsed time:      0.026190 s
Total transferred: 6.239861 GB
P2P Bandwidth:     255.822418 GB/s
Verification d_C (dev0→dev1): PASSED (1000/418750000 samples)
Verification d_D (dev1→dev0): PASSED (1000/418750000 samples)
    -> elapsed=0.026190s  bandwidth=255.822418 GB/s  status=ok

>>> Running: framework=acc  version=v4  N=418750000
Elapsed time:      0.026232 s
Total transferred: 9.359792 GB
P2P Bandwidth:     383.119793 GB/s
Verification d_B1 (dev1→dev0): PASSED (1000/418750000 samples)
Verification d_C1 (dev2→dev0): PASSED (1000/418750000 samples)
Verification d_D1 (dev3→dev0): PASSED (1000/418750000 samples)
    -> elapsed=0.026232s  bandwidth=383.119793 GB/s  status=ok

===========================
N = 520000000
===========================

>>> Running: framework=omp_off  version=v1  N=520000000
omp_get_num_devices()    = 4
omp_get_initial_device() = 4
Elapsed time:      0.031477 seconds
Total transferred: 3.874302 GB
P2P Bandwidth:     132.160097 GB/s
Verification:      PASS
    -> elapsed=0.031477s  bandwidth=132.160097 GB/s  status=ok

>>> Running: framework=omp_off  version=v2  N=520000000
omp_get_num_devices()    = 4
omp_get_initial_device() = 4
Elapsed time:      0.032214 seconds
Total transferred: 7.748604 GB
P2P Bandwidth:     258.273391 GB/s
Verification:      PASS
    -> elapsed=0.032214s  bandwidth=258.273391 GB/s  status=ok

>>> Running: framework=omp_off  version=v4  N=520000000
omp_get_num_devices()    = 4
omp_get_initial_device() = 4
Elapsed time:      0.032066 seconds
Total transferred: 11.622906 GB
P2P Bandwidth:     389.195984 GB/s
Verification:      PASS
    -> elapsed=0.032066s  bandwidth=389.195984 GB/s  status=ok

>>> Running: framework=cuda  version=v1  N=520000000
Elapsed time:      0.031210 s
Total transferred: 3.874302 GB
P2P Bandwidth:     133.289104 GB/s
Verification d_B (dev0→dev1): PASSED (1000/520000000 samples)
    -> elapsed=0.031210s  bandwidth=133.289104 GB/s  status=ok

>>> Running: framework=cuda  version=v2  N=520000000
Elapsed time:      0.031816 s
Total transferred: 7.748604 GB
P2P Bandwidth:     261.504862 GB/s
Verification d_C (dev0→dev1): PASSED (1000/520000000 samples)
Verification d_D (dev1→dev0): PASSED (1000/520000000 samples)
    -> elapsed=0.031816s  bandwidth=261.504862 GB/s  status=ok

>>> Running: framework=cuda  version=v4  N=520000000
Elapsed time:      0.031714 s
Total transferred: 11.622906 GB
P2P Bandwidth:     393.520086 GB/s
Verification d_B1 (dev1→dev0): PASSED (1000/520000000 samples)
Verification d_C1 (dev2→dev0): PASSED (1000/520000000 samples)
Verification d_D1 (dev3→dev0): PASSED (1000/520000000 samples)
    -> elapsed=0.031714s  bandwidth=393.520086 GB/s  status=ok

>>> Running: framework=acc  version=v1  N=520000000
Elapsed time:      0.031210 s
Total transferred: 3.874302 GB
P2P Bandwidth:     133.290844 GB/s
Verification d_B (dev0→dev1): PASSED (1000/520000000 samples)
    -> elapsed=0.031210s  bandwidth=133.290844 GB/s  status=ok

>>> Running: framework=acc  version=v2  N=520000000
Elapsed time:      0.032301 s
Total transferred: 7.748604 GB
P2P Bandwidth:     257.575670 GB/s
Verification d_C (dev0→dev1): PASSED (1000/520000000 samples)
Verification d_D (dev1→dev0): PASSED (1000/520000000 samples)
    -> elapsed=0.032301s  bandwidth=257.575670 GB/s  status=ok

>>> Running: framework=acc  version=v4  N=520000000
Elapsed time:      0.032332 s
Total transferred: 11.622906 GB
P2P Bandwidth:     385.995973 GB/s
Verification d_B1 (dev1→dev0): PASSED (1000/520000000 samples)
Verification d_C1 (dev2→dev0): PASSED (1000/520000000 samples)
Verification d_D1 (dev3→dev0): PASSED (1000/520000000 samples)
    -> elapsed=0.032332s  bandwidth=385.995973 GB/s  status=ok

===========================
N = 1240000000
===========================

>>> Running: framework=omp_off  version=v1  N=1240000000
omp_get_num_devices()    = 4
omp_get_initial_device() = 4
Elapsed time:      0.075144 seconds
Total transferred: 9.238720 GB
P2P Bandwidth:     132.013109 GB/s
Verification:      PASS
    -> elapsed=0.075144s  bandwidth=132.013109 GB/s  status=ok

>>> Running: framework=omp_off  version=v2  N=1240000000
omp_get_num_devices()    = 4
omp_get_initial_device() = 4
Elapsed time:      0.076118 seconds
Total transferred: 18.477440 GB
P2P Bandwidth:     260.647967 GB/s
Verification:      PASS
    -> elapsed=0.076118s  bandwidth=260.647967 GB/s  status=ok

>>> Running: framework=omp_off  version=v4  N=1240000000
omp_get_num_devices()    = 4
omp_get_initial_device() = 4
Elapsed time:      0.075453 seconds
Total transferred: 27.716160 GB
P2P Bandwidth:     394.417492 GB/s
Verification:      PASS
    -> elapsed=0.075453s  bandwidth=394.417492 GB/s  status=ok

>>> Running: framework=cuda  version=v1  N=1240000000
Elapsed time:      0.074880 s
Total transferred: 9.238720 GB
P2P Bandwidth:     132.479354 GB/s
Verification d_B (dev0→dev1): PASSED (1000/1240000000 samples)
    -> elapsed=0.074880s  bandwidth=132.479354 GB/s  status=ok

>>> Running: framework=cuda  version=v2  N=1240000000
Elapsed time:      0.075689 s
Total transferred: 18.477440 GB
P2P Bandwidth:     262.126446 GB/s
Verification d_C (dev0→dev1): PASSED (1000/1240000000 samples)
Verification d_D (dev1→dev0): PASSED (1000/1240000000 samples)
    -> elapsed=0.075689s  bandwidth=262.126446 GB/s  status=ok

>>> Running: framework=cuda  version=v4  N=1240000000
Elapsed time:      0.075248 s
Total transferred: 27.716160 GB
P2P Bandwidth:     395.491619 GB/s
Verification d_B1 (dev1→dev0): PASSED (1000/1240000000 samples)
Verification d_C1 (dev2→dev0): PASSED (1000/1240000000 samples)
Verification d_D1 (dev3→dev0): PASSED (1000/1240000000 samples)
    -> elapsed=0.075248s  bandwidth=395.491619 GB/s  status=ok

>>> Running: framework=acc  version=v1  N=1240000000
Elapsed time:      0.074879 s
Total transferred: 9.238720 GB
P2P Bandwidth:     132.480524 GB/s
Verification d_B (dev0→dev1): PASSED (1000/1240000000 samples)
    -> elapsed=0.074879s  bandwidth=132.480524 GB/s  status=ok

>>> Running: framework=acc  version=v2  N=1240000000
Elapsed time:      0.076176 s
Total transferred: 18.477440 GB
P2P Bandwidth:     260.449731 GB/s
Verification d_C (dev0→dev1): PASSED (1000/1240000000 samples)
Verification d_D (dev1→dev0): PASSED (1000/1240000000 samples)
    -> elapsed=0.076176s  bandwidth=260.449731 GB/s  status=ok

>>> Running: framework=acc  version=v4  N=1240000000
Elapsed time:      0.076946 s
Total transferred: 27.716160 GB
P2P Bandwidth:     386.764643 GB/s
Verification d_B1 (dev1→dev0): PASSED (1000/1240000000 samples)
Verification d_C1 (dev2→dev0): PASSED (1000/1240000000 samples)
Verification d_D1 (dev3→dev0): PASSED (1000/1240000000 samples)
    -> elapsed=0.076946s  bandwidth=386.764643 GB/s  status=ok

===========================
N = 58750000  (4-to-4)
===========================

>>> Running: framework=omp_off  version=v4_4  N=58750000
omp_get_num_devices()    = 4
omp_get_initial_device() = 4
Elapsed time:      0.009893 seconds
Total transferred: 5.252659 GB
P2P Bandwidth:     570.103498 GB/s
Verification:      PASS
    -> elapsed=0.009893s  bandwidth=570.103498 GB/s  status=ok

>>> Running: framework=cuda  version=v4_4  N=58750000
Elapsed time:      0.004119 s
Total transferred: 5.252659 GB
P2P Bandwidth:     1369.288985 GB/s
Verification d_A2  (dev0→dev1): PASSED (1000/58750000 samples)
Verification d_A3  (dev0→dev2): PASSED (1000/58750000 samples)
Verification d_A4  (dev0→dev3): PASSED (1000/58750000 samples)
Verification d_B1  (dev1→dev0): PASSED (1000/58750000 samples)
Verification d_B3  (dev1→dev2): PASSED (1000/58750000 samples)
Verification d_B4  (dev1→dev3): PASSED (1000/58750000 samples)
Verification d_C1  (dev2→dev0): PASSED (1000/58750000 samples)
Verification d_C2  (dev2→dev1): PASSED (1000/58750000 samples)
Verification d_C4  (dev2→dev3): PASSED (1000/58750000 samples)
Verification d_D1  (dev3→dev0): PASSED (1000/58750000 samples)
Verification d_D2  (dev3→dev1): PASSED (1000/58750000 samples)
Verification d_D3  (dev3→dev2): PASSED (1000/58750000 samples)
    -> elapsed=0.004119s  bandwidth=1369.288985 GB/s  status=ok

>>> Running: framework=acc  version=v4_4  N=58750000
Elapsed time:      0.005400 s
Total transferred: 5.252659 GB
P2P Bandwidth:     1044.409473 GB/s
Verification d_C1 (dev2→dev0): PASSED (1000/58750000 samples)
Verification d_D1 (dev3→dev0): PASSED (1000/58750000 samples)
Verification d_A2 (dev0→dev1): PASSED (1000/58750000 samples)
Verification d_C2 (dev2→dev1): PASSED (1000/58750000 samples)
Verification d_D2 (dev3→dev1): PASSED (1000/58750000 samples)
Verification d_A3 (dev0→dev2): PASSED (1000/58750000 samples)
Verification d_B3 (dev1→dev2): PASSED (1000/58750000 samples)
Verification d_D3 (dev3→dev2): PASSED (1000/58750000 samples)
Verification d_A4 (dev0→dev3): PASSED (1000/58750000 samples)
Verification d_B4 (dev1→dev3): PASSED (1000/58750000 samples)
Verification d_C4 (dev2→dev3): PASSED (1000/58750000 samples)
    -> elapsed=0.005400s  bandwidth=1044.409473 GB/s  status=ok

===========================
N = 108750000  (4-to-4)
===========================

>>> Running: framework=omp_off  version=v4_4  N=108750000
omp_get_num_devices()    = 4
omp_get_initial_device() = 4
Elapsed time:      0.020421 seconds
Total transferred: 9.723008 GB
P2P Bandwidth:     511.237727 GB/s
Verification:      PASS
    -> elapsed=0.020421s  bandwidth=511.237727 GB/s  status=ok

>>> Running: framework=cuda  version=v4_4  N=108750000
Elapsed time:      0.007195 s
Total transferred: 9.723008 GB
P2P Bandwidth:     1450.938072 GB/s
Verification d_A2  (dev0→dev1): PASSED (1000/108750000 samples)
Verification d_A3  (dev0→dev2): PASSED (1000/108750000 samples)
Verification d_A4  (dev0→dev3): PASSED (1000/108750000 samples)
Verification d_B1  (dev1→dev0): PASSED (1000/108750000 samples)
Verification d_B3  (dev1→dev2): PASSED (1000/108750000 samples)
Verification d_B4  (dev1→dev3): PASSED (1000/108750000 samples)
Verification d_C1  (dev2→dev0): PASSED (1000/108750000 samples)
Verification d_C2  (dev2→dev1): PASSED (1000/108750000 samples)
Verification d_C4  (dev2→dev3): PASSED (1000/108750000 samples)
Verification d_D1  (dev3→dev0): PASSED (1000/108750000 samples)
Verification d_D2  (dev3→dev1): PASSED (1000/108750000 samples)
Verification d_D3  (dev3→dev2): PASSED (1000/108750000 samples)
    -> elapsed=0.007195s  bandwidth=1450.938072 GB/s  status=ok

>>> Running: framework=acc  version=v4_4  N=108750000
Elapsed time:      0.008877 s
Total transferred: 9.723008 GB
P2P Bandwidth:     1176.099424 GB/s
Verification d_C1 (dev2→dev0): PASSED (1000/108750000 samples)
Verification d_D1 (dev3→dev0): PASSED (1000/108750000 samples)
Verification d_A2 (dev0→dev1): PASSED (1000/108750000 samples)
Verification d_C2 (dev2→dev1): PASSED (1000/108750000 samples)
Verification d_D2 (dev3→dev1): PASSED (1000/108750000 samples)
Verification d_A3 (dev0→dev2): PASSED (1000/108750000 samples)
Verification d_B3 (dev1→dev2): PASSED (1000/108750000 samples)
Verification d_D3 (dev3→dev2): PASSED (1000/108750000 samples)
Verification d_A4 (dev0→dev3): PASSED (1000/108750000 samples)
Verification d_B4 (dev1→dev3): PASSED (1000/108750000 samples)
Verification d_C4 (dev2→dev3): PASSED (1000/108750000 samples)
    -> elapsed=0.008877s  bandwidth=1176.099424 GB/s  status=ok

===========================
N = 159375000  (4-to-4)
===========================

>>> Running: framework=omp_off  version=v4_4  N=159375000
omp_get_num_devices()    = 4
omp_get_initial_device() = 4
Elapsed time:      0.029749 seconds
Total transferred: 14.249235 GB
P2P Bandwidth:     514.304443 GB/s
Verification:      PASS
    -> elapsed=0.029749s  bandwidth=514.304443 GB/s  status=ok

>>> Running: framework=cuda  version=v4_4  N=159375000
Elapsed time:      0.010198 s
Total transferred: 14.249235 GB
P2P Bandwidth:     1500.350523 GB/s
Verification d_A2  (dev0→dev1): PASSED (1000/159375000 samples)
Verification d_A3  (dev0→dev2): PASSED (1000/159375000 samples)
Verification d_A4  (dev0→dev3): PASSED (1000/159375000 samples)
Verification d_B1  (dev1→dev0): PASSED (1000/159375000 samples)
Verification d_B3  (dev1→dev2): PASSED (1000/159375000 samples)
Verification d_B4  (dev1→dev3): PASSED (1000/159375000 samples)
Verification d_C1  (dev2→dev0): PASSED (1000/159375000 samples)
Verification d_C2  (dev2→dev1): PASSED (1000/159375000 samples)
Verification d_C4  (dev2→dev3): PASSED (1000/159375000 samples)
Verification d_D1  (dev3→dev0): PASSED (1000/159375000 samples)
Verification d_D2  (dev3→dev1): PASSED (1000/159375000 samples)
Verification d_D3  (dev3→dev2): PASSED (1000/159375000 samples)
    -> elapsed=0.010198s  bandwidth=1500.350523 GB/s  status=ok

>>> Running: framework=acc  version=v4_4  N=159375000
Elapsed time:      0.012532 s
Total transferred: 14.249235 GB
P2P Bandwidth:     1220.874973 GB/s
Verification d_C1 (dev2→dev0): PASSED (1000/159375000 samples)
Verification d_D1 (dev3→dev0): PASSED (1000/159375000 samples)
Verification d_A2 (dev0→dev1): PASSED (1000/159375000 samples)
Verification d_C2 (dev2→dev1): PASSED (1000/159375000 samples)
Verification d_D2 (dev3→dev1): PASSED (1000/159375000 samples)
Verification d_A3 (dev0→dev2): PASSED (1000/159375000 samples)
Verification d_B3 (dev1→dev2): PASSED (1000/159375000 samples)
Verification d_D3 (dev3→dev2): PASSED (1000/159375000 samples)
Verification d_A4 (dev0→dev3): PASSED (1000/159375000 samples)
Verification d_B4 (dev1→dev3): PASSED (1000/159375000 samples)
Verification d_C4 (dev2→dev3): PASSED (1000/159375000 samples)
    -> elapsed=0.012532s  bandwidth=1220.874973 GB/s  status=ok

===========================
N = 209375000  (4-to-4)
===========================

>>> Running: framework=omp_off  version=v4_4  N=209375000
omp_get_num_devices()    = 4
omp_get_initial_device() = 4
Elapsed time:      0.035749 seconds
Total transferred: 18.719584 GB
P2P Bandwidth:     562.254141 GB/s
Verification:      PASS
    -> elapsed=0.035749s  bandwidth=562.254141 GB/s  status=ok

>>> Running: framework=cuda  version=v4_4  N=209375000
Elapsed time:      0.013223 s
Total transferred: 18.719584 GB
P2P Bandwidth:     1520.060948 GB/s
Verification d_A2  (dev0→dev1): PASSED (1000/209375000 samples)
Verification d_A3  (dev0→dev2): PASSED (1000/209375000 samples)
Verification d_A4  (dev0→dev3): PASSED (1000/209375000 samples)
Verification d_B1  (dev1→dev0): PASSED (1000/209375000 samples)
Verification d_B3  (dev1→dev2): PASSED (1000/209375000 samples)
Verification d_B4  (dev1→dev3): PASSED (1000/209375000 samples)
Verification d_C1  (dev2→dev0): PASSED (1000/209375000 samples)
Verification d_C2  (dev2→dev1): PASSED (1000/209375000 samples)
Verification d_C4  (dev2→dev3): PASSED (1000/209375000 samples)
Verification d_D1  (dev3→dev0): PASSED (1000/209375000 samples)
Verification d_D2  (dev3→dev1): PASSED (1000/209375000 samples)
Verification d_D3  (dev3→dev2): PASSED (1000/209375000 samples)
    -> elapsed=0.013223s  bandwidth=1520.060948 GB/s  status=ok

>>> Running: framework=acc  version=v4_4  N=209375000
Elapsed time:      0.016024 s
Total transferred: 18.719584 GB
P2P Bandwidth:     1254.359625 GB/s
Verification d_C1 (dev2→dev0): PASSED (1000/209375000 samples)
Verification d_D1 (dev3→dev0): PASSED (1000/209375000 samples)
Verification d_A2 (dev0→dev1): PASSED (1000/209375000 samples)
Verification d_C2 (dev2→dev1): PASSED (1000/209375000 samples)
Verification d_D2 (dev3→dev1): PASSED (1000/209375000 samples)
Verification d_A3 (dev0→dev2): PASSED (1000/209375000 samples)
Verification d_B3 (dev1→dev2): PASSED (1000/209375000 samples)
Verification d_D3 (dev3→dev2): PASSED (1000/209375000 samples)
Verification d_A4 (dev0→dev3): PASSED (1000/209375000 samples)
Verification d_B4 (dev1→dev3): PASSED (1000/209375000 samples)
Verification d_C4 (dev2→dev3): PASSED (1000/209375000 samples)
    -> elapsed=0.016024s  bandwidth=1254.359625 GB/s  status=ok

===========================
N = 260000000  (4-to-4)
===========================

>>> Running: framework=omp_off  version=v4_4  N=260000000
omp_get_num_devices()    = 4
omp_get_initial_device() = 4
Elapsed time:      0.046699 seconds
Total transferred: 23.245811 GB
P2P Bandwidth:     534.489010 GB/s
Verification:      PASS
    -> elapsed=0.046699s  bandwidth=534.489010 GB/s  status=ok

>>> Running: framework=cuda  version=v4_4  N=260000000
Elapsed time:      0.016273 s
Total transferred: 23.245811 GB
P2P Bandwidth:     1533.791246 GB/s
Verification d_A2  (dev0→dev1): PASSED (1000/260000000 samples)
Verification d_A3  (dev0→dev2): PASSED (1000/260000000 samples)
Verification d_A4  (dev0→dev3): PASSED (1000/260000000 samples)
Verification d_B1  (dev1→dev0): PASSED (1000/260000000 samples)
Verification d_B3  (dev1→dev2): PASSED (1000/260000000 samples)
Verification d_B4  (dev1→dev3): PASSED (1000/260000000 samples)
Verification d_C1  (dev2→dev0): PASSED (1000/260000000 samples)
Verification d_C2  (dev2→dev1): PASSED (1000/260000000 samples)
Verification d_C4  (dev2→dev3): PASSED (1000/260000000 samples)
Verification d_D1  (dev3→dev0): PASSED (1000/260000000 samples)
Verification d_D2  (dev3→dev1): PASSED (1000/260000000 samples)
Verification d_D3  (dev3→dev2): PASSED (1000/260000000 samples)
    -> elapsed=0.016273s  bandwidth=1533.791246 GB/s  status=ok

>>> Running: framework=acc  version=v4_4  N=260000000
Elapsed time:      0.019617 s
Total transferred: 23.245811 GB
P2P Bandwidth:     1272.376036 GB/s
Verification d_C1 (dev2→dev0): PASSED (1000/260000000 samples)
Verification d_D1 (dev3→dev0): PASSED (1000/260000000 samples)
Verification d_A2 (dev0→dev1): PASSED (1000/260000000 samples)
Verification d_C2 (dev2→dev1): PASSED (1000/260000000 samples)
Verification d_D2 (dev3→dev1): PASSED (1000/260000000 samples)
Verification d_A3 (dev0→dev2): PASSED (1000/260000000 samples)
Verification d_B3 (dev1→dev2): PASSED (1000/260000000 samples)
Verification d_D3 (dev3→dev2): PASSED (1000/260000000 samples)
Verification d_A4 (dev0→dev3): PASSED (1000/260000000 samples)
Verification d_B4 (dev1→dev3): PASSED (1000/260000000 samples)
Verification d_C4 (dev2→dev3): PASSED (1000/260000000 samples)
    -> elapsed=0.019617s  bandwidth=1272.376036 GB/s  status=ok

===========================
N = 310000000  (4-to-4)
===========================

>>> Running: framework=omp_off  version=v4_4  N=310000000
omp_get_num_devices()    = 4
omp_get_initial_device() = 4
Elapsed time:      0.048108 seconds
Total transferred: 27.716160 GB
P2P Bandwidth:     618.606834 GB/s
Verification:      PASS
    -> elapsed=0.048108s  bandwidth=618.606834 GB/s  status=ok

>>> Running: framework=cuda  version=v4_4  N=310000000
Elapsed time:      0.019238 s
Total transferred: 27.716160 GB
P2P Bandwidth:     1546.911093 GB/s
Verification d_A2  (dev0→dev1): PASSED (1000/310000000 samples)
Verification d_A3  (dev0→dev2): PASSED (1000/310000000 samples)
Verification d_A4  (dev0→dev3): PASSED (1000/310000000 samples)
Verification d_B1  (dev1→dev0): PASSED (1000/310000000 samples)
Verification d_B3  (dev1→dev2): PASSED (1000/310000000 samples)
Verification d_B4  (dev1→dev3): PASSED (1000/310000000 samples)
Verification d_C1  (dev2→dev0): PASSED (1000/310000000 samples)
Verification d_C2  (dev2→dev1): PASSED (1000/310000000 samples)
Verification d_C4  (dev2→dev3): PASSED (1000/310000000 samples)
Verification d_D1  (dev3→dev0): PASSED (1000/310000000 samples)
Verification d_D2  (dev3→dev1): PASSED (1000/310000000 samples)
Verification d_D3  (dev3→dev2): PASSED (1000/310000000 samples)
    -> elapsed=0.019238s  bandwidth=1546.911093 GB/s  status=ok

>>> Running: framework=acc  version=v4_4  N=310000000
Elapsed time:      0.023122 s
Total transferred: 27.716160 GB
P2P Bandwidth:     1287.081872 GB/s
Verification d_C1 (dev2→dev0): PASSED (1000/310000000 samples)
Verification d_D1 (dev3→dev0): PASSED (1000/310000000 samples)
Verification d_A2 (dev0→dev1): PASSED (1000/310000000 samples)
Verification d_C2 (dev2→dev1): PASSED (1000/310000000 samples)
Verification d_D2 (dev3→dev1): PASSED (1000/310000000 samples)
Verification d_A3 (dev0→dev2): PASSED (1000/310000000 samples)
Verification d_B3 (dev1→dev2): PASSED (1000/310000000 samples)
Verification d_D3 (dev3→dev2): PASSED (1000/310000000 samples)
Verification d_A4 (dev0→dev3): PASSED (1000/310000000 samples)
Verification d_B4 (dev1→dev3): PASSED (1000/310000000 samples)
Verification d_C4 (dev2→dev3): PASSED (1000/310000000 samples)
    -> elapsed=0.023122s  bandwidth=1287.081872 GB/s  status=ok
