unload bsc/1.0 (PATH, MANPATH)
load bsc/1.0 (PATH, MANPATH)
unload bsc/1.0 (PATH, MANPATH)
load EB/apps (PATH)
load CUDA/12.8 (PATH, MANPATH, LD_LIBRARY_PATH, LIBRARY_PATH, C_INCLUDE_PATH,
CPLUS_INCLUDE_PATH, CUDA_HOME, CUDA_VERSION, CUDA_INC, CUDA_INSTALL_PATH) 
load CLANG/18.1.8 (PATH, LD_LIBRARY_PATH, LIBRARY_PATH, C_INCLUDE_PATH,
CPLUS_INCLUDE_PATH, HDF5_DIR, HDF5_ROOT) 
unload CLANG/18.1.8 (PATH, LD_LIBRARY_PATH, LIBRARY_PATH, C_INCLUDE_PATH,
CPLUS_INCLUDE_PATH, HDF5_DIR, HDF5_ROOT) 
unload CUDA/12.8 (PATH, MANPATH, LD_LIBRARY_PATH, LIBRARY_PATH, C_INCLUDE_PATH,
CPLUS_INCLUDE_PATH, CUDA_HOME, CUDA_VERSION, CUDA_INC, CUDA_INSTALL_PATH) 
unload EB/apps (PATH)
load EB/apps (PATH)
============================================================
Job ID     : 38481354
Timestamp  : 20260401_215927
Results dir: results_38481354_20260401_215927
CLEAN_LD_PATH: /apps/ACC/CLANG/18.1.8/lib:/apps/ACC/CUDA/12.8/extras/CUPTI/lib64:/apps/ACC/CUDA/12.8/nvvm/lib64:/apps/ACC/CUDA/12.8/lib64:/apps/ACC/EASYBUILD/software/binutils/2.40-GCCcore-13.2.0/lib:/apps/ACC/EASYBUILD/software/zlib/1.2.13-GCCcore-13.2.0/lib:/apps/ACC/EASYBUILD/software/GCCcore/13.2.0/lib64
============================================================

============================================================
Starting benchmarks
============================================================

===========================
N = 117500000
===========================

>>> Running: framework=omp_off  version=v1  N=117500000
omp_get_num_devices()    = 4
omp_get_initial_device() = 4
Elapsed time:      0.007147 seconds
Total transferred: 0.875443 GB
P2P Bandwidth:     131.522359 GB/s
Verification:      PASS
    -> elapsed=0.007147s  bandwidth=131.522359 GB/s  status=ok

>>> Running: framework=omp_off  version=v2  N=117500000
omp_get_num_devices()    = 4
omp_get_initial_device() = 4
Elapsed time:      0.007741 seconds
Total transferred: 1.750886 GB
P2P Bandwidth:     242.863482 GB/s
Verification:      PASS
    -> elapsed=0.007741s  bandwidth=242.863482 GB/s  status=ok

>>> Running: framework=omp_off  version=v4  N=117500000
omp_get_num_devices()    = 4
omp_get_initial_device() = 4
Elapsed time:      0.007501 seconds
Total transferred: 2.626330 GB
P2P Bandwidth:     375.955541 GB/s
Verification:      PASS
    -> elapsed=0.007501s  bandwidth=375.955541 GB/s  status=ok

>>> Running: framework=cuda  version=v1  N=117500000
Elapsed time:      0.007063 s
Total transferred: 0.875443 GB
P2P Bandwidth:     133.096158 GB/s
Verification d_B (dev0→dev1): PASSED (1000/117500000 samples)
    -> elapsed=0.007063s  bandwidth=133.096158 GB/s  status=ok

>>> Running: framework=cuda  version=v2  N=117500000
Elapsed time:      0.007553 s
Total transferred: 1.750886 GB
P2P Bandwidth:     248.923241 GB/s
Verification d_C (dev0→dev1): PASSED (1000/117500000 samples)
Verification d_D (dev1→dev0): PASSED (1000/117500000 samples)
    -> elapsed=0.007553s  bandwidth=248.923241 GB/s  status=ok

>>> Running: framework=cuda  version=v4  N=117500000
Elapsed time:      0.007581 s
Total transferred: 2.626330 GB
P2P Bandwidth:     372.004326 GB/s
Verification d_B1 (dev1→dev0): PASSED (1000/117500000 samples)
Verification d_C1 (dev2→dev0): PASSED (1000/117500000 samples)
Verification d_D1 (dev3→dev0): PASSED (1000/117500000 samples)
    -> elapsed=0.007581s  bandwidth=372.004326 GB/s  status=ok

>>> Running: framework=acc  version=v1  N=117500000
Elapsed time:      0.007060 s
Total transferred: 0.875443 GB
P2P Bandwidth:     133.148011 GB/s
Verification d_B (dev0→dev1): PASSED (1000/117500000 samples)
    -> elapsed=0.007060s  bandwidth=133.148011 GB/s  status=ok

>>> Running: framework=acc  version=v2  N=117500000
Elapsed time:      0.008054 s
Total transferred: 1.750886 GB
P2P Bandwidth:     233.430773 GB/s
Verification d_C (dev0→dev1): PASSED (1000/117500000 samples)
Verification d_D (dev1→dev0): PASSED (1000/117500000 samples)
    -> elapsed=0.008054s  bandwidth=233.430773 GB/s  status=ok

>>> Running: framework=acc  version=v4  N=117500000
Elapsed time:      0.008130 s
Total transferred: 2.626330 GB
P2P Bandwidth:     346.860331 GB/s
Verification d_B1 (dev1→dev0): PASSED (1000/117500000 samples)
Verification d_C1 (dev2→dev0): PASSED (1000/117500000 samples)
Verification d_D1 (dev3→dev0): PASSED (1000/117500000 samples)
    -> elapsed=0.008130s  bandwidth=346.860331 GB/s  status=ok

===========================
N = 217500000
===========================

>>> Running: framework=omp_off  version=v1  N=217500000
omp_get_num_devices()    = 4
omp_get_initial_device() = 4
Elapsed time:      0.013405 seconds
Total transferred: 1.620501 GB
P2P Bandwidth:     129.803802 GB/s
Verification:      PASS
    -> elapsed=0.013405s  bandwidth=129.803802 GB/s  status=ok

>>> Running: framework=omp_off  version=v2  N=217500000
omp_get_num_devices()    = 4
omp_get_initial_device() = 4
Elapsed time:      0.013986 seconds
Total transferred: 3.241003 GB
P2P Bandwidth:     248.822521 GB/s
Verification:      PASS
    -> elapsed=0.013986s  bandwidth=248.822521 GB/s  status=ok

>>> Running: framework=omp_off  version=v4  N=217500000
omp_get_num_devices()    = 4
omp_get_initial_device() = 4
Elapsed time:      0.013924 seconds
Total transferred: 4.861504 GB
P2P Bandwidth:     374.895411 GB/s
Verification:      PASS
    -> elapsed=0.013924s  bandwidth=374.895411 GB/s  status=ok

>>> Running: framework=cuda  version=v1  N=217500000
Elapsed time:      0.013059 s
Total transferred: 1.620501 GB
P2P Bandwidth:     133.240453 GB/s
Verification d_B (dev0→dev1): PASSED (1000/217500000 samples)
    -> elapsed=0.013059s  bandwidth=133.240453 GB/s  status=ok

>>> Running: framework=cuda  version=v2  N=217500000
Elapsed time:      0.013622 s
Total transferred: 3.241003 GB
P2P Bandwidth:     255.464012 GB/s
Verification d_C (dev0→dev1): PASSED (1000/217500000 samples)
Verification d_D (dev1→dev0): PASSED (1000/217500000 samples)
    -> elapsed=0.013622s  bandwidth=255.464012 GB/s  status=ok

>>> Running: framework=cuda  version=v4  N=217500000
Elapsed time:      0.013728 s
Total transferred: 4.861504 GB
P2P Bandwidth:     380.245642 GB/s
Verification d_B1 (dev1→dev0): PASSED (1000/217500000 samples)
Verification d_C1 (dev2→dev0): PASSED (1000/217500000 samples)
Verification d_D1 (dev3→dev0): PASSED (1000/217500000 samples)
    -> elapsed=0.013728s  bandwidth=380.245642 GB/s  status=ok

>>> Running: framework=acc  version=v1  N=217500000
Elapsed time:      0.013060 s
Total transferred: 1.620501 GB
P2P Bandwidth:     133.230292 GB/s
Verification d_B (dev0→dev1): PASSED (1000/217500000 samples)
    -> elapsed=0.013060s  bandwidth=133.230292 GB/s  status=ok

>>> Running: framework=acc  version=v2  N=217500000
Elapsed time:      0.014045 s
Total transferred: 3.241003 GB
P2P Bandwidth:     247.775008 GB/s
Verification d_C (dev0→dev1): PASSED (1000/217500000 samples)
Verification d_D (dev1→dev0): PASSED (1000/217500000 samples)
    -> elapsed=0.014045s  bandwidth=247.775008 GB/s  status=ok

>>> Running: framework=acc  version=v4  N=217500000
Elapsed time:      0.014179 s
Total transferred: 4.861504 GB
P2P Bandwidth:     368.150307 GB/s
Verification d_B1 (dev1→dev0): PASSED (1000/217500000 samples)
Verification d_C1 (dev2→dev0): PASSED (1000/217500000 samples)
Verification d_D1 (dev3→dev0): PASSED (1000/217500000 samples)
    -> elapsed=0.014179s  bandwidth=368.150307 GB/s  status=ok

===========================
N = 318750000
===========================

>>> Running: framework=omp_off  version=v1  N=318750000
omp_get_num_devices()    = 4
omp_get_initial_device() = 4
Elapsed time:      0.019491 seconds
Total transferred: 2.374873 GB
P2P Bandwidth:     130.829901 GB/s
Verification:      PASS
    -> elapsed=0.019491s  bandwidth=130.829901 GB/s  status=ok

>>> Running: framework=omp_off  version=v2  N=318750000
omp_get_num_devices()    = 4
omp_get_initial_device() = 4
Elapsed time:      0.020108 seconds
Total transferred: 4.749745 GB
P2P Bandwidth:     253.630591 GB/s
Verification:      PASS
    -> elapsed=0.020108s  bandwidth=253.630591 GB/s  status=ok

>>> Running: framework=omp_off  version=v4  N=318750000
omp_get_num_devices()    = 4
omp_get_initial_device() = 4
Elapsed time:      0.020112 seconds
Total transferred: 7.124618 GB
P2P Bandwidth:     380.369216 GB/s
Verification:      PASS
    -> elapsed=0.020112s  bandwidth=380.369216 GB/s  status=ok

>>> Running: framework=cuda  version=v1  N=318750000
Elapsed time:      0.019135 s
Total transferred: 2.374873 GB
P2P Bandwidth:     133.262734 GB/s
Verification d_B (dev0→dev1): PASSED (1000/318750000 samples)
    -> elapsed=0.019135s  bandwidth=133.262734 GB/s  status=ok

>>> Running: framework=cuda  version=v2  N=318750000
Elapsed time:      0.019655 s
Total transferred: 4.749745 GB
P2P Bandwidth:     259.474337 GB/s
Verification d_C (dev0→dev1): PASSED (1000/318750000 samples)
Verification d_D (dev1→dev0): PASSED (1000/318750000 samples)
    -> elapsed=0.019655s  bandwidth=259.474337 GB/s  status=ok

>>> Running: framework=cuda  version=v4  N=318750000
Elapsed time:      0.019643 s
Total transferred: 7.124618 GB
P2P Bandwidth:     389.445389 GB/s
Verification d_B1 (dev1→dev0): PASSED (1000/318750000 samples)
Verification d_C1 (dev2→dev0): PASSED (1000/318750000 samples)
Verification d_D1 (dev3→dev0): PASSED (1000/318750000 samples)
    -> elapsed=0.019643s  bandwidth=389.445389 GB/s  status=ok

>>> Running: framework=acc  version=v1  N=318750000
Elapsed time:      0.019136 s
Total transferred: 2.374873 GB
P2P Bandwidth:     133.257023 GB/s
Verification d_B (dev0→dev1): PASSED (1000/318750000 samples)
    -> elapsed=0.019136s  bandwidth=133.257023 GB/s  status=ok

>>> Running: framework=acc  version=v2  N=318750000
Elapsed time:      0.020157 s
Total transferred: 4.749745 GB
P2P Bandwidth:     253.012602 GB/s
Verification d_C (dev0→dev1): PASSED (1000/318750000 samples)
Verification d_D (dev1→dev0): PASSED (1000/318750000 samples)
    -> elapsed=0.020157s  bandwidth=253.012602 GB/s  status=ok

>>> Running: framework=acc  version=v4  N=318750000
Elapsed time:      0.020199 s
Total transferred: 7.124618 GB
P2P Bandwidth:     378.730487 GB/s
Verification d_B1 (dev1→dev0): PASSED (1000/318750000 samples)
Verification d_C1 (dev2→dev0): PASSED (1000/318750000 samples)
Verification d_D1 (dev3→dev0): PASSED (1000/318750000 samples)
    -> elapsed=0.020199s  bandwidth=378.730487 GB/s  status=ok

===========================
N = 418750000
===========================

>>> Running: framework=omp_off  version=v1  N=418750000
omp_get_num_devices()    = 4
omp_get_initial_device() = 4
Elapsed time:      0.025472 seconds
Total transferred: 3.119931 GB
P2P Bandwidth:     131.516112 GB/s
Verification:      PASS
    -> elapsed=0.025472s  bandwidth=131.516112 GB/s  status=ok

>>> Running: framework=omp_off  version=v2  N=418750000
omp_get_num_devices()    = 4
omp_get_initial_device() = 4
Elapsed time:      0.026180 seconds
Total transferred: 6.239861 GB
P2P Bandwidth:     255.920267 GB/s
Verification:      PASS
    -> elapsed=0.026180s  bandwidth=255.920267 GB/s  status=ok

>>> Running: framework=omp_off  version=v4  N=418750000
omp_get_num_devices()    = 4
omp_get_initial_device() = 4
Elapsed time:      0.025998 seconds
Total transferred: 9.359792 GB
P2P Bandwidth:     386.570025 GB/s
Verification:      PASS
    -> elapsed=0.025998s  bandwidth=386.570025 GB/s  status=ok

>>> Running: framework=cuda  version=v1  N=418750000
Elapsed time:      0.025135 s
Total transferred: 3.119931 GB
P2P Bandwidth:     133.279910 GB/s
Verification d_B (dev0→dev1): PASSED (1000/418750000 samples)
    -> elapsed=0.025135s  bandwidth=133.279910 GB/s  status=ok

>>> Running: framework=cuda  version=v2  N=418750000
Elapsed time:      0.025713 s
Total transferred: 6.239861 GB
P2P Bandwidth:     260.570621 GB/s
Verification d_C (dev0→dev1): PASSED (1000/418750000 samples)
Verification d_D (dev1→dev0): PASSED (1000/418750000 samples)
    -> elapsed=0.025713s  bandwidth=260.570621 GB/s  status=ok

>>> Running: framework=cuda  version=v4  N=418750000
Elapsed time:      0.025667 s
Total transferred: 9.359792 GB
P2P Bandwidth:     391.550931 GB/s
Verification d_B1 (dev1→dev0): PASSED (1000/418750000 samples)
Verification d_C1 (dev2→dev0): PASSED (1000/418750000 samples)
Verification d_D1 (dev3→dev0): PASSED (1000/418750000 samples)
    -> elapsed=0.025667s  bandwidth=391.550931 GB/s  status=ok

>>> Running: framework=acc  version=v1  N=418750000
Elapsed time:      0.025135 s
Total transferred: 3.119931 GB
P2P Bandwidth:     133.280073 GB/s
Verification d_B (dev0→dev1): PASSED (1000/418750000 samples)
    -> elapsed=0.025135s  bandwidth=133.280073 GB/s  status=ok

>>> Running: framework=acc  version=v2  N=418750000
Elapsed time:      0.026162 s
Total transferred: 6.239861 GB
P2P Bandwidth:     256.097518 GB/s
Verification d_C (dev0→dev1): PASSED (1000/418750000 samples)
Verification d_D (dev1→dev0): PASSED (1000/418750000 samples)
    -> elapsed=0.026162s  bandwidth=256.097518 GB/s  status=ok

>>> Running: framework=acc  version=v4  N=418750000
Elapsed time:      0.026254 s
Total transferred: 9.359792 GB
P2P Bandwidth:     382.796229 GB/s
Verification d_B1 (dev1→dev0): PASSED (1000/418750000 samples)
Verification d_C1 (dev2→dev0): PASSED (1000/418750000 samples)
Verification d_D1 (dev3→dev0): PASSED (1000/418750000 samples)
    -> elapsed=0.026254s  bandwidth=382.796229 GB/s  status=ok

===========================
N = 520000000
===========================

>>> Running: framework=omp_off  version=v1  N=520000000
omp_get_num_devices()    = 4
omp_get_initial_device() = 4
Elapsed time:      0.031329 seconds
Total transferred: 3.874302 GB
P2P Bandwidth:     132.784675 GB/s
Verification:      PASS
    -> elapsed=0.031329s  bandwidth=132.784675 GB/s  status=ok

>>> Running: framework=omp_off  version=v2  N=520000000
omp_get_num_devices()    = 4
omp_get_initial_device() = 4
Elapsed time:      0.032294 seconds
Total transferred: 7.748604 GB
P2P Bandwidth:     257.632718 GB/s
Verification:      PASS
    -> elapsed=0.032294s  bandwidth=257.632718 GB/s  status=ok

>>> Running: framework=omp_off  version=v4  N=520000000
omp_get_num_devices()    = 4
omp_get_initial_device() = 4
Elapsed time:      0.031801 seconds
Total transferred: 11.622906 GB
P2P Bandwidth:     392.440670 GB/s
Verification:      PASS
    -> elapsed=0.031801s  bandwidth=392.440670 GB/s  status=ok

>>> Running: framework=cuda  version=v1  N=520000000
Elapsed time:      0.031210 s
Total transferred: 3.874302 GB
P2P Bandwidth:     133.291146 GB/s
Verification d_B (dev0→dev1): PASSED (1000/520000000 samples)
    -> elapsed=0.031210s  bandwidth=133.291146 GB/s  status=ok

>>> Running: framework=cuda  version=v2  N=520000000
Elapsed time:      0.031818 s
Total transferred: 7.748604 GB
P2P Bandwidth:     261.483124 GB/s
Verification d_C (dev0→dev1): PASSED (1000/520000000 samples)
Verification d_D (dev1→dev0): PASSED (1000/520000000 samples)
    -> elapsed=0.031818s  bandwidth=261.483124 GB/s  status=ok

>>> Running: framework=cuda  version=v4  N=520000000
Elapsed time:      0.031727 s
Total transferred: 11.622906 GB
P2P Bandwidth:     393.350610 GB/s
Verification d_B1 (dev1→dev0): PASSED (1000/520000000 samples)
Verification d_C1 (dev2→dev0): PASSED (1000/520000000 samples)
Verification d_D1 (dev3→dev0): PASSED (1000/520000000 samples)
    -> elapsed=0.031727s  bandwidth=393.350610 GB/s  status=ok

>>> Running: framework=acc  version=v1  N=520000000
Elapsed time:      0.031210 s
Total transferred: 3.874302 GB
P2P Bandwidth:     133.290844 GB/s
Verification d_B (dev0→dev1): PASSED (1000/520000000 samples)
    -> elapsed=0.031210s  bandwidth=133.290844 GB/s  status=ok

>>> Running: framework=acc  version=v2  N=520000000
Elapsed time:      0.032289 s
Total transferred: 7.748604 GB
P2P Bandwidth:     257.672667 GB/s
Verification d_C (dev0→dev1): PASSED (1000/520000000 samples)
Verification d_D (dev1→dev0): PASSED (1000/520000000 samples)
    -> elapsed=0.032289s  bandwidth=257.672667 GB/s  status=ok

>>> Running: framework=acc  version=v4  N=520000000
Elapsed time:      0.032340 s
Total transferred: 11.622906 GB
P2P Bandwidth:     385.899221 GB/s
Verification d_B1 (dev1→dev0): PASSED (1000/520000000 samples)
Verification d_C1 (dev2→dev0): PASSED (1000/520000000 samples)
Verification d_D1 (dev3→dev0): PASSED (1000/520000000 samples)
    -> elapsed=0.032340s  bandwidth=385.899221 GB/s  status=ok

===========================
N = 1240000000
===========================

>>> Running: framework=omp_off  version=v1  N=1240000000
omp_get_num_devices()    = 4
omp_get_initial_device() = 4
Elapsed time:      0.075148 seconds
Total transferred: 9.238720 GB
P2P Bandwidth:     132.005989 GB/s
Verification:      PASS
    -> elapsed=0.075148s  bandwidth=132.005989 GB/s  status=ok

>>> Running: framework=omp_off  version=v2  N=1240000000
omp_get_num_devices()    = 4
omp_get_initial_device() = 4
Elapsed time:      0.076062 seconds
Total transferred: 18.477440 GB
P2P Bandwidth:     260.839965 GB/s
Verification:      PASS
    -> elapsed=0.076062s  bandwidth=260.839965 GB/s  status=ok

>>> Running: framework=omp_off  version=v4  N=1240000000
omp_get_num_devices()    = 4
omp_get_initial_device() = 4
Elapsed time:      0.075525 seconds
Total transferred: 27.716160 GB
P2P Bandwidth:     394.041471 GB/s
Verification:      PASS
    -> elapsed=0.075525s  bandwidth=394.041471 GB/s  status=ok

>>> Running: framework=cuda  version=v1  N=1240000000
Elapsed time:      0.074881 s
Total transferred: 9.238720 GB
P2P Bandwidth:     132.476991 GB/s
Verification d_B (dev0→dev1): PASSED (1000/1240000000 samples)
    -> elapsed=0.074881s  bandwidth=132.476991 GB/s  status=ok

>>> Running: framework=cuda  version=v2  N=1240000000
Elapsed time:      0.075708 s
Total transferred: 18.477440 GB
P2P Bandwidth:     262.059056 GB/s
Verification d_C (dev0→dev1): PASSED (1000/1240000000 samples)
Verification d_D (dev1→dev0): PASSED (1000/1240000000 samples)
    -> elapsed=0.075708s  bandwidth=262.059056 GB/s  status=ok

>>> Running: framework=cuda  version=v4  N=1240000000
Elapsed time:      0.075478 s
Total transferred: 27.716160 GB
P2P Bandwidth:     394.284685 GB/s
Verification d_B1 (dev1→dev0): PASSED (1000/1240000000 samples)
Verification d_C1 (dev2→dev0): PASSED (1000/1240000000 samples)
Verification d_D1 (dev3→dev0): PASSED (1000/1240000000 samples)
    -> elapsed=0.075478s  bandwidth=394.284685 GB/s  status=ok

>>> Running: framework=acc  version=v1  N=1240000000
Elapsed time:      0.074879 s
Total transferred: 9.238720 GB
P2P Bandwidth:     132.480524 GB/s
Verification d_B (dev0→dev1): PASSED (1000/1240000000 samples)
    -> elapsed=0.074879s  bandwidth=132.480524 GB/s  status=ok

>>> Running: framework=acc  version=v2  N=1240000000
Elapsed time:      0.076164 s
Total transferred: 18.477440 GB
P2P Bandwidth:     260.490496 GB/s
Verification d_C (dev0→dev1): PASSED (1000/1240000000 samples)
Verification d_D (dev1→dev0): PASSED (1000/1240000000 samples)
    -> elapsed=0.076164s  bandwidth=260.490496 GB/s  status=ok

>>> Running: framework=acc  version=v4  N=1240000000
Elapsed time:      0.077266 s
Total transferred: 27.716160 GB
P2P Bandwidth:     385.163054 GB/s
Verification d_B1 (dev1→dev0): PASSED (1000/1240000000 samples)
Verification d_C1 (dev2→dev0): PASSED (1000/1240000000 samples)
Verification d_D1 (dev3→dev0): PASSED (1000/1240000000 samples)
    -> elapsed=0.077266s  bandwidth=385.163054 GB/s  status=ok

===========================
N = 58750000  (4-to-4)
===========================

>>> Running: framework=omp_off  version=v4_4  N=58750000
omp_get_num_devices()    = 4
omp_get_initial_device() = 4
Elapsed time:      0.011254 seconds
Total transferred: 5.252659 GB
P2P Bandwidth:     501.162547 GB/s
Verification:      PASS
    -> elapsed=0.011254s  bandwidth=501.162547 GB/s  status=ok

>>> Running: framework=cuda  version=v4_4  N=58750000
Elapsed time:      0.004147 s
Total transferred: 5.252659 GB
P2P Bandwidth:     1360.005517 GB/s
Verification d_A2  (dev0→dev1): PASSED (1000/58750000 samples)
Verification d_A3  (dev0→dev2): PASSED (1000/58750000 samples)
Verification d_A4  (dev0→dev3): PASSED (1000/58750000 samples)
Verification d_B1  (dev1→dev0): PASSED (1000/58750000 samples)
Verification d_B3  (dev1→dev2): PASSED (1000/58750000 samples)
Verification d_B4  (dev1→dev3): PASSED (1000/58750000 samples)
Verification d_C1  (dev2→dev0): PASSED (1000/58750000 samples)
Verification d_C2  (dev2→dev1): PASSED (1000/58750000 samples)
Verification d_C4  (dev2→dev3): PASSED (1000/58750000 samples)
Verification d_D1  (dev3→dev0): PASSED (1000/58750000 samples)
Verification d_D2  (dev3→dev1): PASSED (1000/58750000 samples)
Verification d_D3  (dev3→dev2): PASSED (1000/58750000 samples)
    -> elapsed=0.004147s  bandwidth=1360.005517 GB/s  status=ok

>>> Running: framework=acc  version=v4_4  N=58750000
Elapsed time:      0.005563 s
Total transferred: 5.252659 GB
P2P Bandwidth:     1013.837679 GB/s
Verification d_C1 (dev2→dev0): PASSED (1000/58750000 samples)
Verification d_D1 (dev3→dev0): PASSED (1000/58750000 samples)
Verification d_A2 (dev0→dev1): PASSED (1000/58750000 samples)
Verification d_C2 (dev2→dev1): PASSED (1000/58750000 samples)
Verification d_D2 (dev3→dev1): PASSED (1000/58750000 samples)
Verification d_A3 (dev0→dev2): PASSED (1000/58750000 samples)
Verification d_B3 (dev1→dev2): PASSED (1000/58750000 samples)
Verification d_D3 (dev3→dev2): PASSED (1000/58750000 samples)
Verification d_A4 (dev0→dev3): PASSED (1000/58750000 samples)
Verification d_B4 (dev1→dev3): PASSED (1000/58750000 samples)
Verification d_C4 (dev2→dev3): PASSED (1000/58750000 samples)
    -> elapsed=0.005563s  bandwidth=1013.837679 GB/s  status=ok

===========================
N = 108750000  (4-to-4)
===========================

>>> Running: framework=omp_off  version=v4_4  N=108750000
omp_get_num_devices()    = 4
omp_get_initial_device() = 4
Elapsed time:      0.021026 seconds
Total transferred: 9.723008 GB
P2P Bandwidth:     496.530562 GB/s
Verification:      PASS
    -> elapsed=0.021026s  bandwidth=496.530562 GB/s  status=ok

>>> Running: framework=cuda  version=v4_4  N=108750000
Elapsed time:      0.007195 s
Total transferred: 9.723008 GB
P2P Bandwidth:     1451.040114 GB/s
Verification d_A2  (dev0→dev1): PASSED (1000/108750000 samples)
Verification d_A3  (dev0→dev2): PASSED (1000/108750000 samples)
Verification d_A4  (dev0→dev3): PASSED (1000/108750000 samples)
Verification d_B1  (dev1→dev0): PASSED (1000/108750000 samples)
Verification d_B3  (dev1→dev2): PASSED (1000/108750000 samples)
Verification d_B4  (dev1→dev3): PASSED (1000/108750000 samples)
Verification d_C1  (dev2→dev0): PASSED (1000/108750000 samples)
Verification d_C2  (dev2→dev1): PASSED (1000/108750000 samples)
Verification d_C4  (dev2→dev3): PASSED (1000/108750000 samples)
Verification d_D1  (dev3→dev0): PASSED (1000/108750000 samples)
Verification d_D2  (dev3→dev1): PASSED (1000/108750000 samples)
Verification d_D3  (dev3→dev2): PASSED (1000/108750000 samples)
    -> elapsed=0.007195s  bandwidth=1451.040114 GB/s  status=ok

>>> Running: framework=acc  version=v4_4  N=108750000
Elapsed time:      0.008855 s
Total transferred: 9.723008 GB
P2P Bandwidth:     1179.012756 GB/s
Verification d_C1 (dev2→dev0): PASSED (1000/108750000 samples)
Verification d_D1 (dev3→dev0): PASSED (1000/108750000 samples)
Verification d_A2 (dev0→dev1): PASSED (1000/108750000 samples)
Verification d_C2 (dev2→dev1): PASSED (1000/108750000 samples)
Verification d_D2 (dev3→dev1): PASSED (1000/108750000 samples)
Verification d_A3 (dev0→dev2): PASSED (1000/108750000 samples)
Verification d_B3 (dev1→dev2): PASSED (1000/108750000 samples)
Verification d_D3 (dev3→dev2): PASSED (1000/108750000 samples)
Verification d_A4 (dev0→dev3): PASSED (1000/108750000 samples)
Verification d_B4 (dev1→dev3): PASSED (1000/108750000 samples)
Verification d_C4 (dev2→dev3): PASSED (1000/108750000 samples)
    -> elapsed=0.008855s  bandwidth=1179.012756 GB/s  status=ok

===========================
N = 159375000  (4-to-4)
===========================

>>> Running: framework=omp_off  version=v4_4  N=159375000
omp_get_num_devices()    = 4
omp_get_initial_device() = 4
Elapsed time:      0.029382 seconds
Total transferred: 14.249235 GB
P2P Bandwidth:     520.722920 GB/s
Verification:      PASS
    -> elapsed=0.029382s  bandwidth=520.722920 GB/s  status=ok

>>> Running: framework=cuda  version=v4_4  N=159375000
Elapsed time:      0.010184 s
Total transferred: 14.249235 GB
P2P Bandwidth:     1502.381127 GB/s
Verification d_A2  (dev0→dev1): PASSED (1000/159375000 samples)
Verification d_A3  (dev0→dev2): PASSED (1000/159375000 samples)
Verification d_A4  (dev0→dev3): PASSED (1000/159375000 samples)
Verification d_B1  (dev1→dev0): PASSED (1000/159375000 samples)
Verification d_B3  (dev1→dev2): PASSED (1000/159375000 samples)
Verification d_B4  (dev1→dev3): PASSED (1000/159375000 samples)
Verification d_C1  (dev2→dev0): PASSED (1000/159375000 samples)
Verification d_C2  (dev2→dev1): PASSED (1000/159375000 samples)
Verification d_C4  (dev2→dev3): PASSED (1000/159375000 samples)
Verification d_D1  (dev3→dev0): PASSED (1000/159375000 samples)
Verification d_D2  (dev3→dev1): PASSED (1000/159375000 samples)
Verification d_D3  (dev3→dev2): PASSED (1000/159375000 samples)
    -> elapsed=0.010184s  bandwidth=1502.381127 GB/s  status=ok

>>> Running: framework=acc  version=v4_4  N=159375000
Elapsed time:      0.012439 s
Total transferred: 14.249235 GB
P2P Bandwidth:     1230.001173 GB/s
Verification d_C1 (dev2→dev0): PASSED (1000/159375000 samples)
Verification d_D1 (dev3→dev0): PASSED (1000/159375000 samples)
Verification d_A2 (dev0→dev1): PASSED (1000/159375000 samples)
Verification d_C2 (dev2→dev1): PASSED (1000/159375000 samples)
Verification d_D2 (dev3→dev1): PASSED (1000/159375000 samples)
Verification d_A3 (dev0→dev2): PASSED (1000/159375000 samples)
Verification d_B3 (dev1→dev2): PASSED (1000/159375000 samples)
Verification d_D3 (dev3→dev2): PASSED (1000/159375000 samples)
Verification d_A4 (dev0→dev3): PASSED (1000/159375000 samples)
Verification d_B4 (dev1→dev3): PASSED (1000/159375000 samples)
Verification d_C4 (dev2→dev3): PASSED (1000/159375000 samples)
    -> elapsed=0.012439s  bandwidth=1230.001173 GB/s  status=ok

===========================
N = 209375000  (4-to-4)
===========================

>>> Running: framework=omp_off  version=v4_4  N=209375000
omp_get_num_devices()    = 4
omp_get_initial_device() = 4
Elapsed time:      0.036928 seconds
Total transferred: 18.719584 GB
P2P Bandwidth:     544.299819 GB/s
Verification:      PASS
    -> elapsed=0.036928s  bandwidth=544.299819 GB/s  status=ok

>>> Running: framework=cuda  version=v4_4  N=209375000
Elapsed time:      0.013197 s
Total transferred: 18.719584 GB
P2P Bandwidth:     1523.064539 GB/s
Verification d_A2  (dev0→dev1): PASSED (1000/209375000 samples)
Verification d_A3  (dev0→dev2): PASSED (1000/209375000 samples)
Verification d_A4  (dev0→dev3): PASSED (1000/209375000 samples)
Verification d_B1  (dev1→dev0): PASSED (1000/209375000 samples)
Verification d_B3  (dev1→dev2): PASSED (1000/209375000 samples)
Verification d_B4  (dev1→dev3): PASSED (1000/209375000 samples)
Verification d_C1  (dev2→dev0): PASSED (1000/209375000 samples)
Verification d_C2  (dev2→dev1): PASSED (1000/209375000 samples)
Verification d_C4  (dev2→dev3): PASSED (1000/209375000 samples)
Verification d_D1  (dev3→dev0): PASSED (1000/209375000 samples)
Verification d_D2  (dev3→dev1): PASSED (1000/209375000 samples)
Verification d_D3  (dev3→dev2): PASSED (1000/209375000 samples)
    -> elapsed=0.013197s  bandwidth=1523.064539 GB/s  status=ok

>>> Running: framework=acc  version=v4_4  N=209375000
Elapsed time:      0.016108 s
Total transferred: 18.719584 GB
P2P Bandwidth:     1247.824375 GB/s
Verification d_C1 (dev2→dev0): PASSED (1000/209375000 samples)
Verification d_D1 (dev3→dev0): PASSED (1000/209375000 samples)
Verification d_A2 (dev0→dev1): PASSED (1000/209375000 samples)
Verification d_C2 (dev2→dev1): PASSED (1000/209375000 samples)
Verification d_D2 (dev3→dev1): PASSED (1000/209375000 samples)
Verification d_A3 (dev0→dev2): PASSED (1000/209375000 samples)
Verification d_B3 (dev1→dev2): PASSED (1000/209375000 samples)
Verification d_D3 (dev3→dev2): PASSED (1000/209375000 samples)
Verification d_A4 (dev0→dev3): PASSED (1000/209375000 samples)
Verification d_B4 (dev1→dev3): PASSED (1000/209375000 samples)
Verification d_C4 (dev2→dev3): PASSED (1000/209375000 samples)
    -> elapsed=0.016108s  bandwidth=1247.824375 GB/s  status=ok

===========================
N = 260000000  (4-to-4)
===========================

>>> Running: framework=omp_off  version=v4_4  N=260000000
omp_get_num_devices()    = 4
omp_get_initial_device() = 4
Elapsed time:      0.041351 seconds
Total transferred: 23.245811 GB
P2P Bandwidth:     603.611805 GB/s
Verification:      PASS
    -> elapsed=0.041351s  bandwidth=603.611805 GB/s  status=ok

>>> Running: framework=cuda  version=v4_4  N=260000000
Elapsed time:      0.016300 s
Total transferred: 23.245811 GB
P2P Bandwidth:     1531.319722 GB/s
Verification d_A2  (dev0→dev1): PASSED (1000/260000000 samples)
Verification d_A3  (dev0→dev2): PASSED (1000/260000000 samples)
Verification d_A4  (dev0→dev3): PASSED (1000/260000000 samples)
Verification d_B1  (dev1→dev0): PASSED (1000/260000000 samples)
Verification d_B3  (dev1→dev2): PASSED (1000/260000000 samples)
Verification d_B4  (dev1→dev3): PASSED (1000/260000000 samples)
Verification d_C1  (dev2→dev0): PASSED (1000/260000000 samples)
Verification d_C2  (dev2→dev1): PASSED (1000/260000000 samples)
Verification d_C4  (dev2→dev3): PASSED (1000/260000000 samples)
Verification d_D1  (dev3→dev0): PASSED (1000/260000000 samples)
Verification d_D2  (dev3→dev1): PASSED (1000/260000000 samples)
Verification d_D3  (dev3→dev2): PASSED (1000/260000000 samples)
    -> elapsed=0.016300s  bandwidth=1531.319722 GB/s  status=ok

>>> Running: framework=acc  version=v4_4  N=260000000
Elapsed time:      0.019660 s
Total transferred: 23.245811 GB
P2P Bandwidth:     1269.583166 GB/s
Verification d_C1 (dev2→dev0): PASSED (1000/260000000 samples)
Verification d_D1 (dev3→dev0): PASSED (1000/260000000 samples)
Verification d_A2 (dev0→dev1): PASSED (1000/260000000 samples)
Verification d_C2 (dev2→dev1): PASSED (1000/260000000 samples)
Verification d_D2 (dev3→dev1): PASSED (1000/260000000 samples)
Verification d_A3 (dev0→dev2): PASSED (1000/260000000 samples)
Verification d_B3 (dev1→dev2): PASSED (1000/260000000 samples)
Verification d_D3 (dev3→dev2): PASSED (1000/260000000 samples)
Verification d_A4 (dev0→dev3): PASSED (1000/260000000 samples)
Verification d_B4 (dev1→dev3): PASSED (1000/260000000 samples)
Verification d_C4 (dev2→dev3): PASSED (1000/260000000 samples)
    -> elapsed=0.019660s  bandwidth=1269.583166 GB/s  status=ok

===========================
N = 310000000  (4-to-4)
===========================

>>> Running: framework=omp_off  version=v4_4  N=310000000
omp_get_num_devices()    = 4
omp_get_initial_device() = 4
Elapsed time:      0.046296 seconds
Total transferred: 27.716160 GB
P2P Bandwidth:     642.818452 GB/s
Verification:      PASS
    -> elapsed=0.046296s  bandwidth=642.818452 GB/s  status=ok

>>> Running: framework=cuda  version=v4_4  N=310000000
Elapsed time:      0.019281 s
Total transferred: 27.716160 GB
P2P Bandwidth:     1543.453667 GB/s
Verification d_A2  (dev0→dev1): PASSED (1000/310000000 samples)
Verification d_A3  (dev0→dev2): PASSED (1000/310000000 samples)
Verification d_A4  (dev0→dev3): PASSED (1000/310000000 samples)
Verification d_B1  (dev1→dev0): PASSED (1000/310000000 samples)
Verification d_B3  (dev1→dev2): PASSED (1000/310000000 samples)
Verification d_B4  (dev1→dev3): PASSED (1000/310000000 samples)
Verification d_C1  (dev2→dev0): PASSED (1000/310000000 samples)
Verification d_C2  (dev2→dev1): PASSED (1000/310000000 samples)
Verification d_C4  (dev2→dev3): PASSED (1000/310000000 samples)
Verification d_D1  (dev3→dev0): PASSED (1000/310000000 samples)
Verification d_D2  (dev3→dev1): PASSED (1000/310000000 samples)
Verification d_D3  (dev3→dev2): PASSED (1000/310000000 samples)
    -> elapsed=0.019281s  bandwidth=1543.453667 GB/s  status=ok

>>> Running: framework=acc  version=v4_4  N=310000000
Elapsed time:      0.023138 s
Total transferred: 27.716160 GB
P2P Bandwidth:     1286.193297 GB/s
Verification d_C1 (dev2→dev0): PASSED (1000/310000000 samples)
Verification d_D1 (dev3→dev0): PASSED (1000/310000000 samples)
Verification d_A2 (dev0→dev1): PASSED (1000/310000000 samples)
Verification d_C2 (dev2→dev1): PASSED (1000/310000000 samples)
Verification d_D2 (dev3→dev1): PASSED (1000/310000000 samples)
Verification d_A3 (dev0→dev2): PASSED (1000/310000000 samples)
Verification d_B3 (dev1→dev2): PASSED (1000/310000000 samples)
Verification d_D3 (dev3→dev2): PASSED (1000/310000000 samples)
Verification d_A4 (dev0→dev3): PASSED (1000/310000000 samples)
Verification d_B4 (dev1→dev3): PASSED (1000/310000000 samples)
Verification d_C4 (dev2→dev3): PASSED (1000/310000000 samples)
    -> elapsed=0.023138s  bandwidth=1286.193297 GB/s  status=ok
