============================================================
Job ID     : 4432885
Timestamp  : 20260327_233216
Results dir: results_4432885_20260327_233216
CLEAN_LD_PATH: /apps/USE/easybuild/release/2025.1/software/CUDA/12.8.0/nvvm/lib64:/apps/USE/easybuild/release/2025.1/software/CUDA/12.8.0/extras/CUPTI/lib64:/apps/USE/easybuild/release/2025.1/software/CUDA/12.8.0/targets/x86_64-linux/lib:/apps/USE/easybuild/release/2025.1/software/LLVM/20.1.7-GCCcore-14.2.0/lib/x86_64-unknown-linux-gnu:/apps/USE/easybuild/release/2025.1/software/LLVM/20.1.7-GCCcore-14.2.0/lib:/apps/USE/easybuild/release/2025.1/software/zstd/1.5.6-GCCcore-14.2.0/lib:/apps/USE/easybuild/release/2025.1/software/lz4/1.10.0-GCCcore-14.2.0/lib:/apps/USE/easybuild/release/2025.1/software/Z3/4.13.4-GCCcore-14.2.0/lib:/apps/USE/easybuild/release/2025.1/software/GMP/6.3.0-GCCcore-14.2.0/lib:/apps/USE/easybuild/release/2025.1/software/Python/3.13.1-GCCcore-14.2.0/lib:/apps/USE/easybuild/release/2025.1/software/OpenSSL/3/lib64:/apps/USE/easybuild/release/2025.1/software/libffi/3.4.5-GCCcore-14.2.0/lib64:/apps/USE/easybuild/release/2025.1/software/SQLite/3.47.2-GCCcore-14.2.0/lib:/apps/USE/easybuild/release/2025.1/software/Tcl/8.6.16-GCCcore-14.2.0/lib:/apps/USE/easybuild/release/2025.1/software/libreadline/8.2-GCCcore-14.2.0/lib:/apps/USE/easybuild/release/2025.1/software/bzip2/1.0.8-GCCcore-14.2.0/lib:/apps/USE/easybuild/release/2025.1/software/binutils/2.42-GCCcore-14.2.0/lib:/apps/USE/easybuild/release/2025.1/software/ncurses/6.5-GCCcore-14.2.0/lib:/apps/USE/easybuild/release/2025.1/software/libxml2/2.13.4-GCCcore-14.2.0/lib:/apps/USE/easybuild/release/2025.1/software/zlib/1.3.1-GCCcore-14.2.0/lib:/apps/USE/easybuild/release/2025.1/software/XZ/5.6.3-GCCcore-14.2.0/lib:/apps/USE/easybuild/release/2025.1/software/GCCcore/14.2.0/lib64
============================================================

============================================================
Starting benchmarks
============================================================

===========================
N = 117500000
===========================

>>> Running: framework=omp_off  version=v1  N=117500000
omp_get_num_devices()    = 4
omp_get_initial_device() = 4
Elapsed time:      0.010050 seconds
Total transferred: 0.875443 GB
P2P Bandwidth:     93.531795 GB/s
Verification:      PASS
    -> elapsed=0.010050s  bandwidth=93.531795 GB/s  status=ok

>>> Running: framework=omp_off  version=v2  N=117500000
omp_get_num_devices()    = 4
omp_get_initial_device() = 4
Elapsed time:      0.010246 seconds
Total transferred: 1.750886 GB
P2P Bandwidth:     183.485550 GB/s
Verification:      PASS
    -> elapsed=0.010246s  bandwidth=183.485550 GB/s  status=ok

>>> Running: framework=omp_off  version=v4  N=117500000
omp_get_num_devices()    = 4
omp_get_initial_device() = 4
Elapsed time:      0.010250 seconds
Total transferred: 2.626330 GB
P2P Bandwidth:     275.119494 GB/s
Verification:      PASS
    -> elapsed=0.010250s  bandwidth=275.119494 GB/s  status=ok

>>> Running: framework=cuda  version=v1  N=117500000
Elapsed time:      0.010033 s
Total transferred: 0.875443 GB
P2P Bandwidth:     93.691827 GB/s
Verification d_B (dev0→dev1): PASSED (1000/117500000 samples)
    -> elapsed=0.010033s  bandwidth=93.691827 GB/s  status=ok

>>> Running: framework=cuda  version=v2  N=117500000
Elapsed time:      0.011280 s
Total transferred: 1.750886 GB
P2P Bandwidth:     166.669306 GB/s
Verification d_C (dev0→dev1): PASSED (1000/117500000 samples)
Verification d_D (dev1→dev0): PASSED (1000/117500000 samples)
    -> elapsed=0.011280s  bandwidth=166.669306 GB/s  status=ok

>>> Running: framework=cuda  version=v4  N=117500000
Elapsed time:      0.011361 s
Total transferred: 2.626330 GB
P2P Bandwidth:     248.214918 GB/s
Verification d_B1 (dev1→dev0): PASSED (1000/117500000 samples)
Verification d_C1 (dev2→dev0): PASSED (1000/117500000 samples)
Verification d_D1 (dev3→dev0): PASSED (1000/117500000 samples)
    -> elapsed=0.011361s  bandwidth=248.214918 GB/s  status=ok

>>> Running: framework=acc  version=v1  N=117500000
Elapsed time:      0.010011 s
Total transferred: 0.875443 GB
P2P Bandwidth:     93.897110 GB/s
Verification d_B (dev0→dev1): PASSED (1000/117500000 samples)
    -> elapsed=0.010011s  bandwidth=93.897110 GB/s  status=ok

>>> Running: framework=acc  version=v2  N=117500000
Elapsed time:      0.011051 s
Total transferred: 1.750886 GB
P2P Bandwidth:     170.121282 GB/s
Verification d_C (dev0→dev1): PASSED (1000/117500000 samples)
Verification d_D (dev1→dev0): PASSED (1000/117500000 samples)
    -> elapsed=0.011051s  bandwidth=170.121282 GB/s  status=ok

>>> Running: framework=acc  version=v4  N=117500000
Elapsed time:      0.011060 s
Total transferred: 2.626330 GB
P2P Bandwidth:     254.972888 GB/s
Verification d_B1 (dev1→dev0): PASSED (1000/117500000 samples)
Verification d_C1 (dev2→dev0): PASSED (1000/117500000 samples)
Verification d_D1 (dev3→dev0): PASSED (1000/117500000 samples)
    -> elapsed=0.011060s  bandwidth=254.972888 GB/s  status=ok

===========================
N = 217500000
===========================

>>> Running: framework=omp_off  version=v1  N=217500000
omp_get_num_devices()    = 4
omp_get_initial_device() = 4
Elapsed time:      0.018600 seconds
Total transferred: 1.620501 GB
P2P Bandwidth:     93.548452 GB/s
Verification:      PASS
    -> elapsed=0.018600s  bandwidth=93.548452 GB/s  status=ok

>>> Running: framework=omp_off  version=v2  N=217500000
omp_get_num_devices()    = 4
omp_get_initial_device() = 4
Elapsed time:      0.018869 seconds
Total transferred: 3.241003 GB
P2P Bandwidth:     184.427908 GB/s
Verification:      PASS
    -> elapsed=0.018869s  bandwidth=184.427908 GB/s  status=ok

>>> Running: framework=omp_off  version=v4  N=217500000
omp_get_num_devices()    = 4
omp_get_initial_device() = 4
Elapsed time:      0.018820 seconds
Total transferred: 4.861504 GB
P2P Bandwidth:     277.363808 GB/s
Verification:      PASS
    -> elapsed=0.018820s  bandwidth=277.363808 GB/s  status=ok

>>> Running: framework=cuda  version=v1  N=217500000
Elapsed time:      0.018526 s
Total transferred: 1.620501 GB
P2P Bandwidth:     93.921664 GB/s
Verification d_B (dev0→dev1): PASSED (1000/217500000 samples)
    -> elapsed=0.018526s  bandwidth=93.921664 GB/s  status=ok

>>> Running: framework=cuda  version=v2  N=217500000
Elapsed time:      0.019776 s
Total transferred: 3.241003 GB
P2P Bandwidth:     175.972053 GB/s
Verification d_C (dev0→dev1): PASSED (1000/217500000 samples)
Verification d_D (dev1→dev0): PASSED (1000/217500000 samples)
    -> elapsed=0.019776s  bandwidth=175.972053 GB/s  status=ok

>>> Running: framework=cuda  version=v4  N=217500000
Elapsed time:      0.020864 s
Total transferred: 4.861504 GB
P2P Bandwidth:     250.191600 GB/s
Verification d_B1 (dev1→dev0): PASSED (1000/217500000 samples)
Verification d_C1 (dev2→dev0): PASSED (1000/217500000 samples)
Verification d_D1 (dev3→dev0): PASSED (1000/217500000 samples)
    -> elapsed=0.020864s  bandwidth=250.191600 GB/s  status=ok

>>> Running: framework=acc  version=v1  N=217500000
Elapsed time:      0.018530 s
Total transferred: 1.620501 GB
P2P Bandwidth:     93.901120 GB/s
Verification d_B (dev0→dev1): PASSED (1000/217500000 samples)
    -> elapsed=0.018530s  bandwidth=93.901120 GB/s  status=ok

>>> Running: framework=acc  version=v2  N=217500000
Elapsed time:      0.019544 s
Total transferred: 3.241003 GB
P2P Bandwidth:     178.058627 GB/s
Verification d_C (dev0→dev1): PASSED (1000/217500000 samples)
Verification d_D (dev1→dev0): PASSED (1000/217500000 samples)
    -> elapsed=0.019544s  bandwidth=178.058627 GB/s  status=ok

>>> Running: framework=acc  version=v4  N=217500000
Elapsed time:      0.020301 s
Total transferred: 4.861504 GB
P2P Bandwidth:     257.131898 GB/s
Verification d_B1 (dev1→dev0): PASSED (1000/217500000 samples)
Verification d_C1 (dev2→dev0): PASSED (1000/217500000 samples)
Verification d_D1 (dev3→dev0): PASSED (1000/217500000 samples)
    -> elapsed=0.020301s  bandwidth=257.131898 GB/s  status=ok

===========================
N = 318750000
===========================

>>> Running: framework=omp_off  version=v1  N=318750000
omp_get_num_devices()    = 4
omp_get_initial_device() = 4
Elapsed time:      0.027242 seconds
Total transferred: 2.374873 GB
P2P Bandwidth:     93.605650 GB/s
Verification:      PASS
    -> elapsed=0.027242s  bandwidth=93.605650 GB/s  status=ok

>>> Running: framework=omp_off  version=v2  N=318750000
omp_get_num_devices()    = 4
omp_get_initial_device() = 4
Elapsed time:      0.027514 seconds
Total transferred: 4.749745 GB
P2P Bandwidth:     185.360309 GB/s
Verification:      PASS
    -> elapsed=0.027514s  bandwidth=185.360309 GB/s  status=ok

>>> Running: framework=omp_off  version=v4  N=318750000
omp_get_num_devices()    = 4
omp_get_initial_device() = 4
Elapsed time:      0.029029 seconds
Total transferred: 7.124618 GB
P2P Bandwidth:     263.528385 GB/s
Verification:      PASS
    -> elapsed=0.029029s  bandwidth=263.528385 GB/s  status=ok

>>> Running: framework=cuda  version=v1  N=318750000
Elapsed time:      0.027137 s
Total transferred: 2.374873 GB
P2P Bandwidth:     93.967503 GB/s
Verification d_B (dev0→dev1): PASSED (1000/318750000 samples)
    -> elapsed=0.027137s  bandwidth=93.967503 GB/s  status=ok

>>> Running: framework=cuda  version=v2  N=318750000
Elapsed time:      0.028702 s
Total transferred: 4.749745 GB
P2P Bandwidth:     177.687838 GB/s
Verification d_C (dev0→dev1): PASSED (1000/318750000 samples)
Verification d_D (dev1→dev0): PASSED (1000/318750000 samples)
    -> elapsed=0.028702s  bandwidth=177.687838 GB/s  status=ok

>>> Running: framework=cuda  version=v4  N=318750000
Elapsed time:      0.030347 s
Total transferred: 7.124618 GB
P2P Bandwidth:     252.083322 GB/s
Verification d_B1 (dev1→dev0): PASSED (1000/318750000 samples)
Verification d_C1 (dev2→dev0): PASSED (1000/318750000 samples)
Verification d_D1 (dev3→dev0): PASSED (1000/318750000 samples)
    -> elapsed=0.030347s  bandwidth=252.083322 GB/s  status=ok

>>> Running: framework=acc  version=v1  N=318750000
Elapsed time:      0.027140 s
Total transferred: 2.374873 GB
P2P Bandwidth:     93.957598 GB/s
Verification d_B (dev0→dev1): PASSED (1000/318750000 samples)
    -> elapsed=0.027140s  bandwidth=93.957598 GB/s  status=ok

>>> Running: framework=acc  version=v2  N=318750000
Elapsed time:      0.028434 s
Total transferred: 4.749745 GB
P2P Bandwidth:     179.362494 GB/s
Verification d_C (dev0→dev1): PASSED (1000/318750000 samples)
Verification d_D (dev1→dev0): PASSED (1000/318750000 samples)
    -> elapsed=0.028434s  bandwidth=179.362494 GB/s  status=ok

>>> Running: framework=acc  version=v4  N=318750000
Elapsed time:      0.030007 s
Total transferred: 7.124618 GB
P2P Bandwidth:     254.941486 GB/s
Verification d_B1 (dev1→dev0): PASSED (1000/318750000 samples)
Verification d_C1 (dev2→dev0): PASSED (1000/318750000 samples)
Verification d_D1 (dev3→dev0): PASSED (1000/318750000 samples)
    -> elapsed=0.030007s  bandwidth=254.941486 GB/s  status=ok

===========================
N = 418750000
===========================

>>> Running: framework=omp_off  version=v1  N=418750000
omp_get_num_devices()    = 4
omp_get_initial_device() = 4
Elapsed time:      0.035744 seconds
Total transferred: 3.119931 GB
P2P Bandwidth:     93.722150 GB/s
Verification:      PASS
    -> elapsed=0.035744s  bandwidth=93.722150 GB/s  status=ok

>>> Running: framework=omp_off  version=v2  N=418750000
omp_get_num_devices()    = 4
omp_get_initial_device() = 4
Elapsed time:      0.036144 seconds
Total transferred: 6.239861 GB
P2P Bandwidth:     185.369539 GB/s
Verification:      PASS
    -> elapsed=0.036144s  bandwidth=185.369539 GB/s  status=ok

>>> Running: framework=omp_off  version=v4  N=418750000
omp_get_num_devices()    = 4
omp_get_initial_device() = 4
Elapsed time:      0.037911 seconds
Total transferred: 9.359792 GB
P2P Bandwidth:     265.094995 GB/s
Verification:      PASS
    -> elapsed=0.037911s  bandwidth=265.094995 GB/s  status=ok

>>> Running: framework=cuda  version=v1  N=418750000
Elapsed time:      0.035639 s
Total transferred: 3.119931 GB
P2P Bandwidth:     93.998651 GB/s
Verification d_B (dev0→dev1): PASSED (1000/418750000 samples)
    -> elapsed=0.035639s  bandwidth=93.998651 GB/s  status=ok

>>> Running: framework=cuda  version=v2  N=418750000
Elapsed time:      0.037065 s
Total transferred: 6.239861 GB
P2P Bandwidth:     180.763381 GB/s
Verification d_C (dev0→dev1): PASSED (1000/418750000 samples)
Verification d_D (dev1→dev0): PASSED (1000/418750000 samples)
    -> elapsed=0.037065s  bandwidth=180.763381 GB/s  status=ok

>>> Running: framework=cuda  version=v4  N=418750000
Elapsed time:      0.039261 s
Total transferred: 9.359792 GB
P2P Bandwidth:     255.978547 GB/s
Verification d_B1 (dev1→dev0): PASSED (1000/418750000 samples)
Verification d_C1 (dev2→dev0): PASSED (1000/418750000 samples)
Verification d_D1 (dev3→dev0): PASSED (1000/418750000 samples)
    -> elapsed=0.039261s  bandwidth=255.978547 GB/s  status=ok

>>> Running: framework=acc  version=v1  N=418750000
Elapsed time:      0.035639 s
Total transferred: 3.119931 GB
P2P Bandwidth:     93.998022 GB/s
Verification d_B (dev0→dev1): PASSED (1000/418750000 samples)
    -> elapsed=0.035639s  bandwidth=93.998022 GB/s  status=ok

>>> Running: framework=acc  version=v2  N=418750000
Elapsed time:      0.036828 s
Total transferred: 6.239861 GB
P2P Bandwidth:     181.926592 GB/s
Verification d_C (dev0→dev1): PASSED (1000/418750000 samples)
Verification d_D (dev1→dev0): PASSED (1000/418750000 samples)
    -> elapsed=0.036828s  bandwidth=181.926592 GB/s  status=ok

>>> Running: framework=acc  version=v4  N=418750000
Elapsed time:      0.038813 s
Total transferred: 9.359792 GB
P2P Bandwidth:     258.933101 GB/s
Verification d_B1 (dev1→dev0): PASSED (1000/418750000 samples)
Verification d_C1 (dev2→dev0): PASSED (1000/418750000 samples)
Verification d_D1 (dev3→dev0): PASSED (1000/418750000 samples)
    -> elapsed=0.038813s  bandwidth=258.933101 GB/s  status=ok

===========================
N = 520000000
===========================

>>> Running: framework=omp_off  version=v1  N=520000000
omp_get_num_devices()    = 4
omp_get_initial_device() = 4
Elapsed time:      0.044372 seconds
Total transferred: 3.874302 GB
P2P Bandwidth:     93.752644 GB/s
Verification:      PASS
    -> elapsed=0.044372s  bandwidth=93.752644 GB/s  status=ok

>>> Running: framework=omp_off  version=v2  N=520000000
omp_get_num_devices()    = 4
omp_get_initial_device() = 4
Elapsed time:      0.044763 seconds
Total transferred: 7.748604 GB
P2P Bandwidth:     185.867426 GB/s
Verification:      PASS
    -> elapsed=0.044763s  bandwidth=185.867426 GB/s  status=ok

>>> Running: framework=omp_off  version=v4  N=520000000
omp_get_num_devices()    = 4
omp_get_initial_device() = 4
Elapsed time:      0.046253 seconds
Total transferred: 11.622906 GB
P2P Bandwidth:     269.820535 GB/s
Verification:      PASS
    -> elapsed=0.046253s  bandwidth=269.820535 GB/s  status=ok

>>> Running: framework=cuda  version=v1  N=520000000
Elapsed time:      0.044261 s
Total transferred: 3.874302 GB
P2P Bandwidth:     93.987980 GB/s
Verification d_B (dev0→dev1): PASSED (1000/520000000 samples)
    -> elapsed=0.044261s  bandwidth=93.987980 GB/s  status=ok

>>> Running: framework=cuda  version=v2  N=520000000
Elapsed time:      0.045738 s
Total transferred: 7.748604 GB
P2P Bandwidth:     181.905709 GB/s
Verification d_C (dev0→dev1): PASSED (1000/520000000 samples)
Verification d_D (dev1→dev0): PASSED (1000/520000000 samples)
    -> elapsed=0.045738s  bandwidth=181.905709 GB/s  status=ok

>>> Running: framework=cuda  version=v4  N=520000000
Elapsed time:      0.048349 s
Total transferred: 11.622906 GB
P2P Bandwidth:     258.123743 GB/s
Verification d_B1 (dev1→dev0): PASSED (1000/520000000 samples)
Verification d_C1 (dev2→dev0): PASSED (1000/520000000 samples)
Verification d_D1 (dev3→dev0): PASSED (1000/520000000 samples)
    -> elapsed=0.048349s  bandwidth=258.123743 GB/s  status=ok

>>> Running: framework=acc  version=v1  N=520000000
Elapsed time:      0.044255 s
Total transferred: 3.874302 GB
P2P Bandwidth:     94.000639 GB/s
Verification d_B (dev0→dev1): PASSED (1000/520000000 samples)
    -> elapsed=0.044255s  bandwidth=94.000639 GB/s  status=ok

>>> Running: framework=acc  version=v2  N=520000000
Elapsed time:      0.045545 s
Total transferred: 7.748604 GB
P2P Bandwidth:     182.677024 GB/s
Verification d_C (dev0→dev1): PASSED (1000/520000000 samples)
Verification d_D (dev1→dev0): PASSED (1000/520000000 samples)
    -> elapsed=0.045545s  bandwidth=182.677024 GB/s  status=ok

>>> Running: framework=acc  version=v4  N=520000000
Elapsed time:      0.048481 s
Total transferred: 11.622906 GB
P2P Bandwidth:     257.420499 GB/s
Verification d_B1 (dev1→dev0): PASSED (1000/520000000 samples)
Verification d_C1 (dev2→dev0): PASSED (1000/520000000 samples)
Verification d_D1 (dev3→dev0): PASSED (1000/520000000 samples)
    -> elapsed=0.048481s  bandwidth=257.420499 GB/s  status=ok

===========================
N = 1240000000
===========================

>>> Running: framework=omp_off  version=v1  N=1240000000
omp_get_num_devices()    = 4
omp_get_initial_device() = 4
Elapsed time:      0.106267 seconds
Total transferred: 9.238720 GB
P2P Bandwidth:     93.349792 GB/s
Verification:      PASS
    -> elapsed=0.106267s  bandwidth=93.349792 GB/s  status=ok

>>> Running: framework=omp_off  version=v2  N=1240000000
omp_get_num_devices()    = 4
omp_get_initial_device() = 4
Elapsed time:      0.107160 seconds
Total transferred: 18.477440 GB
P2P Bandwidth:     185.143552 GB/s
Verification:      PASS
    -> elapsed=0.107160s  bandwidth=185.143552 GB/s  status=ok

>>> Running: framework=omp_off  version=v4  N=1240000000
omp_get_num_devices()    = 4
omp_get_initial_device() = 4
Elapsed time:      0.111206 seconds
Total transferred: 27.716160 GB
P2P Bandwidth:     267.611328 GB/s
Verification:      PASS
    -> elapsed=0.111206s  bandwidth=267.611328 GB/s  status=ok

>>> Running: framework=cuda  version=v1  N=1240000000
Elapsed time:      0.106171 s
Total transferred: 9.238720 GB
P2P Bandwidth:     93.434271 GB/s
Verification d_B (dev0→dev1): PASSED (1000/1240000000 samples)
    -> elapsed=0.106171s  bandwidth=93.434271 GB/s  status=ok

>>> Running: framework=cuda  version=v2  N=1240000000
Elapsed time:      0.108068 s
Total transferred: 18.477440 GB
P2P Bandwidth:     183.588129 GB/s
Verification d_C (dev0→dev1): PASSED (1000/1240000000 samples)
Verification d_D (dev1→dev0): PASSED (1000/1240000000 samples)
    -> elapsed=0.108068s  bandwidth=183.588129 GB/s  status=ok

>>> Running: framework=cuda  version=v4  N=1240000000
Elapsed time:      0.112794 s
Total transferred: 27.716160 GB
P2P Bandwidth:     263.844003 GB/s
Verification d_B1 (dev1→dev0): PASSED (1000/1240000000 samples)
Verification d_C1 (dev2→dev0): PASSED (1000/1240000000 samples)
Verification d_D1 (dev3→dev0): PASSED (1000/1240000000 samples)
    -> elapsed=0.112794s  bandwidth=263.844003 GB/s  status=ok

>>> Running: framework=acc  version=v1  N=1240000000
Elapsed time:      0.106163 s
Total transferred: 9.238720 GB
P2P Bandwidth:     93.441196 GB/s
Verification d_B (dev0→dev1): PASSED (1000/1240000000 samples)
    -> elapsed=0.106163s  bandwidth=93.441196 GB/s  status=ok

>>> Running: framework=acc  version=v2  N=1240000000
Elapsed time:      0.108102 s
Total transferred: 18.477440 GB
P2P Bandwidth:     183.530633 GB/s
Verification d_C (dev0→dev1): PASSED (1000/1240000000 samples)
Verification d_D (dev1→dev0): PASSED (1000/1240000000 samples)
    -> elapsed=0.108102s  bandwidth=183.530633 GB/s  status=ok

>>> Running: framework=acc  version=v4  N=1240000000
Elapsed time:      0.113740 s
Total transferred: 27.716160 GB
P2P Bandwidth:     261.649451 GB/s
Verification d_B1 (dev1→dev0): PASSED (1000/1240000000 samples)
Verification d_C1 (dev2→dev0): PASSED (1000/1240000000 samples)
Verification d_D1 (dev3→dev0): PASSED (1000/1240000000 samples)
    -> elapsed=0.113740s  bandwidth=261.649451 GB/s  status=ok

===========================
N = 58750000  (4-to-4)
===========================

>>> Running: framework=omp_off  version=v4_4  N=58750000
omp_get_num_devices()    = 4
omp_get_initial_device() = 4
Elapsed time:      0.011469 seconds
Total transferred: 5.252659 GB
P2P Bandwidth:     491.755006 GB/s
Verification:      PASS
    -> elapsed=0.011469s  bandwidth=491.755006 GB/s  status=ok

>>> Running: framework=cuda  version=v4_4  N=58750000
Elapsed time:      0.007667 s
Total transferred: 5.252659 GB
P2P Bandwidth:     735.613986 GB/s
Verification d_A2  (dev0→dev1): PASSED (1000/58750000 samples)
Verification d_A3  (dev0→dev2): PASSED (1000/58750000 samples)
Verification d_A4  (dev0→dev3): PASSED (1000/58750000 samples)
Verification d_B1  (dev1→dev0): PASSED (1000/58750000 samples)
Verification d_B3  (dev1→dev2): PASSED (1000/58750000 samples)
Verification d_B4  (dev1→dev3): PASSED (1000/58750000 samples)
Verification d_C1  (dev2→dev0): PASSED (1000/58750000 samples)
Verification d_C2  (dev2→dev1): PASSED (1000/58750000 samples)
Verification d_C4  (dev2→dev3): PASSED (1000/58750000 samples)
Verification d_D1  (dev3→dev0): PASSED (1000/58750000 samples)
Verification d_D2  (dev3→dev1): PASSED (1000/58750000 samples)
Verification d_D3  (dev3→dev2): PASSED (1000/58750000 samples)
    -> elapsed=0.007667s  bandwidth=735.613986 GB/s  status=ok

>>> Running: framework=acc  version=v4_4  N=58750000
Elapsed time:      0.006739 s
Total transferred: 5.252659 GB
P2P Bandwidth:     836.931702 GB/s
Verification d_C1 (dev2→dev0): PASSED (1000/58750000 samples)
Verification d_D1 (dev3→dev0): PASSED (1000/58750000 samples)
Verification d_A2 (dev0→dev1): PASSED (1000/58750000 samples)
Verification d_C2 (dev2→dev1): PASSED (1000/58750000 samples)
Verification d_D2 (dev3→dev1): PASSED (1000/58750000 samples)
Verification d_A3 (dev0→dev2): PASSED (1000/58750000 samples)
Verification d_B3 (dev1→dev2): PASSED (1000/58750000 samples)
Verification d_D3 (dev3→dev2): PASSED (1000/58750000 samples)
Verification d_A4 (dev0→dev3): PASSED (1000/58750000 samples)
Verification d_B4 (dev1→dev3): PASSED (1000/58750000 samples)
Verification d_C4 (dev2→dev3): PASSED (1000/58750000 samples)
    -> elapsed=0.006739s  bandwidth=836.931702 GB/s  status=ok

===========================
N = 108750000  (4-to-4)
===========================

>>> Running: framework=omp_off  version=v4_4  N=108750000
omp_get_num_devices()    = 4
omp_get_initial_device() = 4
Elapsed time:      0.019753 seconds
Total transferred: 9.723008 GB
P2P Bandwidth:     528.527867 GB/s
Verification:      PASS
    -> elapsed=0.019753s  bandwidth=528.527867 GB/s  status=ok

>>> Running: framework=cuda  version=v4_4  N=108750000
Elapsed time:      0.011336 s
Total transferred: 9.723008 GB
P2P Bandwidth:     920.952610 GB/s
Verification d_A2  (dev0→dev1): PASSED (1000/108750000 samples)
Verification d_A3  (dev0→dev2): PASSED (1000/108750000 samples)
Verification d_A4  (dev0→dev3): PASSED (1000/108750000 samples)
Verification d_B1  (dev1→dev0): PASSED (1000/108750000 samples)
Verification d_B3  (dev1→dev2): PASSED (1000/108750000 samples)
Verification d_B4  (dev1→dev3): PASSED (1000/108750000 samples)
Verification d_C1  (dev2→dev0): PASSED (1000/108750000 samples)
Verification d_C2  (dev2→dev1): PASSED (1000/108750000 samples)
Verification d_C4  (dev2→dev3): PASSED (1000/108750000 samples)
Verification d_D1  (dev3→dev0): PASSED (1000/108750000 samples)
Verification d_D2  (dev3→dev1): PASSED (1000/108750000 samples)
Verification d_D3  (dev3→dev2): PASSED (1000/108750000 samples)
    -> elapsed=0.011336s  bandwidth=920.952610 GB/s  status=ok

>>> Running: framework=acc  version=v4_4  N=108750000
Elapsed time:      0.011238 s
Total transferred: 9.723008 GB
P2P Bandwidth:     928.982811 GB/s
Verification d_C1 (dev2→dev0): PASSED (1000/108750000 samples)
Verification d_D1 (dev3→dev0): PASSED (1000/108750000 samples)
Verification d_A2 (dev0→dev1): PASSED (1000/108750000 samples)
Verification d_C2 (dev2→dev1): PASSED (1000/108750000 samples)
Verification d_D2 (dev3→dev1): PASSED (1000/108750000 samples)
Verification d_A3 (dev0→dev2): PASSED (1000/108750000 samples)
Verification d_B3 (dev1→dev2): PASSED (1000/108750000 samples)
Verification d_D3 (dev3→dev2): PASSED (1000/108750000 samples)
Verification d_A4 (dev0→dev3): PASSED (1000/108750000 samples)
Verification d_B4 (dev1→dev3): PASSED (1000/108750000 samples)
Verification d_C4 (dev2→dev3): PASSED (1000/108750000 samples)
    -> elapsed=0.011238s  bandwidth=928.982811 GB/s  status=ok

===========================
N = 159375000  (4-to-4)
===========================

>>> Running: framework=omp_off  version=v4_4  N=159375000
omp_get_num_devices()    = 4
omp_get_initial_device() = 4
Elapsed time:      0.055157 seconds
Total transferred: 14.249235 GB
P2P Bandwidth:     277.390266 GB/s
Verification:      PASS
    -> elapsed=0.055157s  bandwidth=277.390266 GB/s  status=ok

>>> Running: framework=cuda  version=v4_4  N=159375000
Elapsed time:      0.021090 s
Total transferred: 14.249235 GB
P2P Bandwidth:     725.461249 GB/s
Verification d_A2  (dev0→dev1): PASSED (1000/159375000 samples)
Verification d_A3  (dev0→dev2): PASSED (1000/159375000 samples)
Verification d_A4  (dev0→dev3): PASSED (1000/159375000 samples)
Verification d_B1  (dev1→dev0): PASSED (1000/159375000 samples)
Verification d_B3  (dev1→dev2): PASSED (1000/159375000 samples)
Verification d_B4  (dev1→dev3): PASSED (1000/159375000 samples)
Verification d_C1  (dev2→dev0): PASSED (1000/159375000 samples)
Verification d_C2  (dev2→dev1): PASSED (1000/159375000 samples)
Verification d_C4  (dev2→dev3): PASSED (1000/159375000 samples)
Verification d_D1  (dev3→dev0): PASSED (1000/159375000 samples)
Verification d_D2  (dev3→dev1): PASSED (1000/159375000 samples)
Verification d_D3  (dev3→dev2): PASSED (1000/159375000 samples)
    -> elapsed=0.021090s  bandwidth=725.461249 GB/s  status=ok

>>> Running: framework=acc  version=v4_4  N=159375000
Elapsed time:      0.022127 s
Total transferred: 14.249235 GB
P2P Bandwidth:     691.458185 GB/s
Verification d_C1 (dev2→dev0): PASSED (1000/159375000 samples)
Verification d_D1 (dev3→dev0): PASSED (1000/159375000 samples)
Verification d_A2 (dev0→dev1): PASSED (1000/159375000 samples)
Verification d_C2 (dev2→dev1): PASSED (1000/159375000 samples)
Verification d_D2 (dev3→dev1): PASSED (1000/159375000 samples)
Verification d_A3 (dev0→dev2): PASSED (1000/159375000 samples)
Verification d_B3 (dev1→dev2): PASSED (1000/159375000 samples)
Verification d_D3 (dev3→dev2): PASSED (1000/159375000 samples)
Verification d_A4 (dev0→dev3): PASSED (1000/159375000 samples)
Verification d_B4 (dev1→dev3): PASSED (1000/159375000 samples)
Verification d_C4 (dev2→dev3): PASSED (1000/159375000 samples)
    -> elapsed=0.022127s  bandwidth=691.458185 GB/s  status=ok

===========================
N = 209375000  (4-to-4)
===========================

>>> Running: framework=omp_off  version=v4_4  N=209375000
omp_get_num_devices()    = 4
omp_get_initial_device() = 4
Elapsed time:      0.036341 seconds
Total transferred: 18.719584 GB
P2P Bandwidth:     553.095033 GB/s
Verification:      PASS
    -> elapsed=0.036341s  bandwidth=553.095033 GB/s  status=ok

>>> Running: framework=cuda  version=v4_4  N=209375000
Elapsed time:      0.027126 s
Total transferred: 18.719584 GB
P2P Bandwidth:     740.984490 GB/s
Verification d_A2  (dev0→dev1): PASSED (1000/209375000 samples)
Verification d_A3  (dev0→dev2): PASSED (1000/209375000 samples)
Verification d_A4  (dev0→dev3): PASSED (1000/209375000 samples)
Verification d_B1  (dev1→dev0): PASSED (1000/209375000 samples)
Verification d_B3  (dev1→dev2): PASSED (1000/209375000 samples)
Verification d_B4  (dev1→dev3): PASSED (1000/209375000 samples)
Verification d_C1  (dev2→dev0): PASSED (1000/209375000 samples)
Verification d_C2  (dev2→dev1): PASSED (1000/209375000 samples)
Verification d_C4  (dev2→dev3): PASSED (1000/209375000 samples)
Verification d_D1  (dev3→dev0): PASSED (1000/209375000 samples)
Verification d_D2  (dev3→dev1): PASSED (1000/209375000 samples)
Verification d_D3  (dev3→dev2): PASSED (1000/209375000 samples)
    -> elapsed=0.027126s  bandwidth=740.984490 GB/s  status=ok

>>> Running: framework=acc  version=v4_4  N=209375000
Elapsed time:      0.024661 s
Total transferred: 18.719584 GB
P2P Bandwidth:     815.057866 GB/s
Verification d_C1 (dev2→dev0): PASSED (1000/209375000 samples)
Verification d_D1 (dev3→dev0): PASSED (1000/209375000 samples)
Verification d_A2 (dev0→dev1): PASSED (1000/209375000 samples)
Verification d_C2 (dev2→dev1): PASSED (1000/209375000 samples)
Verification d_D2 (dev3→dev1): PASSED (1000/209375000 samples)
Verification d_A3 (dev0→dev2): PASSED (1000/209375000 samples)
Verification d_B3 (dev1→dev2): PASSED (1000/209375000 samples)
Verification d_D3 (dev3→dev2): PASSED (1000/209375000 samples)
Verification d_A4 (dev0→dev3): PASSED (1000/209375000 samples)
Verification d_B4 (dev1→dev3): PASSED (1000/209375000 samples)
Verification d_C4 (dev2→dev3): PASSED (1000/209375000 samples)
    -> elapsed=0.024661s  bandwidth=815.057866 GB/s  status=ok

===========================
N = 260000000  (4-to-4)
===========================

>>> Running: framework=omp_off  version=v4_4  N=260000000
omp_get_num_devices()    = 4
omp_get_initial_device() = 4
Elapsed time:      0.044987 seconds
Total transferred: 23.245811 GB
P2P Bandwidth:     554.824463 GB/s
Verification:      PASS
    -> elapsed=0.044987s  bandwidth=554.824463 GB/s  status=ok

>>> Running: framework=cuda  version=v4_4  N=260000000
Elapsed time:      0.033405 s
Total transferred: 23.245811 GB
P2P Bandwidth:     747.192068 GB/s
Verification d_A2  (dev0→dev1): PASSED (1000/260000000 samples)
Verification d_A3  (dev0→dev2): PASSED (1000/260000000 samples)
Verification d_A4  (dev0→dev3): PASSED (1000/260000000 samples)
Verification d_B1  (dev1→dev0): PASSED (1000/260000000 samples)
Verification d_B3  (dev1→dev2): PASSED (1000/260000000 samples)
Verification d_B4  (dev1→dev3): PASSED (1000/260000000 samples)
Verification d_C1  (dev2→dev0): PASSED (1000/260000000 samples)
Verification d_C2  (dev2→dev1): PASSED (1000/260000000 samples)
Verification d_C4  (dev2→dev3): PASSED (1000/260000000 samples)
Verification d_D1  (dev3→dev0): PASSED (1000/260000000 samples)
Verification d_D2  (dev3→dev1): PASSED (1000/260000000 samples)
Verification d_D3  (dev3→dev2): PASSED (1000/260000000 samples)
    -> elapsed=0.033405s  bandwidth=747.192068 GB/s  status=ok

>>> Running: framework=acc  version=v4_4  N=260000000
Elapsed time:      0.030228 s
Total transferred: 23.245811 GB
P2P Bandwidth:     825.727238 GB/s
Verification d_C1 (dev2→dev0): PASSED (1000/260000000 samples)
Verification d_D1 (dev3→dev0): PASSED (1000/260000000 samples)
Verification d_A2 (dev0→dev1): PASSED (1000/260000000 samples)
Verification d_C2 (dev2→dev1): PASSED (1000/260000000 samples)
Verification d_D2 (dev3→dev1): PASSED (1000/260000000 samples)
Verification d_A3 (dev0→dev2): PASSED (1000/260000000 samples)
Verification d_B3 (dev1→dev2): PASSED (1000/260000000 samples)
Verification d_D3 (dev3→dev2): PASSED (1000/260000000 samples)
Verification d_A4 (dev0→dev3): PASSED (1000/260000000 samples)
Verification d_B4 (dev1→dev3): PASSED (1000/260000000 samples)
Verification d_C4 (dev2→dev3): PASSED (1000/260000000 samples)
    -> elapsed=0.030228s  bandwidth=825.727238 GB/s  status=ok

===========================
N = 310000000  (4-to-4)
===========================

>>> Running: framework=omp_off  version=v4_4  N=310000000
omp_get_num_devices()    = 4
omp_get_initial_device() = 4
Elapsed time:      0.053920 seconds
Total transferred: 27.716160 GB
P2P Bandwidth:     551.928470 GB/s
Verification:      PASS
    -> elapsed=0.053920s  bandwidth=551.928470 GB/s  status=ok

>>> Running: framework=cuda  version=v4_4  N=310000000
Elapsed time:      0.039513 s
Total transferred: 27.716160 GB
P2P Bandwidth:     753.167725 GB/s
Verification d_A2  (dev0→dev1): PASSED (1000/310000000 samples)
Verification d_A3  (dev0→dev2): PASSED (1000/310000000 samples)
Verification d_A4  (dev0→dev3): PASSED (1000/310000000 samples)
Verification d_B1  (dev1→dev0): PASSED (1000/310000000 samples)
Verification d_B3  (dev1→dev2): PASSED (1000/310000000 samples)
Verification d_B4  (dev1→dev3): PASSED (1000/310000000 samples)
Verification d_C1  (dev2→dev0): PASSED (1000/310000000 samples)
Verification d_C2  (dev2→dev1): PASSED (1000/310000000 samples)
Verification d_C4  (dev2→dev3): PASSED (1000/310000000 samples)
Verification d_D1  (dev3→dev0): PASSED (1000/310000000 samples)
Verification d_D2  (dev3→dev1): PASSED (1000/310000000 samples)
Verification d_D3  (dev3→dev2): PASSED (1000/310000000 samples)
    -> elapsed=0.039513s  bandwidth=753.167725 GB/s  status=ok

>>> Running: framework=acc  version=v4_4  N=310000000
Elapsed time:      0.041883 s
Total transferred: 27.716160 GB
P2P Bandwidth:     710.550959 GB/s
Verification d_C1 (dev2→dev0): PASSED (1000/310000000 samples)
Verification d_D1 (dev3→dev0): PASSED (1000/310000000 samples)
Verification d_A2 (dev0→dev1): PASSED (1000/310000000 samples)
Verification d_C2 (dev2→dev1): PASSED (1000/310000000 samples)
Verification d_D2 (dev3→dev1): PASSED (1000/310000000 samples)
Verification d_A3 (dev0→dev2): PASSED (1000/310000000 samples)
Verification d_B3 (dev1→dev2): PASSED (1000/310000000 samples)
Verification d_D3 (dev3→dev2): PASSED (1000/310000000 samples)
Verification d_A4 (dev0→dev3): PASSED (1000/310000000 samples)
Verification d_B4 (dev1→dev3): PASSED (1000/310000000 samples)
Verification d_C4 (dev2→dev3): PASSED (1000/310000000 samples)
    -> elapsed=0.041883s  bandwidth=710.550959 GB/s  status=ok
