============================================================
Job ID     : 38481357
Timestamp  : 20260401_215928
Results dir: results_38481357_20260401_215928
CLEAN_LD_PATH: /apps/ACC/CLANG/18.1.8/lib:/apps/ACC/CUDA/12.8/extras/CUPTI/lib64:/apps/ACC/CUDA/12.8/nvvm/lib64:/apps/ACC/CUDA/12.8/lib64:/apps/ACC/EASYBUILD/software/binutils/2.40-GCCcore-13.2.0/lib:/apps/ACC/EASYBUILD/software/zlib/1.2.13-GCCcore-13.2.0/lib:/apps/ACC/EASYBUILD/software/GCCcore/13.2.0/lib64
============================================================

============================================================
Starting benchmarks
============================================================

===========================
N = 117500000
===========================

>>> Running: framework=omp_off  version=v1  N=117500000
omp_get_num_devices()    = 4
omp_get_initial_device() = 4
Elapsed time:      0.007127 seconds
Total transferred: 0.875443 GB
P2P Bandwidth:     131.891940 GB/s
Verification:      PASS
    -> elapsed=0.007127s  bandwidth=131.891940 GB/s  status=ok

>>> Running: framework=omp_off  version=v2  N=117500000
omp_get_num_devices()    = 4
omp_get_initial_device() = 4
Elapsed time:      0.007679 seconds
Total transferred: 1.750886 GB
P2P Bandwidth:     244.824004 GB/s
Verification:      PASS
    -> elapsed=0.007679s  bandwidth=244.824004 GB/s  status=ok

>>> Running: framework=omp_off  version=v4  N=117500000
omp_get_num_devices()    = 4
omp_get_initial_device() = 4
Elapsed time:      0.007667 seconds
Total transferred: 2.626330 GB
P2P Bandwidth:     367.818431 GB/s
Verification:      PASS
    -> elapsed=0.007667s  bandwidth=367.818431 GB/s  status=ok

>>> Running: framework=cuda  version=v1  N=117500000
Elapsed time:      0.007063 s
Total transferred: 0.875443 GB
P2P Bandwidth:     133.095930 GB/s
Verification d_B (dev0→dev1): PASSED (1000/117500000 samples)
    -> elapsed=0.007063s  bandwidth=133.095930 GB/s  status=ok

>>> Running: framework=cuda  version=v2  N=117500000
Elapsed time:      0.007568 s
Total transferred: 1.750886 GB
P2P Bandwidth:     248.401018 GB/s
Verification d_C (dev0→dev1): PASSED (1000/117500000 samples)
Verification d_D (dev1→dev0): PASSED (1000/117500000 samples)
    -> elapsed=0.007568s  bandwidth=248.401018 GB/s  status=ok

>>> Running: framework=cuda  version=v4  N=117500000
Elapsed time:      0.007708 s
Total transferred: 2.626330 GB
P2P Bandwidth:     365.872738 GB/s
Verification d_B1 (dev1→dev0): PASSED (1000/117500000 samples)
Verification d_C1 (dev2→dev0): PASSED (1000/117500000 samples)
Verification d_D1 (dev3→dev0): PASSED (1000/117500000 samples)
    -> elapsed=0.007708s  bandwidth=365.872738 GB/s  status=ok

>>> Running: framework=acc  version=v1  N=117500000
Elapsed time:      0.007060 s
Total transferred: 0.875443 GB
P2P Bandwidth:     133.143515 GB/s
Verification d_B (dev0→dev1): PASSED (1000/117500000 samples)
    -> elapsed=0.007060s  bandwidth=133.143515 GB/s  status=ok

>>> Running: framework=acc  version=v2  N=117500000
Elapsed time:      0.008069 s
Total transferred: 1.750886 GB
P2P Bandwidth:     232.989349 GB/s
Verification d_C (dev0→dev1): PASSED (1000/117500000 samples)
Verification d_D (dev1→dev0): PASSED (1000/117500000 samples)
    -> elapsed=0.008069s  bandwidth=232.989349 GB/s  status=ok

>>> Running: framework=acc  version=v4  N=117500000
Elapsed time:      0.008299 s
Total transferred: 2.626330 GB
P2P Bandwidth:     339.805139 GB/s
Verification d_B1 (dev1→dev0): PASSED (1000/117500000 samples)
Verification d_C1 (dev2→dev0): PASSED (1000/117500000 samples)
Verification d_D1 (dev3→dev0): PASSED (1000/117500000 samples)
    -> elapsed=0.008299s  bandwidth=339.805139 GB/s  status=ok

===========================
N = 217500000
===========================

>>> Running: framework=omp_off  version=v1  N=217500000
omp_get_num_devices()    = 4
omp_get_initial_device() = 4
Elapsed time:      0.013436 seconds
Total transferred: 1.620501 GB
P2P Bandwidth:     129.502067 GB/s
Verification:      PASS
    -> elapsed=0.013436s  bandwidth=129.502067 GB/s  status=ok

>>> Running: framework=omp_off  version=v2  N=217500000
omp_get_num_devices()    = 4
omp_get_initial_device() = 4
Elapsed time:      0.013983 seconds
Total transferred: 3.241003 GB
P2P Bandwidth:     248.873432 GB/s
Verification:      PASS
    -> elapsed=0.013983s  bandwidth=248.873432 GB/s  status=ok

>>> Running: framework=omp_off  version=v4  N=217500000
omp_get_num_devices()    = 4
omp_get_initial_device() = 4
Elapsed time:      0.013878 seconds
Total transferred: 4.861504 GB
P2P Bandwidth:     376.138450 GB/s
Verification:      PASS
    -> elapsed=0.013878s  bandwidth=376.138450 GB/s  status=ok

>>> Running: framework=cuda  version=v1  N=217500000
Elapsed time:      0.013059 s
Total transferred: 1.620501 GB
P2P Bandwidth:     133.239371 GB/s
Verification d_B (dev0→dev1): PASSED (1000/217500000 samples)
    -> elapsed=0.013059s  bandwidth=133.239371 GB/s  status=ok

>>> Running: framework=cuda  version=v2  N=217500000
Elapsed time:      0.013568 s
Total transferred: 3.241003 GB
P2P Bandwidth:     256.480894 GB/s
Verification d_C (dev0→dev1): PASSED (1000/217500000 samples)
Verification d_D (dev1→dev0): PASSED (1000/217500000 samples)
    -> elapsed=0.013568s  bandwidth=256.480894 GB/s  status=ok

>>> Running: framework=cuda  version=v4  N=217500000
Elapsed time:      0.013637 s
Total transferred: 4.861504 GB
P2P Bandwidth:     382.773775 GB/s
Verification d_B1 (dev1→dev0): PASSED (1000/217500000 samples)
Verification d_C1 (dev2→dev0): PASSED (1000/217500000 samples)
Verification d_D1 (dev3→dev0): PASSED (1000/217500000 samples)
    -> elapsed=0.013637s  bandwidth=382.773775 GB/s  status=ok

>>> Running: framework=acc  version=v1  N=217500000
Elapsed time:      0.013060 s
Total transferred: 1.620501 GB
P2P Bandwidth:     133.230292 GB/s
Verification d_B (dev0→dev1): PASSED (1000/217500000 samples)
    -> elapsed=0.013060s  bandwidth=133.230292 GB/s  status=ok

>>> Running: framework=acc  version=v2  N=217500000
Elapsed time:      0.014229 s
Total transferred: 3.241003 GB
P2P Bandwidth:     244.569929 GB/s
Verification d_C (dev0→dev1): PASSED (1000/217500000 samples)
Verification d_D (dev1→dev0): PASSED (1000/217500000 samples)
    -> elapsed=0.014229s  bandwidth=244.569929 GB/s  status=ok

>>> Running: framework=acc  version=v4  N=217500000
Elapsed time:      0.014396 s
Total transferred: 4.861504 GB
P2P Bandwidth:     362.601926 GB/s
Verification d_B1 (dev1→dev0): PASSED (1000/217500000 samples)
Verification d_C1 (dev2→dev0): PASSED (1000/217500000 samples)
Verification d_D1 (dev3→dev0): PASSED (1000/217500000 samples)
    -> elapsed=0.014396s  bandwidth=362.601926 GB/s  status=ok

===========================
N = 318750000
===========================

>>> Running: framework=omp_off  version=v1  N=318750000
omp_get_num_devices()    = 4
omp_get_initial_device() = 4
Elapsed time:      0.019218 seconds
Total transferred: 2.374873 GB
P2P Bandwidth:     132.686680 GB/s
Verification:      PASS
    -> elapsed=0.019218s  bandwidth=132.686680 GB/s  status=ok

>>> Running: framework=omp_off  version=v2  N=318750000
omp_get_num_devices()    = 4
omp_get_initial_device() = 4
Elapsed time:      0.020138 seconds
Total transferred: 4.749745 GB
P2P Bandwidth:     253.252239 GB/s
Verification:      PASS
    -> elapsed=0.020138s  bandwidth=253.252239 GB/s  status=ok

>>> Running: framework=omp_off  version=v4  N=318750000
omp_get_num_devices()    = 4
omp_get_initial_device() = 4
Elapsed time:      0.019959 seconds
Total transferred: 7.124618 GB
P2P Bandwidth:     383.286256 GB/s
Verification:      PASS
    -> elapsed=0.019959s  bandwidth=383.286256 GB/s  status=ok

>>> Running: framework=cuda  version=v1  N=318750000
Elapsed time:      0.019135 s
Total transferred: 2.374873 GB
P2P Bandwidth:     133.265576 GB/s
Verification d_B (dev0→dev1): PASSED (1000/318750000 samples)
    -> elapsed=0.019135s  bandwidth=133.265576 GB/s  status=ok

>>> Running: framework=cuda  version=v2  N=318750000
Elapsed time:      0.019686 s
Total transferred: 4.749745 GB
P2P Bandwidth:     259.063095 GB/s
Verification d_C (dev0→dev1): PASSED (1000/318750000 samples)
Verification d_D (dev1→dev0): PASSED (1000/318750000 samples)
    -> elapsed=0.019686s  bandwidth=259.063095 GB/s  status=ok

>>> Running: framework=cuda  version=v4  N=318750000
Elapsed time:      0.019647 s
Total transferred: 7.124618 GB
P2P Bandwidth:     389.373711 GB/s
Verification d_B1 (dev1→dev0): PASSED (1000/318750000 samples)
Verification d_C1 (dev2→dev0): PASSED (1000/318750000 samples)
Verification d_D1 (dev3→dev0): PASSED (1000/318750000 samples)
    -> elapsed=0.019647s  bandwidth=389.373711 GB/s  status=ok

>>> Running: framework=acc  version=v1  N=318750000
Elapsed time:      0.019135 s
Total transferred: 2.374873 GB
P2P Bandwidth:     133.263665 GB/s
Verification d_B (dev0→dev1): PASSED (1000/318750000 samples)
    -> elapsed=0.019135s  bandwidth=133.263665 GB/s  status=ok

>>> Running: framework=acc  version=v2  N=318750000
Elapsed time:      0.020160 s
Total transferred: 4.749745 GB
P2P Bandwidth:     252.976695 GB/s
Verification d_C (dev0→dev1): PASSED (1000/318750000 samples)
Verification d_D (dev1→dev0): PASSED (1000/318750000 samples)
    -> elapsed=0.020160s  bandwidth=252.976695 GB/s  status=ok

>>> Running: framework=acc  version=v4  N=318750000
Elapsed time:      0.020394 s
Total transferred: 7.124618 GB
P2P Bandwidth:     375.108729 GB/s
Verification d_B1 (dev1→dev0): PASSED (1000/318750000 samples)
Verification d_C1 (dev2→dev0): PASSED (1000/318750000 samples)
Verification d_D1 (dev3→dev0): PASSED (1000/318750000 samples)
    -> elapsed=0.020394s  bandwidth=375.108729 GB/s  status=ok

===========================
N = 418750000
===========================

>>> Running: framework=omp_off  version=v1  N=418750000
omp_get_num_devices()    = 4
omp_get_initial_device() = 4
Elapsed time:      0.025478 seconds
Total transferred: 3.119931 GB
P2P Bandwidth:     131.485345 GB/s
Verification:      PASS
    -> elapsed=0.025478s  bandwidth=131.485345 GB/s  status=ok

>>> Running: framework=omp_off  version=v2  N=418750000
omp_get_num_devices()    = 4
omp_get_initial_device() = 4
Elapsed time:      0.026167 seconds
Total transferred: 6.239861 GB
P2P Bandwidth:     256.048517 GB/s
Verification:      PASS
    -> elapsed=0.026167s  bandwidth=256.048517 GB/s  status=ok

>>> Running: framework=omp_off  version=v4  N=418750000
omp_get_num_devices()    = 4
omp_get_initial_device() = 4
Elapsed time:      0.026034 seconds
Total transferred: 9.359792 GB
P2P Bandwidth:     386.035452 GB/s
Verification:      PASS
    -> elapsed=0.026034s  bandwidth=386.035452 GB/s  status=ok

>>> Running: framework=cuda  version=v1  N=418750000
Elapsed time:      0.025135 s
Total transferred: 3.119931 GB
P2P Bandwidth:     133.279496 GB/s
Verification d_B (dev0→dev1): PASSED (1000/418750000 samples)
    -> elapsed=0.025135s  bandwidth=133.279496 GB/s  status=ok

>>> Running: framework=cuda  version=v2  N=418750000
Elapsed time:      0.025686 s
Total transferred: 6.239861 GB
P2P Bandwidth:     260.844676 GB/s
Verification d_C (dev0→dev1): PASSED (1000/418750000 samples)
Verification d_D (dev1→dev0): PASSED (1000/418750000 samples)
    -> elapsed=0.025686s  bandwidth=260.844676 GB/s  status=ok

>>> Running: framework=cuda  version=v4  N=418750000
Elapsed time:      0.025660 s
Total transferred: 9.359792 GB
P2P Bandwidth:     391.664951 GB/s
Verification d_B1 (dev1→dev0): PASSED (1000/418750000 samples)
Verification d_C1 (dev2→dev0): PASSED (1000/418750000 samples)
Verification d_D1 (dev3→dev0): PASSED (1000/418750000 samples)
    -> elapsed=0.025660s  bandwidth=391.664951 GB/s  status=ok

>>> Running: framework=acc  version=v1  N=418750000
Elapsed time:      0.025135 s
Total transferred: 3.119931 GB
P2P Bandwidth:     133.280073 GB/s
Verification d_B (dev0→dev1): PASSED (1000/418750000 samples)
    -> elapsed=0.025135s  bandwidth=133.280073 GB/s  status=ok

>>> Running: framework=acc  version=v2  N=418750000
Elapsed time:      0.026172 s
Total transferred: 6.239861 GB
P2P Bandwidth:     255.999534 GB/s
Verification d_C (dev0→dev1): PASSED (1000/418750000 samples)
Verification d_D (dev1→dev0): PASSED (1000/418750000 samples)
    -> elapsed=0.026172s  bandwidth=255.999534 GB/s  status=ok

>>> Running: framework=acc  version=v4  N=418750000
Elapsed time:      0.026213 s
Total transferred: 9.359792 GB
P2P Bandwidth:     383.398565 GB/s
Verification d_B1 (dev1→dev0): PASSED (1000/418750000 samples)
Verification d_C1 (dev2→dev0): PASSED (1000/418750000 samples)
Verification d_D1 (dev3→dev0): PASSED (1000/418750000 samples)
    -> elapsed=0.026213s  bandwidth=383.398565 GB/s  status=ok

===========================
N = 520000000
===========================

>>> Running: framework=omp_off  version=v1  N=520000000
omp_get_num_devices()    = 4
omp_get_initial_device() = 4
Elapsed time:      0.031456 seconds
Total transferred: 3.874302 GB
P2P Bandwidth:     132.248246 GB/s
Verification:      PASS
    -> elapsed=0.031456s  bandwidth=132.248246 GB/s  status=ok

>>> Running: framework=omp_off  version=v2  N=520000000
omp_get_num_devices()    = 4
omp_get_initial_device() = 4
Elapsed time:      0.032224 seconds
Total transferred: 7.748604 GB
P2P Bandwidth:     258.193133 GB/s
Verification:      PASS
    -> elapsed=0.032224s  bandwidth=258.193133 GB/s  status=ok

>>> Running: framework=omp_off  version=v4  N=520000000
omp_get_num_devices()    = 4
omp_get_initial_device() = 4
Elapsed time:      0.032149 seconds
Total transferred: 11.622906 GB
P2P Bandwidth:     388.194434 GB/s
Verification:      PASS
    -> elapsed=0.032149s  bandwidth=388.194434 GB/s  status=ok

>>> Running: framework=cuda  version=v1  N=520000000
Elapsed time:      0.031210 s
Total transferred: 3.874302 GB
P2P Bandwidth:     133.291043 GB/s
Verification d_B (dev0→dev1): PASSED (1000/520000000 samples)
    -> elapsed=0.031210s  bandwidth=133.291043 GB/s  status=ok

>>> Running: framework=cuda  version=v2  N=520000000
Elapsed time:      0.031789 s
Total transferred: 7.748604 GB
P2P Bandwidth:     261.726957 GB/s
Verification d_C (dev0→dev1): PASSED (1000/520000000 samples)
Verification d_D (dev1→dev0): PASSED (1000/520000000 samples)
    -> elapsed=0.031789s  bandwidth=261.726957 GB/s  status=ok

>>> Running: framework=cuda  version=v4  N=520000000
Elapsed time:      0.031734 s
Total transferred: 11.622906 GB
P2P Bandwidth:     393.264897 GB/s
Verification d_B1 (dev1→dev0): PASSED (1000/520000000 samples)
Verification d_C1 (dev2→dev0): PASSED (1000/520000000 samples)
Verification d_D1 (dev3→dev0): PASSED (1000/520000000 samples)
    -> elapsed=0.031734s  bandwidth=393.264897 GB/s  status=ok

>>> Running: framework=acc  version=v1  N=520000000
Elapsed time:      0.031210 s
Total transferred: 3.874302 GB
P2P Bandwidth:     133.290844 GB/s
Verification d_B (dev0→dev1): PASSED (1000/520000000 samples)
    -> elapsed=0.031210s  bandwidth=133.290844 GB/s  status=ok

>>> Running: framework=acc  version=v2  N=520000000
Elapsed time:      0.032465 s
Total transferred: 7.748604 GB
P2P Bandwidth:     256.276139 GB/s
Verification d_C (dev0→dev1): PASSED (1000/520000000 samples)
Verification d_D (dev1→dev0): PASSED (1000/520000000 samples)
    -> elapsed=0.032465s  bandwidth=256.276139 GB/s  status=ok

>>> Running: framework=acc  version=v4  N=520000000
Elapsed time:      0.032338 s
Total transferred: 11.622906 GB
P2P Bandwidth:     385.924827 GB/s
Verification d_B1 (dev1→dev0): PASSED (1000/520000000 samples)
Verification d_C1 (dev2→dev0): PASSED (1000/520000000 samples)
Verification d_D1 (dev3→dev0): PASSED (1000/520000000 samples)
    -> elapsed=0.032338s  bandwidth=385.924827 GB/s  status=ok

===========================
N = 1240000000
===========================

>>> Running: framework=omp_off  version=v1  N=1240000000
omp_get_num_devices()    = 4
omp_get_initial_device() = 4
Elapsed time:      0.075218 seconds
Total transferred: 9.238720 GB
P2P Bandwidth:     131.883392 GB/s
Verification:      PASS
    -> elapsed=0.075218s  bandwidth=131.883392 GB/s  status=ok

>>> Running: framework=omp_off  version=v2  N=1240000000
omp_get_num_devices()    = 4
omp_get_initial_device() = 4
Elapsed time:      0.076158 seconds
Total transferred: 18.477440 GB
P2P Bandwidth:     260.510883 GB/s
Verification:      PASS
    -> elapsed=0.076158s  bandwidth=260.510883 GB/s  status=ok

>>> Running: framework=omp_off  version=v4  N=1240000000
omp_get_num_devices()    = 4
omp_get_initial_device() = 4
Elapsed time:      0.075490 seconds
Total transferred: 27.716160 GB
P2P Bandwidth:     394.224412 GB/s
Verification:      PASS
    -> elapsed=0.075490s  bandwidth=394.224412 GB/s  status=ok

>>> Running: framework=cuda  version=v1  N=1240000000
Elapsed time:      0.074880 s
Total transferred: 9.238720 GB
P2P Bandwidth:     132.478694 GB/s
Verification d_B (dev0→dev1): PASSED (1000/1240000000 samples)
    -> elapsed=0.074880s  bandwidth=132.478694 GB/s  status=ok

>>> Running: framework=cuda  version=v2  N=1240000000
Elapsed time:      0.075715 s
Total transferred: 18.477440 GB
P2P Bandwidth:     262.035413 GB/s
Verification d_C (dev0→dev1): PASSED (1000/1240000000 samples)
Verification d_D (dev1→dev0): PASSED (1000/1240000000 samples)
    -> elapsed=0.075715s  bandwidth=262.035413 GB/s  status=ok

>>> Running: framework=cuda  version=v4  N=1240000000
Elapsed time:      0.075247 s
Total transferred: 27.716160 GB
P2P Bandwidth:     395.499997 GB/s
Verification d_B1 (dev1→dev0): PASSED (1000/1240000000 samples)
Verification d_C1 (dev2→dev0): PASSED (1000/1240000000 samples)
Verification d_D1 (dev3→dev0): PASSED (1000/1240000000 samples)
    -> elapsed=0.075247s  bandwidth=395.499997 GB/s  status=ok

>>> Running: framework=acc  version=v1  N=1240000000
Elapsed time:      0.074880 s
Total transferred: 9.238720 GB
P2P Bandwidth:     132.478415 GB/s
Verification d_B (dev0→dev1): PASSED (1000/1240000000 samples)
    -> elapsed=0.074880s  bandwidth=132.478415 GB/s  status=ok

>>> Running: framework=acc  version=v2  N=1240000000
Elapsed time:      0.076195 s
Total transferred: 18.477440 GB
P2P Bandwidth:     260.384534 GB/s
Verification d_C (dev0→dev1): PASSED (1000/1240000000 samples)
Verification d_D (dev1→dev0): PASSED (1000/1240000000 samples)
    -> elapsed=0.076195s  bandwidth=260.384534 GB/s  status=ok

>>> Running: framework=acc  version=v4  N=1240000000
Elapsed time:      0.075392 s
Total transferred: 27.716160 GB
P2P Bandwidth:     394.736801 GB/s
Verification d_B1 (dev1→dev0): PASSED (1000/1240000000 samples)
Verification d_C1 (dev2→dev0): PASSED (1000/1240000000 samples)
Verification d_D1 (dev3→dev0): PASSED (1000/1240000000 samples)
    -> elapsed=0.075392s  bandwidth=394.736801 GB/s  status=ok

===========================
N = 58750000  (4-to-4)
===========================

>>> Running: framework=omp_off  version=v4_4  N=58750000
omp_get_num_devices()    = 4
omp_get_initial_device() = 4
Elapsed time:      0.009489 seconds
Total transferred: 5.252659 GB
P2P Bandwidth:     594.383642 GB/s
Verification:      PASS
    -> elapsed=0.009489s  bandwidth=594.383642 GB/s  status=ok

>>> Running: framework=cuda  version=v4_4  N=58750000
Elapsed time:      0.004168 s
Total transferred: 5.252659 GB
P2P Bandwidth:     1353.259869 GB/s
Verification d_A2  (dev0→dev1): PASSED (1000/58750000 samples)
Verification d_A3  (dev0→dev2): PASSED (1000/58750000 samples)
Verification d_A4  (dev0→dev3): PASSED (1000/58750000 samples)
Verification d_B1  (dev1→dev0): PASSED (1000/58750000 samples)
Verification d_B3  (dev1→dev2): PASSED (1000/58750000 samples)
Verification d_B4  (dev1→dev3): PASSED (1000/58750000 samples)
Verification d_C1  (dev2→dev0): PASSED (1000/58750000 samples)
Verification d_C2  (dev2→dev1): PASSED (1000/58750000 samples)
Verification d_C4  (dev2→dev3): PASSED (1000/58750000 samples)
Verification d_D1  (dev3→dev0): PASSED (1000/58750000 samples)
Verification d_D2  (dev3→dev1): PASSED (1000/58750000 samples)
Verification d_D3  (dev3→dev2): PASSED (1000/58750000 samples)
    -> elapsed=0.004168s  bandwidth=1353.259869 GB/s  status=ok

>>> Running: framework=acc  version=v4_4  N=58750000
Elapsed time:      0.005580 s
Total transferred: 5.252659 GB
P2P Bandwidth:     1010.718845 GB/s
Verification d_C1 (dev2→dev0): PASSED (1000/58750000 samples)
Verification d_D1 (dev3→dev0): PASSED (1000/58750000 samples)
Verification d_A2 (dev0→dev1): PASSED (1000/58750000 samples)
Verification d_C2 (dev2→dev1): PASSED (1000/58750000 samples)
Verification d_D2 (dev3→dev1): PASSED (1000/58750000 samples)
Verification d_A3 (dev0→dev2): PASSED (1000/58750000 samples)
Verification d_B3 (dev1→dev2): PASSED (1000/58750000 samples)
Verification d_D3 (dev3→dev2): PASSED (1000/58750000 samples)
Verification d_A4 (dev0→dev3): PASSED (1000/58750000 samples)
Verification d_B4 (dev1→dev3): PASSED (1000/58750000 samples)
Verification d_C4 (dev2→dev3): PASSED (1000/58750000 samples)
    -> elapsed=0.005580s  bandwidth=1010.718845 GB/s  status=ok

===========================
N = 108750000  (4-to-4)
===========================

>>> Running: framework=omp_off  version=v4_4  N=108750000
omp_get_num_devices()    = 4
omp_get_initial_device() = 4
Elapsed time:      0.017756 seconds
Total transferred: 9.723008 GB
P2P Bandwidth:     587.970752 GB/s
Verification:      PASS
    -> elapsed=0.017756s  bandwidth=587.970752 GB/s  status=ok

>>> Running: framework=cuda  version=v4_4  N=108750000
Elapsed time:      0.007304 s
Total transferred: 9.723008 GB
P2P Bandwidth:     1429.259269 GB/s
Verification d_A2  (dev0→dev1): PASSED (1000/108750000 samples)
Verification d_A3  (dev0→dev2): PASSED (1000/108750000 samples)
Verification d_A4  (dev0→dev3): PASSED (1000/108750000 samples)
Verification d_B1  (dev1→dev0): PASSED (1000/108750000 samples)
Verification d_B3  (dev1→dev2): PASSED (1000/108750000 samples)
Verification d_B4  (dev1→dev3): PASSED (1000/108750000 samples)
Verification d_C1  (dev2→dev0): PASSED (1000/108750000 samples)
Verification d_C2  (dev2→dev1): PASSED (1000/108750000 samples)
Verification d_C4  (dev2→dev3): PASSED (1000/108750000 samples)
Verification d_D1  (dev3→dev0): PASSED (1000/108750000 samples)
Verification d_D2  (dev3→dev1): PASSED (1000/108750000 samples)
Verification d_D3  (dev3→dev2): PASSED (1000/108750000 samples)
    -> elapsed=0.007304s  bandwidth=1429.259269 GB/s  status=ok

>>> Running: framework=acc  version=v4_4  N=108750000
Elapsed time:      0.008983 s
Total transferred: 9.723008 GB
P2P Bandwidth:     1162.177763 GB/s
Verification d_C1 (dev2→dev0): PASSED (1000/108750000 samples)
Verification d_D1 (dev3→dev0): PASSED (1000/108750000 samples)
Verification d_A2 (dev0→dev1): PASSED (1000/108750000 samples)
Verification d_C2 (dev2→dev1): PASSED (1000/108750000 samples)
Verification d_D2 (dev3→dev1): PASSED (1000/108750000 samples)
Verification d_A3 (dev0→dev2): PASSED (1000/108750000 samples)
Verification d_B3 (dev1→dev2): PASSED (1000/108750000 samples)
Verification d_D3 (dev3→dev2): PASSED (1000/108750000 samples)
Verification d_A4 (dev0→dev3): PASSED (1000/108750000 samples)
Verification d_B4 (dev1→dev3): PASSED (1000/108750000 samples)
Verification d_C4 (dev2→dev3): PASSED (1000/108750000 samples)
    -> elapsed=0.008983s  bandwidth=1162.177763 GB/s  status=ok

===========================
N = 159375000  (4-to-4)
===========================

>>> Running: framework=omp_off  version=v4_4  N=159375000
omp_get_num_devices()    = 4
omp_get_initial_device() = 4
Elapsed time:      0.029441 seconds
Total transferred: 14.249235 GB
P2P Bandwidth:     519.681348 GB/s
Verification:      PASS
    -> elapsed=0.029441s  bandwidth=519.681348 GB/s  status=ok

>>> Running: framework=cuda  version=v4_4  N=159375000
Elapsed time:      0.010247 s
Total transferred: 14.249235 GB
P2P Bandwidth:     1493.081767 GB/s
Verification d_A2  (dev0→dev1): PASSED (1000/159375000 samples)
Verification d_A3  (dev0→dev2): PASSED (1000/159375000 samples)
Verification d_A4  (dev0→dev3): PASSED (1000/159375000 samples)
Verification d_B1  (dev1→dev0): PASSED (1000/159375000 samples)
Verification d_B3  (dev1→dev2): PASSED (1000/159375000 samples)
Verification d_B4  (dev1→dev3): PASSED (1000/159375000 samples)
Verification d_C1  (dev2→dev0): PASSED (1000/159375000 samples)
Verification d_C2  (dev2→dev1): PASSED (1000/159375000 samples)
Verification d_C4  (dev2→dev3): PASSED (1000/159375000 samples)
Verification d_D1  (dev3→dev0): PASSED (1000/159375000 samples)
Verification d_D2  (dev3→dev1): PASSED (1000/159375000 samples)
Verification d_D3  (dev3→dev2): PASSED (1000/159375000 samples)
    -> elapsed=0.010247s  bandwidth=1493.081767 GB/s  status=ok

>>> Running: framework=acc  version=v4_4  N=159375000
Elapsed time:      0.012613 s
Total transferred: 14.249235 GB
P2P Bandwidth:     1213.051514 GB/s
Verification d_C1 (dev2→dev0): PASSED (1000/159375000 samples)
Verification d_D1 (dev3→dev0): PASSED (1000/159375000 samples)
Verification d_A2 (dev0→dev1): PASSED (1000/159375000 samples)
Verification d_C2 (dev2→dev1): PASSED (1000/159375000 samples)
Verification d_D2 (dev3→dev1): PASSED (1000/159375000 samples)
Verification d_A3 (dev0→dev2): PASSED (1000/159375000 samples)
Verification d_B3 (dev1→dev2): PASSED (1000/159375000 samples)
Verification d_D3 (dev3→dev2): PASSED (1000/159375000 samples)
Verification d_A4 (dev0→dev3): PASSED (1000/159375000 samples)
Verification d_B4 (dev1→dev3): PASSED (1000/159375000 samples)
Verification d_C4 (dev2→dev3): PASSED (1000/159375000 samples)
    -> elapsed=0.012613s  bandwidth=1213.051514 GB/s  status=ok

===========================
N = 209375000  (4-to-4)
===========================

>>> Running: framework=omp_off  version=v4_4  N=209375000
omp_get_num_devices()    = 4
omp_get_initial_device() = 4
Elapsed time:      0.038859 seconds
Total transferred: 18.719584 GB
P2P Bandwidth:     517.256147 GB/s
Verification:      PASS
    -> elapsed=0.038859s  bandwidth=517.256147 GB/s  status=ok

>>> Running: framework=cuda  version=v4_4  N=209375000
Elapsed time:      0.013274 s
Total transferred: 18.719584 GB
P2P Bandwidth:     1514.244639 GB/s
Verification d_A2  (dev0→dev1): PASSED (1000/209375000 samples)
Verification d_A3  (dev0→dev2): PASSED (1000/209375000 samples)
Verification d_A4  (dev0→dev3): PASSED (1000/209375000 samples)
Verification d_B1  (dev1→dev0): PASSED (1000/209375000 samples)
Verification d_B3  (dev1→dev2): PASSED (1000/209375000 samples)
Verification d_B4  (dev1→dev3): PASSED (1000/209375000 samples)
Verification d_C1  (dev2→dev0): PASSED (1000/209375000 samples)
Verification d_C2  (dev2→dev1): PASSED (1000/209375000 samples)
Verification d_C4  (dev2→dev3): PASSED (1000/209375000 samples)
Verification d_D1  (dev3→dev0): PASSED (1000/209375000 samples)
Verification d_D2  (dev3→dev1): PASSED (1000/209375000 samples)
Verification d_D3  (dev3→dev2): PASSED (1000/209375000 samples)
    -> elapsed=0.013274s  bandwidth=1514.244639 GB/s  status=ok

>>> Running: framework=acc  version=v4_4  N=209375000
Elapsed time:      0.016089 s
Total transferred: 18.719584 GB
P2P Bandwidth:     1249.303672 GB/s
Verification d_C1 (dev2→dev0): PASSED (1000/209375000 samples)
Verification d_D1 (dev3→dev0): PASSED (1000/209375000 samples)
Verification d_A2 (dev0→dev1): PASSED (1000/209375000 samples)
Verification d_C2 (dev2→dev1): PASSED (1000/209375000 samples)
Verification d_D2 (dev3→dev1): PASSED (1000/209375000 samples)
Verification d_A3 (dev0→dev2): PASSED (1000/209375000 samples)
Verification d_B3 (dev1→dev2): PASSED (1000/209375000 samples)
Verification d_D3 (dev3→dev2): PASSED (1000/209375000 samples)
Verification d_A4 (dev0→dev3): PASSED (1000/209375000 samples)
Verification d_B4 (dev1→dev3): PASSED (1000/209375000 samples)
Verification d_C4 (dev2→dev3): PASSED (1000/209375000 samples)
    -> elapsed=0.016089s  bandwidth=1249.303672 GB/s  status=ok

===========================
N = 260000000  (4-to-4)
===========================

>>> Running: framework=omp_off  version=v4_4  N=260000000
omp_get_num_devices()    = 4
omp_get_initial_device() = 4
Elapsed time:      0.049275 seconds
Total transferred: 23.245811 GB
P2P Bandwidth:     506.545709 GB/s
Verification:      PASS
    -> elapsed=0.049275s  bandwidth=506.545709 GB/s  status=ok

>>> Running: framework=cuda  version=v4_4  N=260000000
Elapsed time:      0.016356 s
Total transferred: 23.245811 GB
P2P Bandwidth:     1526.004618 GB/s
Verification d_A2  (dev0→dev1): PASSED (1000/260000000 samples)
Verification d_A3  (dev0→dev2): PASSED (1000/260000000 samples)
Verification d_A4  (dev0→dev3): PASSED (1000/260000000 samples)
Verification d_B1  (dev1→dev0): PASSED (1000/260000000 samples)
Verification d_B3  (dev1→dev2): PASSED (1000/260000000 samples)
Verification d_B4  (dev1→dev3): PASSED (1000/260000000 samples)
Verification d_C1  (dev2→dev0): PASSED (1000/260000000 samples)
Verification d_C2  (dev2→dev1): PASSED (1000/260000000 samples)
Verification d_C4  (dev2→dev3): PASSED (1000/260000000 samples)
Verification d_D1  (dev3→dev0): PASSED (1000/260000000 samples)
Verification d_D2  (dev3→dev1): PASSED (1000/260000000 samples)
Verification d_D3  (dev3→dev2): PASSED (1000/260000000 samples)
    -> elapsed=0.016356s  bandwidth=1526.004618 GB/s  status=ok

>>> Running: framework=acc  version=v4_4  N=260000000
Elapsed time:      0.019633 s
Total transferred: 23.245811 GB
P2P Bandwidth:     1271.325341 GB/s
Verification d_C1 (dev2→dev0): PASSED (1000/260000000 samples)
Verification d_D1 (dev3→dev0): PASSED (1000/260000000 samples)
Verification d_A2 (dev0→dev1): PASSED (1000/260000000 samples)
Verification d_C2 (dev2→dev1): PASSED (1000/260000000 samples)
Verification d_D2 (dev3→dev1): PASSED (1000/260000000 samples)
Verification d_A3 (dev0→dev2): PASSED (1000/260000000 samples)
Verification d_B3 (dev1→dev2): PASSED (1000/260000000 samples)
Verification d_D3 (dev3→dev2): PASSED (1000/260000000 samples)
Verification d_A4 (dev0→dev3): PASSED (1000/260000000 samples)
Verification d_B4 (dev1→dev3): PASSED (1000/260000000 samples)
Verification d_C4 (dev2→dev3): PASSED (1000/260000000 samples)
    -> elapsed=0.019633s  bandwidth=1271.325341 GB/s  status=ok

===========================
N = 310000000  (4-to-4)
===========================

>>> Running: framework=omp_off  version=v4_4  N=310000000
omp_get_num_devices()    = 4
omp_get_initial_device() = 4
Elapsed time:      0.048055 seconds
Total transferred: 27.716160 GB
P2P Bandwidth:     619.288180 GB/s
Verification:      PASS
    -> elapsed=0.048055s  bandwidth=619.288180 GB/s  status=ok

>>> Running: framework=cuda  version=v4_4  N=310000000
Elapsed time:      0.019298 s
Total transferred: 27.716160 GB
P2P Bandwidth:     1542.120399 GB/s
Verification d_A2  (dev0→dev1): PASSED (1000/310000000 samples)
Verification d_A3  (dev0→dev2): PASSED (1000/310000000 samples)
Verification d_A4  (dev0→dev3): PASSED (1000/310000000 samples)
Verification d_B1  (dev1→dev0): PASSED (1000/310000000 samples)
Verification d_B3  (dev1→dev2): PASSED (1000/310000000 samples)
Verification d_B4  (dev1→dev3): PASSED (1000/310000000 samples)
Verification d_C1  (dev2→dev0): PASSED (1000/310000000 samples)
Verification d_C2  (dev2→dev1): PASSED (1000/310000000 samples)
Verification d_C4  (dev2→dev3): PASSED (1000/310000000 samples)
Verification d_D1  (dev3→dev0): PASSED (1000/310000000 samples)
Verification d_D2  (dev3→dev1): PASSED (1000/310000000 samples)
Verification d_D3  (dev3→dev2): PASSED (1000/310000000 samples)
    -> elapsed=0.019298s  bandwidth=1542.120399 GB/s  status=ok

>>> Running: framework=acc  version=v4_4  N=310000000
Elapsed time:      0.023342 s
Total transferred: 27.716160 GB
P2P Bandwidth:     1274.960798 GB/s
Verification d_C1 (dev2→dev0): PASSED (1000/310000000 samples)
Verification d_D1 (dev3→dev0): PASSED (1000/310000000 samples)
Verification d_A2 (dev0→dev1): PASSED (1000/310000000 samples)
Verification d_C2 (dev2→dev1): PASSED (1000/310000000 samples)
Verification d_D2 (dev3→dev1): PASSED (1000/310000000 samples)
Verification d_A3 (dev0→dev2): PASSED (1000/310000000 samples)
Verification d_B3 (dev1→dev2): PASSED (1000/310000000 samples)
Verification d_D3 (dev3→dev2): PASSED (1000/310000000 samples)
Verification d_A4 (dev0→dev3): PASSED (1000/310000000 samples)
Verification d_B4 (dev1→dev3): PASSED (1000/310000000 samples)
Verification d_C4 (dev2→dev3): PASSED (1000/310000000 samples)
    -> elapsed=0.023342s  bandwidth=1274.960798 GB/s  status=ok
