============================================================
Job ID     : 38481356
Timestamp  : 20260401_215930
Results dir: results_38481356_20260401_215930
CLEAN_LD_PATH: /apps/ACC/CLANG/18.1.8/lib:/apps/ACC/CUDA/12.8/extras/CUPTI/lib64:/apps/ACC/CUDA/12.8/nvvm/lib64:/apps/ACC/CUDA/12.8/lib64:/apps/ACC/EASYBUILD/software/binutils/2.40-GCCcore-13.2.0/lib:/apps/ACC/EASYBUILD/software/zlib/1.2.13-GCCcore-13.2.0/lib:/apps/ACC/EASYBUILD/software/GCCcore/13.2.0/lib64
============================================================

============================================================
Starting benchmarks
============================================================

===========================
N = 117500000
===========================

>>> Running: framework=omp_off  version=v1  N=117500000
omp_get_num_devices()    = 4
omp_get_initial_device() = 4
Elapsed time:      0.007150 seconds
Total transferred: 0.875443 GB
P2P Bandwidth:     131.465347 GB/s
Verification:      PASS
    -> elapsed=0.007150s  bandwidth=131.465347 GB/s  status=ok

>>> Running: framework=omp_off  version=v2  N=117500000
omp_get_num_devices()    = 4
omp_get_initial_device() = 4
Elapsed time:      0.008059 seconds
Total transferred: 1.750886 GB
P2P Bandwidth:     233.278845 GB/s
Verification:      PASS
    -> elapsed=0.008059s  bandwidth=233.278845 GB/s  status=ok

>>> Running: framework=omp_off  version=v4  N=117500000
omp_get_num_devices()    = 4
omp_get_initial_device() = 4
Elapsed time:      0.008276 seconds
Total transferred: 2.626330 GB
P2P Bandwidth:     340.744909 GB/s
Verification:      PASS
    -> elapsed=0.008276s  bandwidth=340.744909 GB/s  status=ok

>>> Running: framework=cuda  version=v1  N=117500000
Elapsed time:      0.007062 s
Total transferred: 0.875443 GB
P2P Bandwidth:     133.111971 GB/s
Verification d_B (dev0→dev1): PASSED (1000/117500000 samples)
    -> elapsed=0.007062s  bandwidth=133.111971 GB/s  status=ok

>>> Running: framework=cuda  version=v2  N=117500000
Elapsed time:      0.007690 s
Total transferred: 1.750886 GB
P2P Bandwidth:     244.472102 GB/s
Verification d_C (dev0→dev1): PASSED (1000/117500000 samples)
Verification d_D (dev1→dev0): PASSED (1000/117500000 samples)
    -> elapsed=0.007690s  bandwidth=244.472102 GB/s  status=ok

>>> Running: framework=cuda  version=v4  N=117500000
Elapsed time:      0.007806 s
Total transferred: 2.626330 GB
P2P Bandwidth:     361.261124 GB/s
Verification d_B1 (dev1→dev0): PASSED (1000/117500000 samples)
Verification d_C1 (dev2→dev0): PASSED (1000/117500000 samples)
Verification d_D1 (dev3→dev0): PASSED (1000/117500000 samples)
    -> elapsed=0.007806s  bandwidth=361.261124 GB/s  status=ok

>>> Running: framework=acc  version=v1  N=117500000
Elapsed time:      0.007059 s
Total transferred: 0.875443 GB
P2P Bandwidth:     133.161502 GB/s
Verification d_B (dev0→dev1): PASSED (1000/117500000 samples)
    -> elapsed=0.007059s  bandwidth=133.161502 GB/s  status=ok

>>> Running: framework=acc  version=v2  N=117500000
Elapsed time:      0.008366 s
Total transferred: 1.750886 GB
P2P Bandwidth:     224.716202 GB/s
Verification d_C (dev0→dev1): PASSED (1000/117500000 samples)
Verification d_D (dev1→dev0): PASSED (1000/117500000 samples)
    -> elapsed=0.008366s  bandwidth=224.716202 GB/s  status=ok

>>> Running: framework=acc  version=v4  N=117500000
Elapsed time:      0.008235 s
Total transferred: 2.626330 GB
P2P Bandwidth:     342.441728 GB/s
Verification d_B1 (dev1→dev0): PASSED (1000/117500000 samples)
Verification d_C1 (dev2→dev0): PASSED (1000/117500000 samples)
Verification d_D1 (dev3→dev0): PASSED (1000/117500000 samples)
    -> elapsed=0.008235s  bandwidth=342.441728 GB/s  status=ok

===========================
N = 217500000
===========================

>>> Running: framework=omp_off  version=v1  N=217500000
omp_get_num_devices()    = 4
omp_get_initial_device() = 4
Elapsed time:      0.013429 seconds
Total transferred: 1.620501 GB
P2P Bandwidth:     129.568742 GB/s
Verification:      PASS
    -> elapsed=0.013429s  bandwidth=129.568742 GB/s  status=ok

>>> Running: framework=omp_off  version=v2  N=217500000
omp_get_num_devices()    = 4
omp_get_initial_device() = 4
Elapsed time:      0.014329 seconds
Total transferred: 3.241003 GB
P2P Bandwidth:     242.864857 GB/s
Verification:      PASS
    -> elapsed=0.014329s  bandwidth=242.864857 GB/s  status=ok

>>> Running: framework=omp_off  version=v4  N=217500000
omp_get_num_devices()    = 4
omp_get_initial_device() = 4
Elapsed time:      0.014213 seconds
Total transferred: 4.861504 GB
P2P Bandwidth:     367.273361 GB/s
Verification:      PASS
    -> elapsed=0.014213s  bandwidth=367.273361 GB/s  status=ok

>>> Running: framework=cuda  version=v1  N=217500000
Elapsed time:      0.013061 s
Total transferred: 1.620501 GB
P2P Bandwidth:     133.225732 GB/s
Verification d_B (dev0→dev1): PASSED (1000/217500000 samples)
    -> elapsed=0.013061s  bandwidth=133.225732 GB/s  status=ok

>>> Running: framework=cuda  version=v2  N=217500000
Elapsed time:      0.013686 s
Total transferred: 3.241003 GB
P2P Bandwidth:     254.278659 GB/s
Verification d_C (dev0→dev1): PASSED (1000/217500000 samples)
Verification d_D (dev1→dev0): PASSED (1000/217500000 samples)
    -> elapsed=0.013686s  bandwidth=254.278659 GB/s  status=ok

>>> Running: framework=cuda  version=v4  N=217500000
Elapsed time:      0.013665 s
Total transferred: 4.861504 GB
P2P Bandwidth:     381.997162 GB/s
Verification d_B1 (dev1→dev0): PASSED (1000/217500000 samples)
Verification d_C1 (dev2→dev0): PASSED (1000/217500000 samples)
Verification d_D1 (dev3→dev0): PASSED (1000/217500000 samples)
    -> elapsed=0.013665s  bandwidth=381.997162 GB/s  status=ok

>>> Running: framework=acc  version=v1  N=217500000
Elapsed time:      0.013060 s
Total transferred: 1.620501 GB
P2P Bandwidth:     133.230292 GB/s
Verification d_B (dev0→dev1): PASSED (1000/217500000 samples)
    -> elapsed=0.013060s  bandwidth=133.230292 GB/s  status=ok

>>> Running: framework=acc  version=v2  N=217500000
Elapsed time:      0.014162 s
Total transferred: 3.241003 GB
P2P Bandwidth:     245.726901 GB/s
Verification d_C (dev0→dev1): PASSED (1000/217500000 samples)
Verification d_D (dev1→dev0): PASSED (1000/217500000 samples)
    -> elapsed=0.014162s  bandwidth=245.726901 GB/s  status=ok

>>> Running: framework=acc  version=v4  N=217500000
Elapsed time:      0.014510 s
Total transferred: 4.861504 GB
P2P Bandwidth:     359.753970 GB/s
Verification d_B1 (dev1→dev0): PASSED (1000/217500000 samples)
Verification d_C1 (dev2→dev0): PASSED (1000/217500000 samples)
Verification d_D1 (dev3→dev0): PASSED (1000/217500000 samples)
    -> elapsed=0.014510s  bandwidth=359.753970 GB/s  status=ok

===========================
N = 318750000
===========================

>>> Running: framework=omp_off  version=v1  N=318750000
omp_get_num_devices()    = 4
omp_get_initial_device() = 4
Elapsed time:      0.019617 seconds
Total transferred: 2.374873 GB
P2P Bandwidth:     129.988760 GB/s
Verification:      PASS
    -> elapsed=0.019617s  bandwidth=129.988760 GB/s  status=ok

>>> Running: framework=omp_off  version=v2  N=318750000
omp_get_num_devices()    = 4
omp_get_initial_device() = 4
Elapsed time:      0.020340 seconds
Total transferred: 4.749745 GB
P2P Bandwidth:     250.737884 GB/s
Verification:      PASS
    -> elapsed=0.020340s  bandwidth=250.737884 GB/s  status=ok

>>> Running: framework=omp_off  version=v4  N=318750000
omp_get_num_devices()    = 4
omp_get_initial_device() = 4
Elapsed time:      0.020311 seconds
Total transferred: 7.124618 GB
P2P Bandwidth:     376.641025 GB/s
Verification:      PASS
    -> elapsed=0.020311s  bandwidth=376.641025 GB/s  status=ok

>>> Running: framework=cuda  version=v1  N=318750000
Elapsed time:      0.019134 s
Total transferred: 2.374873 GB
P2P Bandwidth:     133.269106 GB/s
Verification d_B (dev0→dev1): PASSED (1000/318750000 samples)
    -> elapsed=0.019134s  bandwidth=133.269106 GB/s  status=ok

>>> Running: framework=cuda  version=v2  N=318750000
Elapsed time:      0.019744 s
Total transferred: 4.749745 GB
P2P Bandwidth:     258.301807 GB/s
Verification d_C (dev0→dev1): PASSED (1000/318750000 samples)
Verification d_D (dev1→dev0): PASSED (1000/318750000 samples)
    -> elapsed=0.019744s  bandwidth=258.301807 GB/s  status=ok

>>> Running: framework=cuda  version=v4  N=318750000
Elapsed time:      0.019845 s
Total transferred: 7.124618 GB
P2P Bandwidth:     385.493278 GB/s
Verification d_B1 (dev1→dev0): PASSED (1000/318750000 samples)
Verification d_C1 (dev2→dev0): PASSED (1000/318750000 samples)
Verification d_D1 (dev3→dev0): PASSED (1000/318750000 samples)
    -> elapsed=0.019845s  bandwidth=385.493278 GB/s  status=ok

>>> Running: framework=acc  version=v1  N=318750000
Elapsed time:      0.019135 s
Total transferred: 2.374873 GB
P2P Bandwidth:     133.263665 GB/s
Verification d_B (dev0→dev1): PASSED (1000/318750000 samples)
    -> elapsed=0.019135s  bandwidth=133.263665 GB/s  status=ok

>>> Running: framework=acc  version=v2  N=318750000
Elapsed time:      0.020230 s
Total transferred: 4.749745 GB
P2P Bandwidth:     252.100157 GB/s
Verification d_C (dev0→dev1): PASSED (1000/318750000 samples)
Verification d_D (dev1→dev0): PASSED (1000/318750000 samples)
    -> elapsed=0.020230s  bandwidth=252.100157 GB/s  status=ok

>>> Running: framework=acc  version=v4  N=318750000
Elapsed time:      0.020570 s
Total transferred: 7.124618 GB
P2P Bandwidth:     371.900108 GB/s
Verification d_B1 (dev1→dev0): PASSED (1000/318750000 samples)
Verification d_C1 (dev2→dev0): PASSED (1000/318750000 samples)
Verification d_D1 (dev3→dev0): PASSED (1000/318750000 samples)
    -> elapsed=0.020570s  bandwidth=371.900108 GB/s  status=ok

===========================
N = 418750000
===========================

>>> Running: framework=omp_off  version=v1  N=418750000
omp_get_num_devices()    = 4
omp_get_initial_device() = 4
Elapsed time:      0.025492 seconds
Total transferred: 3.119931 GB
P2P Bandwidth:     131.414020 GB/s
Verification:      PASS
    -> elapsed=0.025492s  bandwidth=131.414020 GB/s  status=ok

>>> Running: framework=omp_off  version=v2  N=418750000
omp_get_num_devices()    = 4
omp_get_initial_device() = 4
Elapsed time:      0.026382 seconds
Total transferred: 6.239861 GB
P2P Bandwidth:     253.961328 GB/s
Verification:      PASS
    -> elapsed=0.026382s  bandwidth=253.961328 GB/s  status=ok

>>> Running: framework=omp_off  version=v4  N=418750000
omp_get_num_devices()    = 4
omp_get_initial_device() = 4
Elapsed time:      0.026305 seconds
Total transferred: 9.359792 GB
P2P Bandwidth:     382.053758 GB/s
Verification:      PASS
    -> elapsed=0.026305s  bandwidth=382.053758 GB/s  status=ok

>>> Running: framework=cuda  version=v1  N=418750000
Elapsed time:      0.025135 s
Total transferred: 3.119931 GB
P2P Bandwidth:     133.280096 GB/s
Verification d_B (dev0→dev1): PASSED (1000/418750000 samples)
    -> elapsed=0.025135s  bandwidth=133.280096 GB/s  status=ok

>>> Running: framework=cuda  version=v2  N=418750000
Elapsed time:      0.025762 s
Total transferred: 6.239861 GB
P2P Bandwidth:     260.076358 GB/s
Verification d_C (dev0→dev1): PASSED (1000/418750000 samples)
Verification d_D (dev1→dev0): PASSED (1000/418750000 samples)
    -> elapsed=0.025762s  bandwidth=260.076358 GB/s  status=ok

>>> Running: framework=cuda  version=v4  N=418750000
Elapsed time:      0.025971 s
Total transferred: 9.359792 GB
P2P Bandwidth:     386.963377 GB/s
Verification d_B1 (dev1→dev0): PASSED (1000/418750000 samples)
Verification d_C1 (dev2→dev0): PASSED (1000/418750000 samples)
Verification d_D1 (dev3→dev0): PASSED (1000/418750000 samples)
    -> elapsed=0.025971s  bandwidth=386.963377 GB/s  status=ok

>>> Running: framework=acc  version=v1  N=418750000
Elapsed time:      0.025135 s
Total transferred: 3.119931 GB
P2P Bandwidth:     133.280073 GB/s
Verification d_B (dev0→dev1): PASSED (1000/418750000 samples)
    -> elapsed=0.025135s  bandwidth=133.280073 GB/s  status=ok

>>> Running: framework=acc  version=v2  N=418750000
Elapsed time:      0.026278 s
Total transferred: 6.239861 GB
P2P Bandwidth:     254.965947 GB/s
Verification d_C (dev0→dev1): PASSED (1000/418750000 samples)
Verification d_D (dev1→dev0): PASSED (1000/418750000 samples)
    -> elapsed=0.026278s  bandwidth=254.965947 GB/s  status=ok

>>> Running: framework=acc  version=v4  N=418750000
Elapsed time:      0.026648 s
Total transferred: 9.359792 GB
P2P Bandwidth:     377.138366 GB/s
Verification d_B1 (dev1→dev0): PASSED (1000/418750000 samples)
Verification d_C1 (dev2→dev0): PASSED (1000/418750000 samples)
Verification d_D1 (dev3→dev0): PASSED (1000/418750000 samples)
    -> elapsed=0.026648s  bandwidth=377.138366 GB/s  status=ok

===========================
N = 520000000
===========================

>>> Running: framework=omp_off  version=v1  N=520000000
omp_get_num_devices()    = 4
omp_get_initial_device() = 4
Elapsed time:      0.031541 seconds
Total transferred: 3.874302 GB
P2P Bandwidth:     131.892364 GB/s
Verification:      PASS
    -> elapsed=0.031541s  bandwidth=131.892364 GB/s  status=ok

>>> Running: framework=omp_off  version=v2  N=520000000
omp_get_num_devices()    = 4
omp_get_initial_device() = 4
Elapsed time:      0.032495 seconds
Total transferred: 7.748604 GB
P2P Bandwidth:     256.039219 GB/s
Verification:      PASS
    -> elapsed=0.032495s  bandwidth=256.039219 GB/s  status=ok

>>> Running: framework=omp_off  version=v4  N=520000000
omp_get_num_devices()    = 4
omp_get_initial_device() = 4
Elapsed time:      0.032358 seconds
Total transferred: 11.622906 GB
P2P Bandwidth:     385.685968 GB/s
Verification:      PASS
    -> elapsed=0.032358s  bandwidth=385.685968 GB/s  status=ok

>>> Running: framework=cuda  version=v1  N=520000000
Elapsed time:      0.031210 s
Total transferred: 3.874302 GB
P2P Bandwidth:     133.289224 GB/s
Verification d_B (dev0→dev1): PASSED (1000/520000000 samples)
    -> elapsed=0.031210s  bandwidth=133.289224 GB/s  status=ok

>>> Running: framework=cuda  version=v2  N=520000000
Elapsed time:      0.031897 s
Total transferred: 7.748604 GB
P2P Bandwidth:     260.841360 GB/s
Verification d_C (dev0→dev1): PASSED (1000/520000000 samples)
Verification d_D (dev1→dev0): PASSED (1000/520000000 samples)
    -> elapsed=0.031897s  bandwidth=260.841360 GB/s  status=ok

>>> Running: framework=cuda  version=v4  N=520000000
Elapsed time:      0.031895 s
Total transferred: 11.622906 GB
P2P Bandwidth:     391.286526 GB/s
Verification d_B1 (dev1→dev0): PASSED (1000/520000000 samples)
Verification d_C1 (dev2→dev0): PASSED (1000/520000000 samples)
Verification d_D1 (dev3→dev0): PASSED (1000/520000000 samples)
    -> elapsed=0.031895s  bandwidth=391.286526 GB/s  status=ok

>>> Running: framework=acc  version=v1  N=520000000
Elapsed time:      0.031210 s
Total transferred: 3.874302 GB
P2P Bandwidth:     133.290844 GB/s
Verification d_B (dev0→dev1): PASSED (1000/520000000 samples)
    -> elapsed=0.031210s  bandwidth=133.290844 GB/s  status=ok

>>> Running: framework=acc  version=v2  N=520000000
Elapsed time:      0.032372 s
Total transferred: 7.748604 GB
P2P Bandwidth:     257.012250 GB/s
Verification d_C (dev0→dev1): PASSED (1000/520000000 samples)
Verification d_D (dev1→dev0): PASSED (1000/520000000 samples)
    -> elapsed=0.032372s  bandwidth=257.012250 GB/s  status=ok

>>> Running: framework=acc  version=v4  N=520000000
Elapsed time:      0.032630 s
Total transferred: 11.622906 GB
P2P Bandwidth:     382.467715 GB/s
Verification d_B1 (dev1→dev0): PASSED (1000/520000000 samples)
Verification d_C1 (dev2→dev0): PASSED (1000/520000000 samples)
Verification d_D1 (dev3→dev0): PASSED (1000/520000000 samples)
    -> elapsed=0.032630s  bandwidth=382.467715 GB/s  status=ok

===========================
N = 1240000000
===========================

>>> Running: framework=omp_off  version=v1  N=1240000000
omp_get_num_devices()    = 4
omp_get_initial_device() = 4
Elapsed time:      0.075199 seconds
Total transferred: 9.238720 GB
P2P Bandwidth:     131.916425 GB/s
Verification:      PASS
    -> elapsed=0.075199s  bandwidth=131.916425 GB/s  status=ok

>>> Running: framework=omp_off  version=v2  N=1240000000
omp_get_num_devices()    = 4
omp_get_initial_device() = 4
Elapsed time:      0.076453 seconds
Total transferred: 18.477440 GB
P2P Bandwidth:     259.505940 GB/s
Verification:      PASS
    -> elapsed=0.076453s  bandwidth=259.505940 GB/s  status=ok

>>> Running: framework=omp_off  version=v4  N=1240000000
omp_get_num_devices()    = 4
omp_get_initial_device() = 4
Elapsed time:      0.075912 seconds
Total transferred: 27.716160 GB
P2P Bandwidth:     392.032887 GB/s
Verification:      PASS
    -> elapsed=0.075912s  bandwidth=392.032887 GB/s  status=ok

>>> Running: framework=cuda  version=v1  N=1240000000
Elapsed time:      0.074880 s
Total transferred: 9.238720 GB
P2P Bandwidth:     132.478135 GB/s
Verification d_B (dev0→dev1): PASSED (1000/1240000000 samples)
    -> elapsed=0.074880s  bandwidth=132.478135 GB/s  status=ok

>>> Running: framework=cuda  version=v2  N=1240000000
Elapsed time:      0.075769 s
Total transferred: 18.477440 GB
P2P Bandwidth:     261.847387 GB/s
Verification d_C (dev0→dev1): PASSED (1000/1240000000 samples)
Verification d_D (dev1→dev0): PASSED (1000/1240000000 samples)
    -> elapsed=0.075769s  bandwidth=261.847387 GB/s  status=ok

>>> Running: framework=cuda  version=v4  N=1240000000
Elapsed time:      0.075636 s
Total transferred: 27.716160 GB
P2P Bandwidth:     393.465563 GB/s
Verification d_B1 (dev1→dev0): PASSED (1000/1240000000 samples)
Verification d_C1 (dev2→dev0): PASSED (1000/1240000000 samples)
Verification d_D1 (dev3→dev0): PASSED (1000/1240000000 samples)
    -> elapsed=0.075636s  bandwidth=393.465563 GB/s  status=ok

>>> Running: framework=acc  version=v1  N=1240000000
Elapsed time:      0.074880 s
Total transferred: 9.238720 GB
P2P Bandwidth:     132.478836 GB/s
Verification d_B (dev0→dev1): PASSED (1000/1240000000 samples)
    -> elapsed=0.074880s  bandwidth=132.478836 GB/s  status=ok

>>> Running: framework=acc  version=v2  N=1240000000
Elapsed time:      0.076316 s
Total transferred: 18.477440 GB
P2P Bandwidth:     259.972106 GB/s
Verification d_C (dev0→dev1): PASSED (1000/1240000000 samples)
Verification d_D (dev1→dev0): PASSED (1000/1240000000 samples)
    -> elapsed=0.076316s  bandwidth=259.972106 GB/s  status=ok

>>> Running: framework=acc  version=v4  N=1240000000
Elapsed time:      0.075572 s
Total transferred: 27.716160 GB
P2P Bandwidth:     393.796572 GB/s
Verification d_B1 (dev1→dev0): PASSED (1000/1240000000 samples)
Verification d_C1 (dev2→dev0): PASSED (1000/1240000000 samples)
Verification d_D1 (dev3→dev0): PASSED (1000/1240000000 samples)
    -> elapsed=0.075572s  bandwidth=393.796572 GB/s  status=ok

===========================
N = 58750000  (4-to-4)
===========================

>>> Running: framework=omp_off  version=v4_4  N=58750000
omp_get_num_devices()    = 4
omp_get_initial_device() = 4
Elapsed time:      0.009866 seconds
Total transferred: 5.252659 GB
P2P Bandwidth:     571.660292 GB/s
Verification:      PASS
    -> elapsed=0.009866s  bandwidth=571.660292 GB/s  status=ok

>>> Running: framework=cuda  version=v4_4  N=58750000
Elapsed time:      0.004335 s
Total transferred: 5.252659 GB
P2P Bandwidth:     1301.175835 GB/s
Verification d_A2  (dev0→dev1): PASSED (1000/58750000 samples)
Verification d_A3  (dev0→dev2): PASSED (1000/58750000 samples)
Verification d_A4  (dev0→dev3): PASSED (1000/58750000 samples)
Verification d_B1  (dev1→dev0): PASSED (1000/58750000 samples)
Verification d_B3  (dev1→dev2): PASSED (1000/58750000 samples)
Verification d_B4  (dev1→dev3): PASSED (1000/58750000 samples)
Verification d_C1  (dev2→dev0): PASSED (1000/58750000 samples)
Verification d_C2  (dev2→dev1): PASSED (1000/58750000 samples)
Verification d_C4  (dev2→dev3): PASSED (1000/58750000 samples)
Verification d_D1  (dev3→dev0): PASSED (1000/58750000 samples)
Verification d_D2  (dev3→dev1): PASSED (1000/58750000 samples)
Verification d_D3  (dev3→dev2): PASSED (1000/58750000 samples)
    -> elapsed=0.004335s  bandwidth=1301.175835 GB/s  status=ok

>>> Running: framework=acc  version=v4_4  N=58750000
Elapsed time:      0.005885 s
Total transferred: 5.252659 GB
P2P Bandwidth:     958.387334 GB/s
Verification d_C1 (dev2→dev0): PASSED (1000/58750000 samples)
Verification d_D1 (dev3→dev0): PASSED (1000/58750000 samples)
Verification d_A2 (dev0→dev1): PASSED (1000/58750000 samples)
Verification d_C2 (dev2→dev1): PASSED (1000/58750000 samples)
Verification d_D2 (dev3→dev1): PASSED (1000/58750000 samples)
Verification d_A3 (dev0→dev2): PASSED (1000/58750000 samples)
Verification d_B3 (dev1→dev2): PASSED (1000/58750000 samples)
Verification d_D3 (dev3→dev2): PASSED (1000/58750000 samples)
Verification d_A4 (dev0→dev3): PASSED (1000/58750000 samples)
Verification d_B4 (dev1→dev3): PASSED (1000/58750000 samples)
Verification d_C4 (dev2→dev3): PASSED (1000/58750000 samples)
    -> elapsed=0.005885s  bandwidth=958.387334 GB/s  status=ok

===========================
N = 108750000  (4-to-4)
===========================

>>> Running: framework=omp_off  version=v4_4  N=108750000
omp_get_num_devices()    = 4
omp_get_initial_device() = 4
Elapsed time:      0.020232 seconds
Total transferred: 9.723008 GB
P2P Bandwidth:     516.015199 GB/s
Verification:      PASS
    -> elapsed=0.020232s  bandwidth=516.015199 GB/s  status=ok

>>> Running: framework=cuda  version=v4_4  N=108750000
Elapsed time:      0.007297 s
Total transferred: 9.723008 GB
P2P Bandwidth:     1430.802995 GB/s
Verification d_A2  (dev0→dev1): PASSED (1000/108750000 samples)
Verification d_A3  (dev0→dev2): PASSED (1000/108750000 samples)
Verification d_A4  (dev0→dev3): PASSED (1000/108750000 samples)
Verification d_B1  (dev1→dev0): PASSED (1000/108750000 samples)
Verification d_B3  (dev1→dev2): PASSED (1000/108750000 samples)
Verification d_B4  (dev1→dev3): PASSED (1000/108750000 samples)
Verification d_C1  (dev2→dev0): PASSED (1000/108750000 samples)
Verification d_C2  (dev2→dev1): PASSED (1000/108750000 samples)
Verification d_C4  (dev2→dev3): PASSED (1000/108750000 samples)
Verification d_D1  (dev3→dev0): PASSED (1000/108750000 samples)
Verification d_D2  (dev3→dev1): PASSED (1000/108750000 samples)
Verification d_D3  (dev3→dev2): PASSED (1000/108750000 samples)
    -> elapsed=0.007297s  bandwidth=1430.802995 GB/s  status=ok

>>> Running: framework=acc  version=v4_4  N=108750000
Elapsed time:      0.009247 s
Total transferred: 9.723008 GB
P2P Bandwidth:     1129.006929 GB/s
Verification d_C1 (dev2→dev0): PASSED (1000/108750000 samples)
Verification d_D1 (dev3→dev0): PASSED (1000/108750000 samples)
Verification d_A2 (dev0→dev1): PASSED (1000/108750000 samples)
Verification d_C2 (dev2→dev1): PASSED (1000/108750000 samples)
Verification d_D2 (dev3→dev1): PASSED (1000/108750000 samples)
Verification d_A3 (dev0→dev2): PASSED (1000/108750000 samples)
Verification d_B3 (dev1→dev2): PASSED (1000/108750000 samples)
Verification d_D3 (dev3→dev2): PASSED (1000/108750000 samples)
Verification d_A4 (dev0→dev3): PASSED (1000/108750000 samples)
Verification d_B4 (dev1→dev3): PASSED (1000/108750000 samples)
Verification d_C4 (dev2→dev3): PASSED (1000/108750000 samples)
    -> elapsed=0.009247s  bandwidth=1129.006929 GB/s  status=ok

===========================
N = 159375000  (4-to-4)
===========================

>>> Running: framework=omp_off  version=v4_4  N=159375000
omp_get_num_devices()    = 4
omp_get_initial_device() = 4
Elapsed time:      0.030300 seconds
Total transferred: 14.249235 GB
P2P Bandwidth:     504.952129 GB/s
Verification:      PASS
    -> elapsed=0.030300s  bandwidth=504.952129 GB/s  status=ok

>>> Running: framework=cuda  version=v4_4  N=159375000
Elapsed time:      0.010390 s
Total transferred: 14.249235 GB
P2P Bandwidth:     1472.529245 GB/s
Verification d_A2  (dev0→dev1): PASSED (1000/159375000 samples)
Verification d_A3  (dev0→dev2): PASSED (1000/159375000 samples)
Verification d_A4  (dev0→dev3): PASSED (1000/159375000 samples)
Verification d_B1  (dev1→dev0): PASSED (1000/159375000 samples)
Verification d_B3  (dev1→dev2): PASSED (1000/159375000 samples)
Verification d_B4  (dev1→dev3): PASSED (1000/159375000 samples)
Verification d_C1  (dev2→dev0): PASSED (1000/159375000 samples)
Verification d_C2  (dev2→dev1): PASSED (1000/159375000 samples)
Verification d_C4  (dev2→dev3): PASSED (1000/159375000 samples)
Verification d_D1  (dev3→dev0): PASSED (1000/159375000 samples)
Verification d_D2  (dev3→dev1): PASSED (1000/159375000 samples)
Verification d_D3  (dev3→dev2): PASSED (1000/159375000 samples)
    -> elapsed=0.010390s  bandwidth=1472.529245 GB/s  status=ok

>>> Running: framework=acc  version=v4_4  N=159375000
Elapsed time:      0.013096 s
Total transferred: 14.249235 GB
P2P Bandwidth:     1168.308535 GB/s
Verification d_C1 (dev2→dev0): PASSED (1000/159375000 samples)
Verification d_D1 (dev3→dev0): PASSED (1000/159375000 samples)
Verification d_A2 (dev0→dev1): PASSED (1000/159375000 samples)
Verification d_C2 (dev2→dev1): PASSED (1000/159375000 samples)
Verification d_D2 (dev3→dev1): PASSED (1000/159375000 samples)
Verification d_A3 (dev0→dev2): PASSED (1000/159375000 samples)
Verification d_B3 (dev1→dev2): PASSED (1000/159375000 samples)
Verification d_D3 (dev3→dev2): PASSED (1000/159375000 samples)
Verification d_A4 (dev0→dev3): PASSED (1000/159375000 samples)
Verification d_B4 (dev1→dev3): PASSED (1000/159375000 samples)
Verification d_C4 (dev2→dev3): PASSED (1000/159375000 samples)
    -> elapsed=0.013096s  bandwidth=1168.308535 GB/s  status=ok

===========================
N = 209375000  (4-to-4)
===========================

>>> Running: framework=omp_off  version=v4_4  N=209375000
omp_get_num_devices()    = 4
omp_get_initial_device() = 4
Elapsed time:      0.032020 seconds
Total transferred: 18.719584 GB
P2P Bandwidth:     627.730863 GB/s
Verification:      PASS
    -> elapsed=0.032020s  bandwidth=627.730863 GB/s  status=ok

>>> Running: framework=cuda  version=v4_4  N=209375000
Elapsed time:      0.013441 s
Total transferred: 18.719584 GB
P2P Bandwidth:     1495.422222 GB/s
Verification d_A2  (dev0→dev1): PASSED (1000/209375000 samples)
Verification d_A3  (dev0→dev2): PASSED (1000/209375000 samples)
Verification d_A4  (dev0→dev3): PASSED (1000/209375000 samples)
Verification d_B1  (dev1→dev0): PASSED (1000/209375000 samples)
Verification d_B3  (dev1→dev2): PASSED (1000/209375000 samples)
Verification d_B4  (dev1→dev3): PASSED (1000/209375000 samples)
Verification d_C1  (dev2→dev0): PASSED (1000/209375000 samples)
Verification d_C2  (dev2→dev1): PASSED (1000/209375000 samples)
Verification d_C4  (dev2→dev3): PASSED (1000/209375000 samples)
Verification d_D1  (dev3→dev0): PASSED (1000/209375000 samples)
Verification d_D2  (dev3→dev1): PASSED (1000/209375000 samples)
Verification d_D3  (dev3→dev2): PASSED (1000/209375000 samples)
    -> elapsed=0.013441s  bandwidth=1495.422222 GB/s  status=ok

>>> Running: framework=acc  version=v4_4  N=209375000
Elapsed time:      0.016421 s
Total transferred: 18.719584 GB
P2P Bandwidth:     1224.036449 GB/s
Verification d_C1 (dev2→dev0): PASSED (1000/209375000 samples)
Verification d_D1 (dev3→dev0): PASSED (1000/209375000 samples)
Verification d_A2 (dev0→dev1): PASSED (1000/209375000 samples)
Verification d_C2 (dev2→dev1): PASSED (1000/209375000 samples)
Verification d_D2 (dev3→dev1): PASSED (1000/209375000 samples)
Verification d_A3 (dev0→dev2): PASSED (1000/209375000 samples)
Verification d_B3 (dev1→dev2): PASSED (1000/209375000 samples)
Verification d_D3 (dev3→dev2): PASSED (1000/209375000 samples)
Verification d_A4 (dev0→dev3): PASSED (1000/209375000 samples)
Verification d_B4 (dev1→dev3): PASSED (1000/209375000 samples)
Verification d_C4 (dev2→dev3): PASSED (1000/209375000 samples)
    -> elapsed=0.016421s  bandwidth=1224.036449 GB/s  status=ok

===========================
N = 260000000  (4-to-4)
===========================

>>> Running: framework=omp_off  version=v4_4  N=260000000
omp_get_num_devices()    = 4
omp_get_initial_device() = 4
Elapsed time:      0.040226 seconds
Total transferred: 23.245811 GB
P2P Bandwidth:     620.494475 GB/s
Verification:      PASS
    -> elapsed=0.040226s  bandwidth=620.494475 GB/s  status=ok

>>> Running: framework=cuda  version=v4_4  N=260000000
Elapsed time:      0.016443 s
Total transferred: 23.245811 GB
P2P Bandwidth:     1517.958618 GB/s
Verification d_A2  (dev0→dev1): PASSED (1000/260000000 samples)
Verification d_A3  (dev0→dev2): PASSED (1000/260000000 samples)
Verification d_A4  (dev0→dev3): PASSED (1000/260000000 samples)
Verification d_B1  (dev1→dev0): PASSED (1000/260000000 samples)
Verification d_B3  (dev1→dev2): PASSED (1000/260000000 samples)
Verification d_B4  (dev1→dev3): PASSED (1000/260000000 samples)
Verification d_C1  (dev2→dev0): PASSED (1000/260000000 samples)
Verification d_C2  (dev2→dev1): PASSED (1000/260000000 samples)
Verification d_C4  (dev2→dev3): PASSED (1000/260000000 samples)
Verification d_D1  (dev3→dev0): PASSED (1000/260000000 samples)
Verification d_D2  (dev3→dev1): PASSED (1000/260000000 samples)
Verification d_D3  (dev3→dev2): PASSED (1000/260000000 samples)
    -> elapsed=0.016443s  bandwidth=1517.958618 GB/s  status=ok

>>> Running: framework=acc  version=v4_4  N=260000000
Elapsed time:      0.020007 s
Total transferred: 23.245811 GB
P2P Bandwidth:     1247.569896 GB/s
Verification d_C1 (dev2→dev0): PASSED (1000/260000000 samples)
Verification d_D1 (dev3→dev0): PASSED (1000/260000000 samples)
Verification d_A2 (dev0→dev1): PASSED (1000/260000000 samples)
Verification d_C2 (dev2→dev1): PASSED (1000/260000000 samples)
Verification d_D2 (dev3→dev1): PASSED (1000/260000000 samples)
Verification d_A3 (dev0→dev2): PASSED (1000/260000000 samples)
Verification d_B3 (dev1→dev2): PASSED (1000/260000000 samples)
Verification d_D3 (dev3→dev2): PASSED (1000/260000000 samples)
Verification d_A4 (dev0→dev3): PASSED (1000/260000000 samples)
Verification d_B4 (dev1→dev3): PASSED (1000/260000000 samples)
Verification d_C4 (dev2→dev3): PASSED (1000/260000000 samples)
    -> elapsed=0.020007s  bandwidth=1247.569896 GB/s  status=ok

===========================
N = 310000000  (4-to-4)
===========================

>>> Running: framework=omp_off  version=v4_4  N=310000000
omp_get_num_devices()    = 4
omp_get_initial_device() = 4
Elapsed time:      0.067839 seconds
Total transferred: 27.716160 GB
P2P Bandwidth:     438.686312 GB/s
Verification:      PASS
    -> elapsed=0.067839s  bandwidth=438.686312 GB/s  status=ok

>>> Running: framework=cuda  version=v4_4  N=310000000
Elapsed time:      0.019433 s
Total transferred: 27.716160 GB
P2P Bandwidth:     1531.441403 GB/s
Verification d_A2  (dev0→dev1): PASSED (1000/310000000 samples)
Verification d_A3  (dev0→dev2): PASSED (1000/310000000 samples)
Verification d_A4  (dev0→dev3): PASSED (1000/310000000 samples)
Verification d_B1  (dev1→dev0): PASSED (1000/310000000 samples)
Verification d_B3  (dev1→dev2): PASSED (1000/310000000 samples)
Verification d_B4  (dev1→dev3): PASSED (1000/310000000 samples)
Verification d_C1  (dev2→dev0): PASSED (1000/310000000 samples)
Verification d_C2  (dev2→dev1): PASSED (1000/310000000 samples)
Verification d_C4  (dev2→dev3): PASSED (1000/310000000 samples)
Verification d_D1  (dev3→dev0): PASSED (1000/310000000 samples)
Verification d_D2  (dev3→dev1): PASSED (1000/310000000 samples)
Verification d_D3  (dev3→dev2): PASSED (1000/310000000 samples)
    -> elapsed=0.019433s  bandwidth=1531.441403 GB/s  status=ok

>>> Running: framework=acc  version=v4_4  N=310000000
Elapsed time:      0.023532 s
Total transferred: 27.716160 GB
P2P Bandwidth:     1264.665522 GB/s
Verification d_C1 (dev2→dev0): PASSED (1000/310000000 samples)
Verification d_D1 (dev3→dev0): PASSED (1000/310000000 samples)
Verification d_A2 (dev0→dev1): PASSED (1000/310000000 samples)
Verification d_C2 (dev2→dev1): PASSED (1000/310000000 samples)
Verification d_D2 (dev3→dev1): PASSED (1000/310000000 samples)
Verification d_A3 (dev0→dev2): PASSED (1000/310000000 samples)
Verification d_B3 (dev1→dev2): PASSED (1000/310000000 samples)
Verification d_D3 (dev3→dev2): PASSED (1000/310000000 samples)
Verification d_A4 (dev0→dev3): PASSED (1000/310000000 samples)
Verification d_B4 (dev1→dev3): PASSED (1000/310000000 samples)
Verification d_C4 (dev2→dev3): PASSED (1000/310000000 samples)
    -> elapsed=0.023532s  bandwidth=1264.665522 GB/s  status=ok
