============================================================
Job ID     : 4433971
Timestamp  : 20260328_203621
Results dir: results_4433971_20260328_203621
CLEAN_LD_PATH: /apps/USE/easybuild/release/2025.1/software/CUDA/12.8.0/nvvm/lib64:/apps/USE/easybuild/release/2025.1/software/CUDA/12.8.0/extras/CUPTI/lib64:/apps/USE/easybuild/release/2025.1/software/CUDA/12.8.0/targets/x86_64-linux/lib:/apps/USE/easybuild/release/2025.1/software/LLVM/20.1.7-GCCcore-14.2.0/lib/x86_64-unknown-linux-gnu:/apps/USE/easybuild/release/2025.1/software/LLVM/20.1.7-GCCcore-14.2.0/lib:/apps/USE/easybuild/release/2025.1/software/zstd/1.5.6-GCCcore-14.2.0/lib:/apps/USE/easybuild/release/2025.1/software/lz4/1.10.0-GCCcore-14.2.0/lib:/apps/USE/easybuild/release/2025.1/software/Z3/4.13.4-GCCcore-14.2.0/lib:/apps/USE/easybuild/release/2025.1/software/GMP/6.3.0-GCCcore-14.2.0/lib:/apps/USE/easybuild/release/2025.1/software/Python/3.13.1-GCCcore-14.2.0/lib:/apps/USE/easybuild/release/2025.1/software/OpenSSL/3/lib64:/apps/USE/easybuild/release/2025.1/software/libffi/3.4.5-GCCcore-14.2.0/lib64:/apps/USE/easybuild/release/2025.1/software/SQLite/3.47.2-GCCcore-14.2.0/lib:/apps/USE/easybuild/release/2025.1/software/Tcl/8.6.16-GCCcore-14.2.0/lib:/apps/USE/easybuild/release/2025.1/software/libreadline/8.2-GCCcore-14.2.0/lib:/apps/USE/easybuild/release/2025.1/software/bzip2/1.0.8-GCCcore-14.2.0/lib:/apps/USE/easybuild/release/2025.1/software/binutils/2.42-GCCcore-14.2.0/lib:/apps/USE/easybuild/release/2025.1/software/ncurses/6.5-GCCcore-14.2.0/lib:/apps/USE/easybuild/release/2025.1/software/libxml2/2.13.4-GCCcore-14.2.0/lib:/apps/USE/easybuild/release/2025.1/software/zlib/1.3.1-GCCcore-14.2.0/lib:/apps/USE/easybuild/release/2025.1/software/XZ/5.6.3-GCCcore-14.2.0/lib:/apps/USE/easybuild/release/2025.1/software/GCCcore/14.2.0/lib64
============================================================

============================================================
Starting benchmarks
============================================================

===========================
N = 117500000
===========================

>>> Running: framework=omp_off  version=v1  N=117500000
omp_get_num_devices()    = 4
omp_get_initial_device() = 4
Elapsed time:      0.010090 seconds
Total transferred: 0.875443 GB
P2P Bandwidth:     93.160506 GB/s
Verification:      PASS
    -> elapsed=0.010090s  bandwidth=93.160506 GB/s  status=ok

>>> Running: framework=omp_off  version=v2  N=117500000
omp_get_num_devices()    = 4
omp_get_initial_device() = 4
Elapsed time:      0.010334 seconds
Total transferred: 1.750886 GB
P2P Bandwidth:     181.923485 GB/s
Verification:      PASS
    -> elapsed=0.010334s  bandwidth=181.923485 GB/s  status=ok

>>> Running: framework=omp_off  version=v4  N=117500000
omp_get_num_devices()    = 4
omp_get_initial_device() = 4
Elapsed time:      0.010229 seconds
Total transferred: 2.626330 GB
P2P Bandwidth:     275.690215 GB/s
Verification:      PASS
    -> elapsed=0.010229s  bandwidth=275.690215 GB/s  status=ok

>>> Running: framework=cuda  version=v1  N=117500000
Elapsed time:      0.010008 s
Total transferred: 0.875443 GB
P2P Bandwidth:     93.926190 GB/s
Verification d_B (dev0→dev1): PASSED (1000/117500000 samples)
    -> elapsed=0.010008s  bandwidth=93.926190 GB/s  status=ok

>>> Running: framework=cuda  version=v2  N=117500000
Elapsed time:      0.011195 s
Total transferred: 1.750886 GB
P2P Bandwidth:     167.932947 GB/s
Verification d_C (dev0→dev1): PASSED (1000/117500000 samples)
Verification d_D (dev1→dev0): PASSED (1000/117500000 samples)
    -> elapsed=0.011195s  bandwidth=167.932947 GB/s  status=ok

>>> Running: framework=cuda  version=v4  N=117500000
Elapsed time:      0.011392 s
Total transferred: 2.626330 GB
P2P Bandwidth:     247.544783 GB/s
Verification d_B1 (dev1→dev0): PASSED (1000/117500000 samples)
Verification d_C1 (dev2→dev0): PASSED (1000/117500000 samples)
Verification d_D1 (dev3→dev0): PASSED (1000/117500000 samples)
    -> elapsed=0.011392s  bandwidth=247.544783 GB/s  status=ok

>>> Running: framework=acc  version=v1  N=117500000
Elapsed time:      0.010007 s
Total transferred: 0.875443 GB
P2P Bandwidth:     93.935142 GB/s
Verification d_B (dev0→dev1): PASSED (1000/117500000 samples)
    -> elapsed=0.010007s  bandwidth=93.935142 GB/s  status=ok

>>> Running: framework=acc  version=v2  N=117500000
Elapsed time:      0.010959 s
Total transferred: 1.750886 GB
P2P Bandwidth:     171.546176 GB/s
Verification d_C (dev0→dev1): PASSED (1000/117500000 samples)
Verification d_D (dev1→dev0): PASSED (1000/117500000 samples)
    -> elapsed=0.010959s  bandwidth=171.546176 GB/s  status=ok

>>> Running: framework=acc  version=v4  N=117500000
Elapsed time:      0.011209 s
Total transferred: 2.626330 GB
P2P Bandwidth:     251.588652 GB/s
Verification d_B1 (dev1→dev0): PASSED (1000/117500000 samples)
Verification d_C1 (dev2→dev0): PASSED (1000/117500000 samples)
Verification d_D1 (dev3→dev0): PASSED (1000/117500000 samples)
    -> elapsed=0.011209s  bandwidth=251.588652 GB/s  status=ok

===========================
N = 217500000
===========================

>>> Running: framework=omp_off  version=v1  N=217500000
omp_get_num_devices()    = 4
omp_get_initial_device() = 4
Elapsed time:      0.018645 seconds
Total transferred: 1.620501 GB
P2P Bandwidth:     93.322366 GB/s
Verification:      PASS
    -> elapsed=0.018645s  bandwidth=93.322366 GB/s  status=ok

>>> Running: framework=omp_off  version=v2  N=217500000
omp_get_num_devices()    = 4
omp_get_initial_device() = 4
Elapsed time:      0.018844 seconds
Total transferred: 3.241003 GB
P2P Bandwidth:     184.672916 GB/s
Verification:      PASS
    -> elapsed=0.018844s  bandwidth=184.672916 GB/s  status=ok

>>> Running: framework=omp_off  version=v4  N=217500000
omp_get_num_devices()    = 4
omp_get_initial_device() = 4
Elapsed time:      0.019501 seconds
Total transferred: 4.861504 GB
P2P Bandwidth:     267.675708 GB/s
Verification:      PASS
    -> elapsed=0.019501s  bandwidth=267.675708 GB/s  status=ok

>>> Running: framework=cuda  version=v1  N=217500000
Elapsed time:      0.018528 s
Total transferred: 1.620501 GB
P2P Bandwidth:     93.911995 GB/s
Verification d_B (dev0→dev1): PASSED (1000/217500000 samples)
    -> elapsed=0.018528s  bandwidth=93.911995 GB/s  status=ok

>>> Running: framework=cuda  version=v2  N=217500000
Elapsed time:      0.019859 s
Total transferred: 3.241003 GB
P2P Bandwidth:     175.236847 GB/s
Verification d_C (dev0→dev1): PASSED (1000/217500000 samples)
Verification d_D (dev1→dev0): PASSED (1000/217500000 samples)
    -> elapsed=0.019859s  bandwidth=175.236847 GB/s  status=ok

>>> Running: framework=cuda  version=v4  N=217500000
Elapsed time:      0.020673 s
Total transferred: 4.861504 GB
P2P Bandwidth:     252.502818 GB/s
Verification d_B1 (dev1→dev0): PASSED (1000/217500000 samples)
Verification d_C1 (dev2→dev0): PASSED (1000/217500000 samples)
Verification d_D1 (dev3→dev0): PASSED (1000/217500000 samples)
    -> elapsed=0.020673s  bandwidth=252.502818 GB/s  status=ok

>>> Running: framework=acc  version=v1  N=217500000
Elapsed time:      0.018532 s
Total transferred: 1.620501 GB
P2P Bandwidth:     93.891456 GB/s
Verification d_B (dev0→dev1): PASSED (1000/217500000 samples)
    -> elapsed=0.018532s  bandwidth=93.891456 GB/s  status=ok

>>> Running: framework=acc  version=v2  N=217500000
Elapsed time:      0.019566 s
Total transferred: 3.241003 GB
P2P Bandwidth:     177.859015 GB/s
Verification d_C (dev0→dev1): PASSED (1000/217500000 samples)
Verification d_D (dev1→dev0): PASSED (1000/217500000 samples)
    -> elapsed=0.019566s  bandwidth=177.859015 GB/s  status=ok

>>> Running: framework=acc  version=v4  N=217500000
Elapsed time:      0.020568 s
Total transferred: 4.861504 GB
P2P Bandwidth:     253.793607 GB/s
Verification d_B1 (dev1→dev0): PASSED (1000/217500000 samples)
Verification d_C1 (dev2→dev0): PASSED (1000/217500000 samples)
Verification d_D1 (dev3→dev0): PASSED (1000/217500000 samples)
    -> elapsed=0.020568s  bandwidth=253.793607 GB/s  status=ok

===========================
N = 318750000
===========================

>>> Running: framework=omp_off  version=v1  N=318750000
omp_get_num_devices()    = 4
omp_get_initial_device() = 4
Elapsed time:      0.027211 seconds
Total transferred: 2.374873 GB
P2P Bandwidth:     93.712271 GB/s
Verification:      PASS
    -> elapsed=0.027211s  bandwidth=93.712271 GB/s  status=ok

>>> Running: framework=omp_off  version=v2  N=318750000
omp_get_num_devices()    = 4
omp_get_initial_device() = 4
Elapsed time:      0.027521 seconds
Total transferred: 4.749745 GB
P2P Bandwidth:     185.312135 GB/s
Verification:      PASS
    -> elapsed=0.027521s  bandwidth=185.312135 GB/s  status=ok

>>> Running: framework=omp_off  version=v4  N=318750000
omp_get_num_devices()    = 4
omp_get_initial_device() = 4
Elapsed time:      0.028278 seconds
Total transferred: 7.124618 GB
P2P Bandwidth:     270.527250 GB/s
Verification:      PASS
    -> elapsed=0.028278s  bandwidth=270.527250 GB/s  status=ok

>>> Running: framework=cuda  version=v1  N=318750000
Elapsed time:      0.027120 s
Total transferred: 2.374873 GB
P2P Bandwidth:     94.026156 GB/s
Verification d_B (dev0→dev1): PASSED (1000/318750000 samples)
    -> elapsed=0.027120s  bandwidth=94.026156 GB/s  status=ok

>>> Running: framework=cuda  version=v2  N=318750000
Elapsed time:      0.028664 s
Total transferred: 4.749745 GB
P2P Bandwidth:     177.924312 GB/s
Verification d_C (dev0→dev1): PASSED (1000/318750000 samples)
Verification d_D (dev1→dev0): PASSED (1000/318750000 samples)
    -> elapsed=0.028664s  bandwidth=177.924312 GB/s  status=ok

>>> Running: framework=cuda  version=v4  N=318750000
Elapsed time:      0.030217 s
Total transferred: 7.124618 GB
P2P Bandwidth:     253.169313 GB/s
Verification d_B1 (dev1→dev0): PASSED (1000/318750000 samples)
Verification d_C1 (dev2→dev0): PASSED (1000/318750000 samples)
Verification d_D1 (dev3→dev0): PASSED (1000/318750000 samples)
    -> elapsed=0.030217s  bandwidth=253.169313 GB/s  status=ok

>>> Running: framework=acc  version=v1  N=318750000
Elapsed time:      0.027121 s
Total transferred: 2.374873 GB
P2P Bandwidth:     94.022849 GB/s
Verification d_B (dev0→dev1): PASSED (1000/318750000 samples)
    -> elapsed=0.027121s  bandwidth=94.022849 GB/s  status=ok

>>> Running: framework=acc  version=v2  N=318750000
Elapsed time:      0.028306 s
Total transferred: 4.749745 GB
P2P Bandwidth:     180.173768 GB/s
Verification d_C (dev0→dev1): PASSED (1000/318750000 samples)
Verification d_D (dev1→dev0): PASSED (1000/318750000 samples)
    -> elapsed=0.028306s  bandwidth=180.173768 GB/s  status=ok

>>> Running: framework=acc  version=v4  N=318750000
Elapsed time:      0.029694 s
Total transferred: 7.124618 GB
P2P Bandwidth:     257.627106 GB/s
Verification d_B1 (dev1→dev0): PASSED (1000/318750000 samples)
Verification d_C1 (dev2→dev0): PASSED (1000/318750000 samples)
Verification d_D1 (dev3→dev0): PASSED (1000/318750000 samples)
    -> elapsed=0.029694s  bandwidth=257.627106 GB/s  status=ok

===========================
N = 418750000
===========================

>>> Running: framework=omp_off  version=v1  N=418750000
omp_get_num_devices()    = 4
omp_get_initial_device() = 4
Elapsed time:      0.035697 seconds
Total transferred: 3.119931 GB
P2P Bandwidth:     93.845465 GB/s
Verification:      PASS
    -> elapsed=0.035697s  bandwidth=93.845465 GB/s  status=ok

>>> Running: framework=omp_off  version=v2  N=418750000
omp_get_num_devices()    = 4
omp_get_initial_device() = 4
Elapsed time:      0.036120 seconds
Total transferred: 6.239861 GB
P2P Bandwidth:     185.493121 GB/s
Verification:      PASS
    -> elapsed=0.036120s  bandwidth=185.493121 GB/s  status=ok

>>> Running: framework=omp_off  version=v4  N=418750000
omp_get_num_devices()    = 4
omp_get_initial_device() = 4
Elapsed time:      0.037760 seconds
Total transferred: 9.359792 GB
P2P Bandwidth:     266.154525 GB/s
Verification:      PASS
    -> elapsed=0.037760s  bandwidth=266.154525 GB/s  status=ok

>>> Running: framework=cuda  version=v1  N=418750000
Elapsed time:      0.035637 s
Total transferred: 3.119931 GB
P2P Bandwidth:     94.003053 GB/s
Verification d_B (dev0→dev1): PASSED (1000/418750000 samples)
    -> elapsed=0.035637s  bandwidth=94.003053 GB/s  status=ok

>>> Running: framework=cuda  version=v2  N=418750000
Elapsed time:      0.037115 s
Total transferred: 6.239861 GB
P2P Bandwidth:     180.520693 GB/s
Verification d_C (dev0→dev1): PASSED (1000/418750000 samples)
Verification d_D (dev1→dev0): PASSED (1000/418750000 samples)
    -> elapsed=0.037115s  bandwidth=180.520693 GB/s  status=ok

>>> Running: framework=cuda  version=v4  N=418750000
Elapsed time:      0.039238 s
Total transferred: 9.359792 GB
P2P Bandwidth:     256.129419 GB/s
Verification d_B1 (dev1→dev0): PASSED (1000/418750000 samples)
Verification d_C1 (dev2→dev0): PASSED (1000/418750000 samples)
Verification d_D1 (dev3→dev0): PASSED (1000/418750000 samples)
    -> elapsed=0.039238s  bandwidth=256.129419 GB/s  status=ok

>>> Running: framework=acc  version=v1  N=418750000
Elapsed time:      0.035642 s
Total transferred: 3.119931 GB
P2P Bandwidth:     93.990477 GB/s
Verification d_B (dev0→dev1): PASSED (1000/418750000 samples)
    -> elapsed=0.035642s  bandwidth=93.990477 GB/s  status=ok

>>> Running: framework=acc  version=v2  N=418750000
Elapsed time:      0.036845 s
Total transferred: 6.239861 GB
P2P Bandwidth:     181.843009 GB/s
Verification d_C (dev0→dev1): PASSED (1000/418750000 samples)
Verification d_D (dev1→dev0): PASSED (1000/418750000 samples)
    -> elapsed=0.036845s  bandwidth=181.843009 GB/s  status=ok

>>> Running: framework=acc  version=v4  N=418750000
Elapsed time:      0.039102 s
Total transferred: 9.359792 GB
P2P Bandwidth:     257.019592 GB/s
Verification d_B1 (dev1→dev0): PASSED (1000/418750000 samples)
Verification d_C1 (dev2→dev0): PASSED (1000/418750000 samples)
Verification d_D1 (dev3→dev0): PASSED (1000/418750000 samples)
    -> elapsed=0.039102s  bandwidth=257.019592 GB/s  status=ok

===========================
N = 520000000
===========================

>>> Running: framework=omp_off  version=v1  N=520000000
omp_get_num_devices()    = 4
omp_get_initial_device() = 4
Elapsed time:      0.044298 seconds
Total transferred: 3.874302 GB
P2P Bandwidth:     93.909067 GB/s
Verification:      PASS
    -> elapsed=0.044298s  bandwidth=93.909067 GB/s  status=ok

>>> Running: framework=omp_off  version=v2  N=520000000
omp_get_num_devices()    = 4
omp_get_initial_device() = 4
Elapsed time:      0.044749 seconds
Total transferred: 7.748604 GB
P2P Bandwidth:     185.925853 GB/s
Verification:      PASS
    -> elapsed=0.044749s  bandwidth=185.925853 GB/s  status=ok

>>> Running: framework=omp_off  version=v4  N=520000000
omp_get_num_devices()    = 4
omp_get_initial_device() = 4
Elapsed time:      0.047075 seconds
Total transferred: 11.622906 GB
P2P Bandwidth:     265.108682 GB/s
Verification:      PASS
    -> elapsed=0.047075s  bandwidth=265.108682 GB/s  status=ok

>>> Running: framework=cuda  version=v1  N=520000000
Elapsed time:      0.044317 s
Total transferred: 3.874302 GB
P2P Bandwidth:     93.869155 GB/s
Verification d_B (dev0→dev1): PASSED (1000/520000000 samples)
    -> elapsed=0.044317s  bandwidth=93.869155 GB/s  status=ok

>>> Running: framework=cuda  version=v2  N=520000000
Elapsed time:      0.045759 s
Total transferred: 7.748604 GB
P2P Bandwidth:     181.822304 GB/s
Verification d_C (dev0→dev1): PASSED (1000/520000000 samples)
Verification d_D (dev1→dev0): PASSED (1000/520000000 samples)
    -> elapsed=0.045759s  bandwidth=181.822304 GB/s  status=ok

>>> Running: framework=cuda  version=v4  N=520000000
Elapsed time:      0.052807 s
Total transferred: 11.622906 GB
P2P Bandwidth:     236.332957 GB/s
Verification d_B1 (dev1→dev0): PASSED (1000/520000000 samples)
Verification d_C1 (dev2→dev0): PASSED (1000/520000000 samples)
Verification d_D1 (dev3→dev0): PASSED (1000/520000000 samples)
    -> elapsed=0.052807s  bandwidth=236.332957 GB/s  status=ok

>>> Running: framework=acc  version=v1  N=520000000
Elapsed time:      0.044310 s
Total transferred: 3.874302 GB
P2P Bandwidth:     93.883802 GB/s
Verification d_B (dev0→dev1): PASSED (1000/520000000 samples)
    -> elapsed=0.044310s  bandwidth=93.883802 GB/s  status=ok

>>> Running: framework=acc  version=v2  N=520000000
Elapsed time:      0.045488 s
Total transferred: 7.748604 GB
P2P Bandwidth:     182.904903 GB/s
Verification d_C (dev0→dev1): PASSED (1000/520000000 samples)
Verification d_D (dev1→dev0): PASSED (1000/520000000 samples)
    -> elapsed=0.045488s  bandwidth=182.904903 GB/s  status=ok

>>> Running: framework=acc  version=v4  N=520000000
Elapsed time:      0.048449 s
Total transferred: 11.622906 GB
P2P Bandwidth:     257.590246 GB/s
Verification d_B1 (dev1→dev0): PASSED (1000/520000000 samples)
Verification d_C1 (dev2→dev0): PASSED (1000/520000000 samples)
Verification d_D1 (dev3→dev0): PASSED (1000/520000000 samples)
    -> elapsed=0.048449s  bandwidth=257.590246 GB/s  status=ok

===========================
N = 1240000000
===========================

>>> Running: framework=omp_off  version=v1  N=1240000000
omp_get_num_devices()    = 4
omp_get_initial_device() = 4
Elapsed time:      0.106265 seconds
Total transferred: 9.238720 GB
P2P Bandwidth:     93.351467 GB/s
Verification:      PASS
    -> elapsed=0.106265s  bandwidth=93.351467 GB/s  status=ok

>>> Running: framework=omp_off  version=v2  N=1240000000
omp_get_num_devices()    = 4
omp_get_initial_device() = 4
Elapsed time:      0.107095 seconds
Total transferred: 18.477440 GB
P2P Bandwidth:     185.256076 GB/s
Verification:      PASS
    -> elapsed=0.107095s  bandwidth=185.256076 GB/s  status=ok

>>> Running: framework=omp_off  version=v4  N=1240000000
omp_get_num_devices()    = 4
omp_get_initial_device() = 4
Elapsed time:      0.111330 seconds
Total transferred: 27.716160 GB
P2P Bandwidth:     267.313315 GB/s
Verification:      PASS
    -> elapsed=0.111330s  bandwidth=267.313315 GB/s  status=ok

>>> Running: framework=cuda  version=v1  N=1240000000
Elapsed time:      0.106214 s
Total transferred: 9.238720 GB
P2P Bandwidth:     93.396310 GB/s
Verification d_B (dev0→dev1): PASSED (1000/1240000000 samples)
    -> elapsed=0.106214s  bandwidth=93.396310 GB/s  status=ok

>>> Running: framework=cuda  version=v2  N=1240000000
Elapsed time:      0.120750 s
Total transferred: 18.477440 GB
P2P Bandwidth:     164.306161 GB/s
Verification d_C (dev0→dev1): PASSED (1000/1240000000 samples)
Verification d_D (dev1→dev0): PASSED (1000/1240000000 samples)
    -> elapsed=0.120750s  bandwidth=164.306161 GB/s  status=ok

>>> Running: framework=cuda  version=v4  N=1240000000
Elapsed time:      0.114764 s
Total transferred: 27.716160 GB
P2P Bandwidth:     259.314824 GB/s
Verification d_B1 (dev1→dev0): PASSED (1000/1240000000 samples)
Verification d_C1 (dev2→dev0): PASSED (1000/1240000000 samples)
Verification d_D1 (dev3→dev0): PASSED (1000/1240000000 samples)
    -> elapsed=0.114764s  bandwidth=259.314824 GB/s  status=ok

>>> Running: framework=acc  version=v1  N=1240000000
Elapsed time:      0.106173 s
Total transferred: 9.238720 GB
P2P Bandwidth:     93.432383 GB/s
Verification d_B (dev0→dev1): PASSED (1000/1240000000 samples)
    -> elapsed=0.106173s  bandwidth=93.432383 GB/s  status=ok

>>> Running: framework=acc  version=v2  N=1240000000
Elapsed time:      0.108243 s
Total transferred: 18.477440 GB
P2P Bandwidth:     183.291318 GB/s
Verification d_C (dev0→dev1): PASSED (1000/1240000000 samples)
Verification d_D (dev1→dev0): PASSED (1000/1240000000 samples)
    -> elapsed=0.108243s  bandwidth=183.291318 GB/s  status=ok

>>> Running: framework=acc  version=v4  N=1240000000
Elapsed time:      0.114231 s
Total transferred: 27.716160 GB
P2P Bandwidth:     260.524476 GB/s
Verification d_B1 (dev1→dev0): PASSED (1000/1240000000 samples)
Verification d_C1 (dev2→dev0): PASSED (1000/1240000000 samples)
Verification d_D1 (dev3→dev0): PASSED (1000/1240000000 samples)
    -> elapsed=0.114231s  bandwidth=260.524476 GB/s  status=ok

===========================
N = 58750000  (4-to-4)
===========================

>>> Running: framework=omp_off  version=v4_4  N=58750000
omp_get_num_devices()    = 4
omp_get_initial_device() = 4
Elapsed time:      0.011164 seconds
Total transferred: 5.252659 GB
P2P Bandwidth:     505.197535 GB/s
Verification:      PASS
    -> elapsed=0.011164s  bandwidth=505.197535 GB/s  status=ok

>>> Running: framework=cuda  version=v4_4  N=58750000
Elapsed time:      0.006871 s
Total transferred: 5.252659 GB
P2P Bandwidth:     820.843005 GB/s
Verification d_A2  (dev0→dev1): PASSED (1000/58750000 samples)
Verification d_A3  (dev0→dev2): PASSED (1000/58750000 samples)
Verification d_A4  (dev0→dev3): PASSED (1000/58750000 samples)
Verification d_B1  (dev1→dev0): PASSED (1000/58750000 samples)
Verification d_B3  (dev1→dev2): PASSED (1000/58750000 samples)
Verification d_B4  (dev1→dev3): PASSED (1000/58750000 samples)
Verification d_C1  (dev2→dev0): PASSED (1000/58750000 samples)
Verification d_C2  (dev2→dev1): PASSED (1000/58750000 samples)
Verification d_C4  (dev2→dev3): PASSED (1000/58750000 samples)
Verification d_D1  (dev3→dev0): PASSED (1000/58750000 samples)
Verification d_D2  (dev3→dev1): PASSED (1000/58750000 samples)
Verification d_D3  (dev3→dev2): PASSED (1000/58750000 samples)
    -> elapsed=0.006871s  bandwidth=820.843005 GB/s  status=ok

>>> Running: framework=acc  version=v4_4  N=58750000
Elapsed time:      0.006902 s
Total transferred: 5.252659 GB
P2P Bandwidth:     817.156881 GB/s
Verification d_C1 (dev2→dev0): PASSED (1000/58750000 samples)
Verification d_D1 (dev3→dev0): PASSED (1000/58750000 samples)
Verification d_A2 (dev0→dev1): PASSED (1000/58750000 samples)
Verification d_C2 (dev2→dev1): PASSED (1000/58750000 samples)
Verification d_D2 (dev3→dev1): PASSED (1000/58750000 samples)
Verification d_A3 (dev0→dev2): PASSED (1000/58750000 samples)
Verification d_B3 (dev1→dev2): PASSED (1000/58750000 samples)
Verification d_D3 (dev3→dev2): PASSED (1000/58750000 samples)
Verification d_A4 (dev0→dev3): PASSED (1000/58750000 samples)
Verification d_B4 (dev1→dev3): PASSED (1000/58750000 samples)
Verification d_C4 (dev2→dev3): PASSED (1000/58750000 samples)
    -> elapsed=0.006902s  bandwidth=817.156881 GB/s  status=ok

===========================
N = 108750000  (4-to-4)
===========================

>>> Running: framework=omp_off  version=v4_4  N=108750000
omp_get_num_devices()    = 4
omp_get_initial_device() = 4
Elapsed time:      0.020835 seconds
Total transferred: 9.723008 GB
P2P Bandwidth:     501.081770 GB/s
Verification:      PASS
    -> elapsed=0.020835s  bandwidth=501.081770 GB/s  status=ok

>>> Running: framework=cuda  version=v4_4  N=108750000
Elapsed time:      0.029870 s
Total transferred: 9.723008 GB
P2P Bandwidth:     349.514174 GB/s
Verification d_A2  (dev0→dev1): PASSED (1000/108750000 samples)
Verification d_A3  (dev0→dev2): PASSED (1000/108750000 samples)
Verification d_A4  (dev0→dev3): PASSED (1000/108750000 samples)
Verification d_B1  (dev1→dev0): PASSED (1000/108750000 samples)
Verification d_B3  (dev1→dev2): PASSED (1000/108750000 samples)
Verification d_B4  (dev1→dev3): PASSED (1000/108750000 samples)
Verification d_C1  (dev2→dev0): PASSED (1000/108750000 samples)
Verification d_C2  (dev2→dev1): PASSED (1000/108750000 samples)
Verification d_C4  (dev2→dev3): PASSED (1000/108750000 samples)
Verification d_D1  (dev3→dev0): PASSED (1000/108750000 samples)
Verification d_D2  (dev3→dev1): PASSED (1000/108750000 samples)
Verification d_D3  (dev3→dev2): PASSED (1000/108750000 samples)
    -> elapsed=0.029870s  bandwidth=349.514174 GB/s  status=ok

>>> Running: framework=acc  version=v4_4  N=108750000
Elapsed time:      0.011347 s
Total transferred: 9.723008 GB
P2P Bandwidth:     920.062483 GB/s
Verification d_C1 (dev2→dev0): PASSED (1000/108750000 samples)
Verification d_D1 (dev3→dev0): PASSED (1000/108750000 samples)
Verification d_A2 (dev0→dev1): PASSED (1000/108750000 samples)
Verification d_C2 (dev2→dev1): PASSED (1000/108750000 samples)
Verification d_D2 (dev3→dev1): PASSED (1000/108750000 samples)
Verification d_A3 (dev0→dev2): PASSED (1000/108750000 samples)
Verification d_B3 (dev1→dev2): PASSED (1000/108750000 samples)
Verification d_D3 (dev3→dev2): PASSED (1000/108750000 samples)
Verification d_A4 (dev0→dev3): PASSED (1000/108750000 samples)
Verification d_B4 (dev1→dev3): PASSED (1000/108750000 samples)
Verification d_C4 (dev2→dev3): PASSED (1000/108750000 samples)
    -> elapsed=0.011347s  bandwidth=920.062483 GB/s  status=ok

===========================
N = 159375000  (4-to-4)
===========================

>>> Running: framework=omp_off  version=v4_4  N=159375000
omp_get_num_devices()    = 4
omp_get_initial_device() = 4
Elapsed time:      0.033661 seconds
Total transferred: 14.249235 GB
P2P Bandwidth:     454.530235 GB/s
Verification:      PASS
    -> elapsed=0.033661s  bandwidth=454.530235 GB/s  status=ok

>>> Running: framework=cuda  version=v4_4  N=159375000
Elapsed time:      0.019729 s
Total transferred: 14.249235 GB
P2P Bandwidth:     775.512105 GB/s
Verification d_A2  (dev0→dev1): PASSED (1000/159375000 samples)
Verification d_A3  (dev0→dev2): PASSED (1000/159375000 samples)
Verification d_A4  (dev0→dev3): PASSED (1000/159375000 samples)
Verification d_B1  (dev1→dev0): PASSED (1000/159375000 samples)
Verification d_B3  (dev1→dev2): PASSED (1000/159375000 samples)
Verification d_B4  (dev1→dev3): PASSED (1000/159375000 samples)
Verification d_C1  (dev2→dev0): PASSED (1000/159375000 samples)
Verification d_C2  (dev2→dev1): PASSED (1000/159375000 samples)
Verification d_C4  (dev2→dev3): PASSED (1000/159375000 samples)
Verification d_D1  (dev3→dev0): PASSED (1000/159375000 samples)
Verification d_D2  (dev3→dev1): PASSED (1000/159375000 samples)
Verification d_D3  (dev3→dev2): PASSED (1000/159375000 samples)
    -> elapsed=0.019729s  bandwidth=775.512105 GB/s  status=ok

>>> Running: framework=acc  version=v4_4  N=159375000
Elapsed time:      0.022134 s
Total transferred: 14.249235 GB
P2P Bandwidth:     691.249636 GB/s
Verification d_C1 (dev2→dev0): PASSED (1000/159375000 samples)
Verification d_D1 (dev3→dev0): PASSED (1000/159375000 samples)
Verification d_A2 (dev0→dev1): PASSED (1000/159375000 samples)
Verification d_C2 (dev2→dev1): PASSED (1000/159375000 samples)
Verification d_D2 (dev3→dev1): PASSED (1000/159375000 samples)
Verification d_A3 (dev0→dev2): PASSED (1000/159375000 samples)
Verification d_B3 (dev1→dev2): PASSED (1000/159375000 samples)
Verification d_D3 (dev3→dev2): PASSED (1000/159375000 samples)
Verification d_A4 (dev0→dev3): PASSED (1000/159375000 samples)
Verification d_B4 (dev1→dev3): PASSED (1000/159375000 samples)
Verification d_C4 (dev2→dev3): PASSED (1000/159375000 samples)
    -> elapsed=0.022134s  bandwidth=691.249636 GB/s  status=ok

===========================
N = 209375000  (4-to-4)
===========================

>>> Running: framework=omp_off  version=v4_4  N=209375000
omp_get_num_devices()    = 4
omp_get_initial_device() = 4
Elapsed time:      0.036197 seconds
Total transferred: 18.719584 GB
P2P Bandwidth:     555.295449 GB/s
Verification:      PASS
    -> elapsed=0.036197s  bandwidth=555.295449 GB/s  status=ok

>>> Running: framework=cuda  version=v4_4  N=209375000
Elapsed time:      0.026100 s
Total transferred: 18.719584 GB
P2P Bandwidth:     770.117295 GB/s
Verification d_A2  (dev0→dev1): PASSED (1000/209375000 samples)
Verification d_A3  (dev0→dev2): PASSED (1000/209375000 samples)
Verification d_A4  (dev0→dev3): PASSED (1000/209375000 samples)
Verification d_B1  (dev1→dev0): PASSED (1000/209375000 samples)
Verification d_B3  (dev1→dev2): PASSED (1000/209375000 samples)
Verification d_B4  (dev1→dev3): PASSED (1000/209375000 samples)
Verification d_C1  (dev2→dev0): PASSED (1000/209375000 samples)
Verification d_C2  (dev2→dev1): PASSED (1000/209375000 samples)
Verification d_C4  (dev2→dev3): PASSED (1000/209375000 samples)
Verification d_D1  (dev3→dev0): PASSED (1000/209375000 samples)
Verification d_D2  (dev3→dev1): PASSED (1000/209375000 samples)
Verification d_D3  (dev3→dev2): PASSED (1000/209375000 samples)
    -> elapsed=0.026100s  bandwidth=770.117295 GB/s  status=ok

>>> Running: framework=acc  version=v4_4  N=209375000
Elapsed time:      0.024637 s
Total transferred: 18.719584 GB
P2P Bandwidth:     815.846619 GB/s
Verification d_C1 (dev2→dev0): PASSED (1000/209375000 samples)
Verification d_D1 (dev3→dev0): PASSED (1000/209375000 samples)
Verification d_A2 (dev0→dev1): PASSED (1000/209375000 samples)
Verification d_C2 (dev2→dev1): PASSED (1000/209375000 samples)
Verification d_D2 (dev3→dev1): PASSED (1000/209375000 samples)
Verification d_A3 (dev0→dev2): PASSED (1000/209375000 samples)
Verification d_B3 (dev1→dev2): PASSED (1000/209375000 samples)
Verification d_D3 (dev3→dev2): PASSED (1000/209375000 samples)
Verification d_A4 (dev0→dev3): PASSED (1000/209375000 samples)
Verification d_B4 (dev1→dev3): PASSED (1000/209375000 samples)
Verification d_C4 (dev2→dev3): PASSED (1000/209375000 samples)
    -> elapsed=0.024637s  bandwidth=815.846619 GB/s  status=ok

===========================
N = 260000000  (4-to-4)
===========================

>>> Running: framework=omp_off  version=v4_4  N=260000000
omp_get_num_devices()    = 4
omp_get_initial_device() = 4
Elapsed time:      0.044838 seconds
Total transferred: 23.245811 GB
P2P Bandwidth:     556.668321 GB/s
Verification:      PASS
    -> elapsed=0.044838s  bandwidth=556.668321 GB/s  status=ok

>>> Running: framework=cuda  version=v4_4  N=260000000
Elapsed time:      0.033132 s
Total transferred: 23.245811 GB
P2P Bandwidth:     753.353922 GB/s
Verification d_A2  (dev0→dev1): PASSED (1000/260000000 samples)
Verification d_A3  (dev0→dev2): PASSED (1000/260000000 samples)
Verification d_A4  (dev0→dev3): PASSED (1000/260000000 samples)
Verification d_B1  (dev1→dev0): PASSED (1000/260000000 samples)
Verification d_B3  (dev1→dev2): PASSED (1000/260000000 samples)
Verification d_B4  (dev1→dev3): PASSED (1000/260000000 samples)
Verification d_C1  (dev2→dev0): PASSED (1000/260000000 samples)
Verification d_C2  (dev2→dev1): PASSED (1000/260000000 samples)
Verification d_C4  (dev2→dev3): PASSED (1000/260000000 samples)
Verification d_D1  (dev3→dev0): PASSED (1000/260000000 samples)
Verification d_D2  (dev3→dev1): PASSED (1000/260000000 samples)
Verification d_D3  (dev3→dev2): PASSED (1000/260000000 samples)
    -> elapsed=0.033132s  bandwidth=753.353922 GB/s  status=ok

>>> Running: framework=acc  version=v4_4  N=260000000
Elapsed time:      0.030324 s
Total transferred: 23.245811 GB
P2P Bandwidth:     823.110890 GB/s
Verification d_C1 (dev2→dev0): PASSED (1000/260000000 samples)
Verification d_D1 (dev3→dev0): PASSED (1000/260000000 samples)
Verification d_A2 (dev0→dev1): PASSED (1000/260000000 samples)
Verification d_C2 (dev2→dev1): PASSED (1000/260000000 samples)
Verification d_D2 (dev3→dev1): PASSED (1000/260000000 samples)
Verification d_A3 (dev0→dev2): PASSED (1000/260000000 samples)
Verification d_B3 (dev1→dev2): PASSED (1000/260000000 samples)
Verification d_D3 (dev3→dev2): PASSED (1000/260000000 samples)
Verification d_A4 (dev0→dev3): PASSED (1000/260000000 samples)
Verification d_B4 (dev1→dev3): PASSED (1000/260000000 samples)
Verification d_C4 (dev2→dev3): PASSED (1000/260000000 samples)
    -> elapsed=0.030324s  bandwidth=823.110890 GB/s  status=ok

===========================
N = 310000000  (4-to-4)
===========================

>>> Running: framework=omp_off  version=v4_4  N=310000000
omp_get_num_devices()    = 4
omp_get_initial_device() = 4
Elapsed time:      0.055599 seconds
Total transferred: 27.716160 GB
P2P Bandwidth:     535.261674 GB/s
Verification:      PASS
    -> elapsed=0.055599s  bandwidth=535.261674 GB/s  status=ok

>>> Running: framework=cuda  version=v4_4  N=310000000
Elapsed time:      0.038879 s
Total transferred: 27.716160 GB
P2P Bandwidth:     765.453407 GB/s
Verification d_A2  (dev0→dev1): PASSED (1000/310000000 samples)
Verification d_A3  (dev0→dev2): PASSED (1000/310000000 samples)
Verification d_A4  (dev0→dev3): PASSED (1000/310000000 samples)
Verification d_B1  (dev1→dev0): PASSED (1000/310000000 samples)
Verification d_B3  (dev1→dev2): PASSED (1000/310000000 samples)
Verification d_B4  (dev1→dev3): PASSED (1000/310000000 samples)
Verification d_C1  (dev2→dev0): PASSED (1000/310000000 samples)
Verification d_C2  (dev2→dev1): PASSED (1000/310000000 samples)
Verification d_C4  (dev2→dev3): PASSED (1000/310000000 samples)
Verification d_D1  (dev3→dev0): PASSED (1000/310000000 samples)
Verification d_D2  (dev3→dev1): PASSED (1000/310000000 samples)
Verification d_D3  (dev3→dev2): PASSED (1000/310000000 samples)
    -> elapsed=0.038879s  bandwidth=765.453407 GB/s  status=ok

>>> Running: framework=acc  version=v4_4  N=310000000
Elapsed time:      0.041350 s
Total transferred: 27.716160 GB
P2P Bandwidth:     719.711746 GB/s
Verification d_C1 (dev2→dev0): PASSED (1000/310000000 samples)
Verification d_D1 (dev3→dev0): PASSED (1000/310000000 samples)
Verification d_A2 (dev0→dev1): PASSED (1000/310000000 samples)
Verification d_C2 (dev2→dev1): PASSED (1000/310000000 samples)
Verification d_D2 (dev3→dev1): PASSED (1000/310000000 samples)
Verification d_A3 (dev0→dev2): PASSED (1000/310000000 samples)
Verification d_B3 (dev1→dev2): PASSED (1000/310000000 samples)
Verification d_D3 (dev3→dev2): PASSED (1000/310000000 samples)
Verification d_A4 (dev0→dev3): PASSED (1000/310000000 samples)
Verification d_B4 (dev1→dev3): PASSED (1000/310000000 samples)
Verification d_C4 (dev2→dev3): PASSED (1000/310000000 samples)
    -> elapsed=0.041350s  bandwidth=719.711746 GB/s  status=ok
