============================================================
Job ID     : 4433972
Timestamp  : 20260328_203621
Results dir: results_4433972_20260328_203621
CLEAN_LD_PATH: /apps/USE/easybuild/release/2025.1/software/CUDA/12.8.0/nvvm/lib64:/apps/USE/easybuild/release/2025.1/software/CUDA/12.8.0/extras/CUPTI/lib64:/apps/USE/easybuild/release/2025.1/software/CUDA/12.8.0/targets/x86_64-linux/lib:/apps/USE/easybuild/release/2025.1/software/LLVM/20.1.7-GCCcore-14.2.0/lib/x86_64-unknown-linux-gnu:/apps/USE/easybuild/release/2025.1/software/LLVM/20.1.7-GCCcore-14.2.0/lib:/apps/USE/easybuild/release/2025.1/software/zstd/1.5.6-GCCcore-14.2.0/lib:/apps/USE/easybuild/release/2025.1/software/lz4/1.10.0-GCCcore-14.2.0/lib:/apps/USE/easybuild/release/2025.1/software/Z3/4.13.4-GCCcore-14.2.0/lib:/apps/USE/easybuild/release/2025.1/software/GMP/6.3.0-GCCcore-14.2.0/lib:/apps/USE/easybuild/release/2025.1/software/Python/3.13.1-GCCcore-14.2.0/lib:/apps/USE/easybuild/release/2025.1/software/OpenSSL/3/lib64:/apps/USE/easybuild/release/2025.1/software/libffi/3.4.5-GCCcore-14.2.0/lib64:/apps/USE/easybuild/release/2025.1/software/SQLite/3.47.2-GCCcore-14.2.0/lib:/apps/USE/easybuild/release/2025.1/software/Tcl/8.6.16-GCCcore-14.2.0/lib:/apps/USE/easybuild/release/2025.1/software/libreadline/8.2-GCCcore-14.2.0/lib:/apps/USE/easybuild/release/2025.1/software/bzip2/1.0.8-GCCcore-14.2.0/lib:/apps/USE/easybuild/release/2025.1/software/binutils/2.42-GCCcore-14.2.0/lib:/apps/USE/easybuild/release/2025.1/software/ncurses/6.5-GCCcore-14.2.0/lib:/apps/USE/easybuild/release/2025.1/software/libxml2/2.13.4-GCCcore-14.2.0/lib:/apps/USE/easybuild/release/2025.1/software/zlib/1.3.1-GCCcore-14.2.0/lib:/apps/USE/easybuild/release/2025.1/software/XZ/5.6.3-GCCcore-14.2.0/lib:/apps/USE/easybuild/release/2025.1/software/GCCcore/14.2.0/lib64
============================================================

============================================================
Starting benchmarks
============================================================

===========================
N = 117500000
===========================

>>> Running: framework=omp_off  version=v1  N=117500000
omp_get_num_devices()    = 4
omp_get_initial_device() = 4
Elapsed time:      0.010060 seconds
Total transferred: 0.875443 GB
P2P Bandwidth:     93.438696 GB/s
Verification:      PASS
    -> elapsed=0.010060s  bandwidth=93.438696 GB/s  status=ok

>>> Running: framework=omp_off  version=v2  N=117500000
omp_get_num_devices()    = 4
omp_get_initial_device() = 4
Elapsed time:      0.010273 seconds
Total transferred: 1.750886 GB
P2P Bandwidth:     183.004352 GB/s
Verification:      PASS
    -> elapsed=0.010273s  bandwidth=183.004352 GB/s  status=ok

>>> Running: framework=omp_off  version=v4  N=117500000
omp_get_num_devices()    = 4
omp_get_initial_device() = 4
Elapsed time:      0.010278 seconds
Total transferred: 2.626330 GB
P2P Bandwidth:     274.372806 GB/s
Verification:      PASS
    -> elapsed=0.010278s  bandwidth=274.372806 GB/s  status=ok

>>> Running: framework=cuda  version=v1  N=117500000
Elapsed time:      0.010009 s
Total transferred: 0.875443 GB
P2P Bandwidth:     93.915003 GB/s
Verification d_B (dev0→dev1): PASSED (1000/117500000 samples)
    -> elapsed=0.010009s  bandwidth=93.915003 GB/s  status=ok

>>> Running: framework=cuda  version=v2  N=117500000
Elapsed time:      0.011277 s
Total transferred: 1.750886 GB
P2P Bandwidth:     166.711591 GB/s
Verification d_C (dev0→dev1): PASSED (1000/117500000 samples)
Verification d_D (dev1→dev0): PASSED (1000/117500000 samples)
    -> elapsed=0.011277s  bandwidth=166.711591 GB/s  status=ok

>>> Running: framework=cuda  version=v4  N=117500000
Elapsed time:      0.011261 s
Total transferred: 2.626330 GB
P2P Bandwidth:     250.422114 GB/s
Verification d_B1 (dev1→dev0): PASSED (1000/117500000 samples)
Verification d_C1 (dev2→dev0): PASSED (1000/117500000 samples)
Verification d_D1 (dev3→dev0): PASSED (1000/117500000 samples)
    -> elapsed=0.011261s  bandwidth=250.422114 GB/s  status=ok

>>> Running: framework=acc  version=v1  N=117500000
Elapsed time:      0.010005 s
Total transferred: 0.875443 GB
P2P Bandwidth:     93.953049 GB/s
Verification d_B (dev0→dev1): PASSED (1000/117500000 samples)
    -> elapsed=0.010005s  bandwidth=93.953049 GB/s  status=ok

>>> Running: framework=acc  version=v2  N=117500000
Elapsed time:      0.011066 s
Total transferred: 1.750886 GB
P2P Bandwidth:     169.890368 GB/s
Verification d_C (dev0→dev1): PASSED (1000/117500000 samples)
Verification d_D (dev1→dev0): PASSED (1000/117500000 samples)
    -> elapsed=0.011066s  bandwidth=169.890368 GB/s  status=ok

>>> Running: framework=acc  version=v4  N=117500000
Elapsed time:      0.011024 s
Total transferred: 2.626330 GB
P2P Bandwidth:     255.805556 GB/s
Verification d_B1 (dev1→dev0): PASSED (1000/117500000 samples)
Verification d_C1 (dev2→dev0): PASSED (1000/117500000 samples)
Verification d_D1 (dev3→dev0): PASSED (1000/117500000 samples)
    -> elapsed=0.011024s  bandwidth=255.805556 GB/s  status=ok

===========================
N = 217500000
===========================

>>> Running: framework=omp_off  version=v1  N=217500000
omp_get_num_devices()    = 4
omp_get_initial_device() = 4
Elapsed time:      0.018601 seconds
Total transferred: 1.620501 GB
P2P Bandwidth:     93.543656 GB/s
Verification:      PASS
    -> elapsed=0.018601s  bandwidth=93.543656 GB/s  status=ok

>>> Running: framework=omp_off  version=v2  N=217500000
omp_get_num_devices()    = 4
omp_get_initial_device() = 4
Elapsed time:      0.018830 seconds
Total transferred: 3.241003 GB
P2P Bandwidth:     184.810873 GB/s
Verification:      PASS
    -> elapsed=0.018830s  bandwidth=184.810873 GB/s  status=ok

>>> Running: framework=omp_off  version=v4  N=217500000
omp_get_num_devices()    = 4
omp_get_initial_device() = 4
Elapsed time:      0.018772 seconds
Total transferred: 4.861504 GB
P2P Bandwidth:     278.075403 GB/s
Verification:      PASS
    -> elapsed=0.018772s  bandwidth=278.075403 GB/s  status=ok

>>> Running: framework=cuda  version=v1  N=217500000
Elapsed time:      0.018555 s
Total transferred: 1.620501 GB
P2P Bandwidth:     93.775637 GB/s
Verification d_B (dev0→dev1): PASSED (1000/217500000 samples)
    -> elapsed=0.018555s  bandwidth=93.775637 GB/s  status=ok

>>> Running: framework=cuda  version=v2  N=217500000
Elapsed time:      0.030448 s
Total transferred: 3.241003 GB
P2P Bandwidth:     114.293372 GB/s
Verification d_C (dev0→dev1): PASSED (1000/217500000 samples)
Verification d_D (dev1→dev0): PASSED (1000/217500000 samples)
    -> elapsed=0.030448s  bandwidth=114.293372 GB/s  status=ok

>>> Running: framework=cuda  version=v4  N=217500000
Elapsed time:      0.019801 s
Total transferred: 4.861504 GB
P2P Bandwidth:     263.621188 GB/s
Verification d_B1 (dev1→dev0): PASSED (1000/217500000 samples)
Verification d_C1 (dev2→dev0): PASSED (1000/217500000 samples)
Verification d_D1 (dev3→dev0): PASSED (1000/217500000 samples)
    -> elapsed=0.019801s  bandwidth=263.621188 GB/s  status=ok

>>> Running: framework=acc  version=v1  N=217500000
Elapsed time:      0.018530 s
Total transferred: 1.620501 GB
P2P Bandwidth:     93.902328 GB/s
Verification d_B (dev0→dev1): PASSED (1000/217500000 samples)
    -> elapsed=0.018530s  bandwidth=93.902328 GB/s  status=ok

>>> Running: framework=acc  version=v2  N=217500000
Elapsed time:      0.019601 s
Total transferred: 3.241003 GB
P2P Bandwidth:     177.540996 GB/s
Verification d_C (dev0→dev1): PASSED (1000/217500000 samples)
Verification d_D (dev1→dev0): PASSED (1000/217500000 samples)
    -> elapsed=0.019601s  bandwidth=177.540996 GB/s  status=ok

>>> Running: framework=acc  version=v4  N=217500000
Elapsed time:      0.020878 s
Total transferred: 4.861504 GB
P2P Bandwidth:     250.023032 GB/s
Verification d_B1 (dev1→dev0): PASSED (1000/217500000 samples)
Verification d_C1 (dev2→dev0): PASSED (1000/217500000 samples)
Verification d_D1 (dev3→dev0): PASSED (1000/217500000 samples)
    -> elapsed=0.020878s  bandwidth=250.023032 GB/s  status=ok

===========================
N = 318750000
===========================

>>> Running: framework=omp_off  version=v1  N=318750000
omp_get_num_devices()    = 4
omp_get_initial_device() = 4
Elapsed time:      0.027198 seconds
Total transferred: 2.374873 GB
P2P Bandwidth:     93.757453 GB/s
Verification:      PASS
    -> elapsed=0.027198s  bandwidth=93.757453 GB/s  status=ok

>>> Running: framework=omp_off  version=v2  N=318750000
omp_get_num_devices()    = 4
omp_get_initial_device() = 4
Elapsed time:      0.027548 seconds
Total transferred: 4.749745 GB
P2P Bandwidth:     185.132507 GB/s
Verification:      PASS
    -> elapsed=0.027548s  bandwidth=185.132507 GB/s  status=ok

>>> Running: framework=omp_off  version=v4  N=318750000
omp_get_num_devices()    = 4
omp_get_initial_device() = 4
Elapsed time:      0.029945 seconds
Total transferred: 7.124618 GB
P2P Bandwidth:     255.467206 GB/s
Verification:      PASS
    -> elapsed=0.029945s  bandwidth=255.467206 GB/s  status=ok

>>> Running: framework=cuda  version=v1  N=318750000
Elapsed time:      0.027165 s
Total transferred: 2.374873 GB
P2P Bandwidth:     93.870187 GB/s
Verification d_B (dev0→dev1): PASSED (1000/318750000 samples)
    -> elapsed=0.027165s  bandwidth=93.870187 GB/s  status=ok

>>> Running: framework=cuda  version=v2  N=318750000
Elapsed time:      0.041990 s
Total transferred: 4.749745 GB
P2P Bandwidth:     121.457369 GB/s
Verification d_C (dev0→dev1): PASSED (1000/318750000 samples)
Verification d_D (dev1→dev0): PASSED (1000/318750000 samples)
    -> elapsed=0.041990s  bandwidth=121.457369 GB/s  status=ok

>>> Running: framework=cuda  version=v4  N=318750000
Elapsed time:      0.029850 s
Total transferred: 7.124618 GB
P2P Bandwidth:     256.281355 GB/s
Verification d_B1 (dev1→dev0): PASSED (1000/318750000 samples)
Verification d_C1 (dev2→dev0): PASSED (1000/318750000 samples)
Verification d_D1 (dev3→dev0): PASSED (1000/318750000 samples)
    -> elapsed=0.029850s  bandwidth=256.281355 GB/s  status=ok

>>> Running: framework=acc  version=v1  N=318750000
Elapsed time:      0.027140 s
Total transferred: 2.374873 GB
P2P Bandwidth:     93.957598 GB/s
Verification d_B (dev0→dev1): PASSED (1000/318750000 samples)
    -> elapsed=0.027140s  bandwidth=93.957598 GB/s  status=ok

>>> Running: framework=acc  version=v2  N=318750000
Elapsed time:      0.027994 s
Total transferred: 4.749745 GB
P2P Bandwidth:     182.180882 GB/s
Verification d_C (dev0→dev1): PASSED (1000/318750000 samples)
Verification d_D (dev1→dev0): PASSED (1000/318750000 samples)
    -> elapsed=0.027994s  bandwidth=182.180882 GB/s  status=ok

>>> Running: framework=acc  version=v4  N=318750000
Elapsed time:      0.029913 s
Total transferred: 7.124618 GB
P2P Bandwidth:     255.742090 GB/s
Verification d_B1 (dev1→dev0): PASSED (1000/318750000 samples)
Verification d_C1 (dev2→dev0): PASSED (1000/318750000 samples)
Verification d_D1 (dev3→dev0): PASSED (1000/318750000 samples)
    -> elapsed=0.029913s  bandwidth=255.742090 GB/s  status=ok

===========================
N = 418750000
===========================

>>> Running: framework=omp_off  version=v1  N=418750000
omp_get_num_devices()    = 4
omp_get_initial_device() = 4
Elapsed time:      0.035738 seconds
Total transferred: 3.119931 GB
P2P Bandwidth:     93.737781 GB/s
Verification:      PASS
    -> elapsed=0.035738s  bandwidth=93.737781 GB/s  status=ok

>>> Running: framework=omp_off  version=v2  N=418750000
omp_get_num_devices()    = 4
omp_get_initial_device() = 4
Elapsed time:      0.036061 seconds
Total transferred: 6.239861 GB
P2P Bandwidth:     185.796040 GB/s
Verification:      PASS
    -> elapsed=0.036061s  bandwidth=185.796040 GB/s  status=ok

>>> Running: framework=omp_off  version=v4  N=418750000
omp_get_num_devices()    = 4
omp_get_initial_device() = 4
Elapsed time:      0.037816 seconds
Total transferred: 9.359792 GB
P2P Bandwidth:     265.760190 GB/s
Verification:      PASS
    -> elapsed=0.037816s  bandwidth=265.760190 GB/s  status=ok

>>> Running: framework=cuda  version=v1  N=418750000
Elapsed time:      0.035649 s
Total transferred: 3.119931 GB
P2P Bandwidth:     93.971619 GB/s
Verification d_B (dev0→dev1): PASSED (1000/418750000 samples)
    -> elapsed=0.035649s  bandwidth=93.971619 GB/s  status=ok

>>> Running: framework=cuda  version=v2  N=418750000
Elapsed time:      0.037104 s
Total transferred: 6.239861 GB
P2P Bandwidth:     180.572891 GB/s
Verification d_C (dev0→dev1): PASSED (1000/418750000 samples)
Verification d_D (dev1→dev0): PASSED (1000/418750000 samples)
    -> elapsed=0.037104s  bandwidth=180.572891 GB/s  status=ok

>>> Running: framework=cuda  version=v4  N=418750000
Elapsed time:      0.039280 s
Total transferred: 9.359792 GB
P2P Bandwidth:     255.855803 GB/s
Verification d_B1 (dev1→dev0): PASSED (1000/418750000 samples)
Verification d_C1 (dev2→dev0): PASSED (1000/418750000 samples)
Verification d_D1 (dev3→dev0): PASSED (1000/418750000 samples)
    -> elapsed=0.039280s  bandwidth=255.855803 GB/s  status=ok

>>> Running: framework=acc  version=v1  N=418750000
Elapsed time:      0.035656 s
Total transferred: 3.119931 GB
P2P Bandwidth:     93.953397 GB/s
Verification d_B (dev0→dev1): PASSED (1000/418750000 samples)
    -> elapsed=0.035656s  bandwidth=93.953397 GB/s  status=ok

>>> Running: framework=acc  version=v2  N=418750000
Elapsed time:      0.036790 s
Total transferred: 6.239861 GB
P2P Bandwidth:     182.115229 GB/s
Verification d_C (dev0→dev1): PASSED (1000/418750000 samples)
Verification d_D (dev1→dev0): PASSED (1000/418750000 samples)
    -> elapsed=0.036790s  bandwidth=182.115229 GB/s  status=ok

>>> Running: framework=acc  version=v4  N=418750000
Elapsed time:      0.041062 s
Total transferred: 9.359792 GB
P2P Bandwidth:     244.752565 GB/s
Verification d_B1 (dev1→dev0): PASSED (1000/418750000 samples)
Verification d_C1 (dev2→dev0): PASSED (1000/418750000 samples)
Verification d_D1 (dev3→dev0): PASSED (1000/418750000 samples)
    -> elapsed=0.041062s  bandwidth=244.752565 GB/s  status=ok

===========================
N = 520000000
===========================

>>> Running: framework=omp_off  version=v1  N=520000000
omp_get_num_devices()    = 4
omp_get_initial_device() = 4
Elapsed time:      0.044311 seconds
Total transferred: 3.874302 GB
P2P Bandwidth:     93.881782 GB/s
Verification:      PASS
    -> elapsed=0.044311s  bandwidth=93.881782 GB/s  status=ok

>>> Running: framework=omp_off  version=v2  N=520000000
omp_get_num_devices()    = 4
omp_get_initial_device() = 4
Elapsed time:      0.044781 seconds
Total transferred: 7.748604 GB
P2P Bandwidth:     185.793208 GB/s
Verification:      PASS
    -> elapsed=0.044781s  bandwidth=185.793208 GB/s  status=ok

>>> Running: framework=omp_off  version=v4  N=520000000
omp_get_num_devices()    = 4
omp_get_initial_device() = 4
Elapsed time:      0.046688 seconds
Total transferred: 11.622906 GB
P2P Bandwidth:     267.305917 GB/s
Verification:      PASS
    -> elapsed=0.046688s  bandwidth=267.305917 GB/s  status=ok

>>> Running: framework=cuda  version=v1  N=520000000
Elapsed time:      0.044259 s
Total transferred: 3.874302 GB
P2P Bandwidth:     93.992031 GB/s
Verification d_B (dev0→dev1): PASSED (1000/520000000 samples)
    -> elapsed=0.044259s  bandwidth=93.992031 GB/s  status=ok

>>> Running: framework=cuda  version=v2  N=520000000
Elapsed time:      0.045749 s
Total transferred: 7.748604 GB
P2P Bandwidth:     181.862101 GB/s
Verification d_C (dev0→dev1): PASSED (1000/520000000 samples)
Verification d_D (dev1→dev0): PASSED (1000/520000000 samples)
    -> elapsed=0.045749s  bandwidth=181.862101 GB/s  status=ok

>>> Running: framework=cuda  version=v4  N=520000000
Elapsed time:      0.048496 s
Total transferred: 11.622906 GB
P2P Bandwidth:     257.340770 GB/s
Verification d_B1 (dev1→dev0): PASSED (1000/520000000 samples)
Verification d_C1 (dev2→dev0): PASSED (1000/520000000 samples)
Verification d_D1 (dev3→dev0): PASSED (1000/520000000 samples)
    -> elapsed=0.048496s  bandwidth=257.340770 GB/s  status=ok

>>> Running: framework=acc  version=v1  N=520000000
Elapsed time:      0.044310 s
Total transferred: 3.874302 GB
P2P Bandwidth:     93.883802 GB/s
Verification d_B (dev0→dev1): PASSED (1000/520000000 samples)
    -> elapsed=0.044310s  bandwidth=93.883802 GB/s  status=ok

>>> Running: framework=acc  version=v2  N=520000000
Elapsed time:      0.045608 s
Total transferred: 7.748604 GB
P2P Bandwidth:     182.423961 GB/s
Verification d_C (dev0→dev1): PASSED (1000/520000000 samples)
Verification d_D (dev1→dev0): PASSED (1000/520000000 samples)
    -> elapsed=0.045608s  bandwidth=182.423961 GB/s  status=ok

>>> Running: framework=acc  version=v4  N=520000000
Elapsed time:      0.047602 s
Total transferred: 11.622906 GB
P2P Bandwidth:     262.172885 GB/s
Verification d_B1 (dev1→dev0): PASSED (1000/520000000 samples)
Verification d_C1 (dev2→dev0): PASSED (1000/520000000 samples)
Verification d_D1 (dev3→dev0): PASSED (1000/520000000 samples)
    -> elapsed=0.047602s  bandwidth=262.172885 GB/s  status=ok

===========================
N = 1240000000
===========================

>>> Running: framework=omp_off  version=v1  N=1240000000
omp_get_num_devices()    = 4
omp_get_initial_device() = 4
Elapsed time:      0.106220 seconds
Total transferred: 9.238720 GB
P2P Bandwidth:     93.391069 GB/s
Verification:      PASS
    -> elapsed=0.106220s  bandwidth=93.391069 GB/s  status=ok

>>> Running: framework=omp_off  version=v2  N=1240000000
omp_get_num_devices()    = 4
omp_get_initial_device() = 4
Elapsed time:      0.107120 seconds
Total transferred: 18.477440 GB
P2P Bandwidth:     185.212781 GB/s
Verification:      PASS
    -> elapsed=0.107120s  bandwidth=185.212781 GB/s  status=ok

>>> Running: framework=omp_off  version=v4  N=1240000000
omp_get_num_devices()    = 4
omp_get_initial_device() = 4
Elapsed time:      0.112903 seconds
Total transferred: 27.716160 GB
P2P Bandwidth:     263.588823 GB/s
Verification:      PASS
    -> elapsed=0.112903s  bandwidth=263.588823 GB/s  status=ok

>>> Running: framework=cuda  version=v1  N=1240000000
Elapsed time:      0.106175 s
Total transferred: 9.238720 GB
P2P Bandwidth:     93.430705 GB/s
Verification d_B (dev0→dev1): PASSED (1000/1240000000 samples)
    -> elapsed=0.106175s  bandwidth=93.430705 GB/s  status=ok

>>> Running: framework=cuda  version=v2  N=1240000000
Elapsed time:      0.108122 s
Total transferred: 18.477440 GB
P2P Bandwidth:     183.496233 GB/s
Verification d_C (dev0→dev1): PASSED (1000/1240000000 samples)
Verification d_D (dev1→dev0): PASSED (1000/1240000000 samples)
    -> elapsed=0.108122s  bandwidth=183.496233 GB/s  status=ok

>>> Running: framework=cuda  version=v4  N=1240000000
Elapsed time:      0.113012 s
Total transferred: 27.716160 GB
P2P Bandwidth:     263.335247 GB/s
Verification d_B1 (dev1→dev0): PASSED (1000/1240000000 samples)
Verification d_C1 (dev2→dev0): PASSED (1000/1240000000 samples)
Verification d_D1 (dev3→dev0): PASSED (1000/1240000000 samples)
    -> elapsed=0.113012s  bandwidth=263.335247 GB/s  status=ok

>>> Running: framework=acc  version=v1  N=1240000000
Elapsed time:      0.106170 s
Total transferred: 9.238720 GB
P2P Bandwidth:     93.434901 GB/s
Verification d_B (dev0→dev1): PASSED (1000/1240000000 samples)
    -> elapsed=0.106170s  bandwidth=93.434901 GB/s  status=ok

>>> Running: framework=acc  version=v2  N=1240000000
Elapsed time:      0.107881 s
Total transferred: 18.477440 GB
P2P Bandwidth:     183.906223 GB/s
Verification d_C (dev0→dev1): PASSED (1000/1240000000 samples)
Verification d_D (dev1→dev0): PASSED (1000/1240000000 samples)
    -> elapsed=0.107881s  bandwidth=183.906223 GB/s  status=ok

>>> Running: framework=acc  version=v4  N=1240000000
Elapsed time:      0.113222 s
Total transferred: 27.716160 GB
P2P Bandwidth:     262.846713 GB/s
Verification d_B1 (dev1→dev0): PASSED (1000/1240000000 samples)
Verification d_C1 (dev2→dev0): PASSED (1000/1240000000 samples)
Verification d_D1 (dev3→dev0): PASSED (1000/1240000000 samples)
    -> elapsed=0.113222s  bandwidth=262.846713 GB/s  status=ok

===========================
N = 58750000  (4-to-4)
===========================

>>> Running: framework=omp_off  version=v4_4  N=58750000
omp_get_num_devices()    = 4
omp_get_initial_device() = 4
Elapsed time:      0.015882 seconds
Total transferred: 5.252659 GB
P2P Bandwidth:     355.118662 GB/s
Verification:      PASS
    -> elapsed=0.015882s  bandwidth=355.118662 GB/s  status=ok

>>> Running: framework=cuda  version=v4_4  N=58750000
Elapsed time:      0.007555 s
Total transferred: 5.252659 GB
P2P Bandwidth:     746.524696 GB/s
Verification d_A2  (dev0→dev1): PASSED (1000/58750000 samples)
Verification d_A3  (dev0→dev2): PASSED (1000/58750000 samples)
Verification d_A4  (dev0→dev3): PASSED (1000/58750000 samples)
Verification d_B1  (dev1→dev0): PASSED (1000/58750000 samples)
Verification d_B3  (dev1→dev2): PASSED (1000/58750000 samples)
Verification d_B4  (dev1→dev3): PASSED (1000/58750000 samples)
Verification d_C1  (dev2→dev0): PASSED (1000/58750000 samples)
Verification d_C2  (dev2→dev1): PASSED (1000/58750000 samples)
Verification d_C4  (dev2→dev3): PASSED (1000/58750000 samples)
Verification d_D1  (dev3→dev0): PASSED (1000/58750000 samples)
Verification d_D2  (dev3→dev1): PASSED (1000/58750000 samples)
Verification d_D3  (dev3→dev2): PASSED (1000/58750000 samples)
    -> elapsed=0.007555s  bandwidth=746.524696 GB/s  status=ok

>>> Running: framework=acc  version=v4_4  N=58750000
Elapsed time:      0.006698 s
Total transferred: 5.252659 GB
P2P Bandwidth:     842.055835 GB/s
Verification d_C1 (dev2→dev0): PASSED (1000/58750000 samples)
Verification d_D1 (dev3→dev0): PASSED (1000/58750000 samples)
Verification d_A2 (dev0→dev1): PASSED (1000/58750000 samples)
Verification d_C2 (dev2→dev1): PASSED (1000/58750000 samples)
Verification d_D2 (dev3→dev1): PASSED (1000/58750000 samples)
Verification d_A3 (dev0→dev2): PASSED (1000/58750000 samples)
Verification d_B3 (dev1→dev2): PASSED (1000/58750000 samples)
Verification d_D3 (dev3→dev2): PASSED (1000/58750000 samples)
Verification d_A4 (dev0→dev3): PASSED (1000/58750000 samples)
Verification d_B4 (dev1→dev3): PASSED (1000/58750000 samples)
Verification d_C4 (dev2→dev3): PASSED (1000/58750000 samples)
    -> elapsed=0.006698s  bandwidth=842.055835 GB/s  status=ok

===========================
N = 108750000  (4-to-4)
===========================

>>> Running: framework=omp_off  version=v4_4  N=108750000
omp_get_num_devices()    = 4
omp_get_initial_device() = 4
Elapsed time:      0.028265 seconds
Total transferred: 9.723008 GB
P2P Bandwidth:     369.361409 GB/s
Verification:      PASS
    -> elapsed=0.028265s  bandwidth=369.361409 GB/s  status=ok

>>> Running: framework=cuda  version=v4_4  N=108750000
Elapsed time:      0.029804 s
Total transferred: 9.723008 GB
P2P Bandwidth:     350.288654 GB/s
Verification d_A2  (dev0→dev1): PASSED (1000/108750000 samples)
Verification d_A3  (dev0→dev2): PASSED (1000/108750000 samples)
Verification d_A4  (dev0→dev3): PASSED (1000/108750000 samples)
Verification d_B1  (dev1→dev0): PASSED (1000/108750000 samples)
Verification d_B3  (dev1→dev2): PASSED (1000/108750000 samples)
Verification d_B4  (dev1→dev3): PASSED (1000/108750000 samples)
Verification d_C1  (dev2→dev0): PASSED (1000/108750000 samples)
Verification d_C2  (dev2→dev1): PASSED (1000/108750000 samples)
Verification d_C4  (dev2→dev3): PASSED (1000/108750000 samples)
Verification d_D1  (dev3→dev0): PASSED (1000/108750000 samples)
Verification d_D2  (dev3→dev1): PASSED (1000/108750000 samples)
Verification d_D3  (dev3→dev2): PASSED (1000/108750000 samples)
    -> elapsed=0.029804s  bandwidth=350.288654 GB/s  status=ok

>>> Running: framework=acc  version=v4_4  N=108750000
Elapsed time:      0.011825 s
Total transferred: 9.723008 GB
P2P Bandwidth:     882.868941 GB/s
Verification d_C1 (dev2→dev0): PASSED (1000/108750000 samples)
Verification d_D1 (dev3→dev0): PASSED (1000/108750000 samples)
Verification d_A2 (dev0→dev1): PASSED (1000/108750000 samples)
Verification d_C2 (dev2→dev1): PASSED (1000/108750000 samples)
Verification d_D2 (dev3→dev1): PASSED (1000/108750000 samples)
Verification d_A3 (dev0→dev2): PASSED (1000/108750000 samples)
Verification d_B3 (dev1→dev2): PASSED (1000/108750000 samples)
Verification d_D3 (dev3→dev2): PASSED (1000/108750000 samples)
Verification d_A4 (dev0→dev3): PASSED (1000/108750000 samples)
Verification d_B4 (dev1→dev3): PASSED (1000/108750000 samples)
Verification d_C4 (dev2→dev3): PASSED (1000/108750000 samples)
    -> elapsed=0.011825s  bandwidth=882.868941 GB/s  status=ok

===========================
N = 159375000  (4-to-4)
===========================

>>> Running: framework=omp_off  version=v4_4  N=159375000
omp_get_num_devices()    = 4
omp_get_initial_device() = 4
Elapsed time:      0.027629 seconds
Total transferred: 14.249235 GB
P2P Bandwidth:     553.763224 GB/s
Verification:      PASS
    -> elapsed=0.027629s  bandwidth=553.763224 GB/s  status=ok

>>> Running: framework=cuda  version=v4_4  N=159375000
Elapsed time:      0.026040 s
Total transferred: 14.249235 GB
P2P Bandwidth:     587.561241 GB/s
Verification d_A2  (dev0→dev1): PASSED (1000/159375000 samples)
Verification d_A3  (dev0→dev2): PASSED (1000/159375000 samples)
Verification d_A4  (dev0→dev3): PASSED (1000/159375000 samples)
Verification d_B1  (dev1→dev0): PASSED (1000/159375000 samples)
Verification d_B3  (dev1→dev2): PASSED (1000/159375000 samples)
Verification d_B4  (dev1→dev3): PASSED (1000/159375000 samples)
Verification d_C1  (dev2→dev0): PASSED (1000/159375000 samples)
Verification d_C2  (dev2→dev1): PASSED (1000/159375000 samples)
Verification d_C4  (dev2→dev3): PASSED (1000/159375000 samples)
Verification d_D1  (dev3→dev0): PASSED (1000/159375000 samples)
Verification d_D2  (dev3→dev1): PASSED (1000/159375000 samples)
Verification d_D3  (dev3→dev2): PASSED (1000/159375000 samples)
    -> elapsed=0.026040s  bandwidth=587.561241 GB/s  status=ok

>>> Running: framework=acc  version=v4_4  N=159375000
Elapsed time:      0.019397 s
Total transferred: 14.249235 GB
P2P Bandwidth:     788.780943 GB/s
Verification d_C1 (dev2→dev0): PASSED (1000/159375000 samples)
Verification d_D1 (dev3→dev0): PASSED (1000/159375000 samples)
Verification d_A2 (dev0→dev1): PASSED (1000/159375000 samples)
Verification d_C2 (dev2→dev1): PASSED (1000/159375000 samples)
Verification d_D2 (dev3→dev1): PASSED (1000/159375000 samples)
Verification d_A3 (dev0→dev2): PASSED (1000/159375000 samples)
Verification d_B3 (dev1→dev2): PASSED (1000/159375000 samples)
Verification d_D3 (dev3→dev2): PASSED (1000/159375000 samples)
Verification d_A4 (dev0→dev3): PASSED (1000/159375000 samples)
Verification d_B4 (dev1→dev3): PASSED (1000/159375000 samples)
Verification d_C4 (dev2→dev3): PASSED (1000/159375000 samples)
    -> elapsed=0.019397s  bandwidth=788.780943 GB/s  status=ok

===========================
N = 209375000  (4-to-4)
===========================

>>> Running: framework=omp_off  version=v4_4  N=209375000
omp_get_num_devices()    = 4
omp_get_initial_device() = 4
Elapsed time:      0.036273 seconds
Total transferred: 18.719584 GB
P2P Bandwidth:     554.131132 GB/s
Verification:      PASS
    -> elapsed=0.036273s  bandwidth=554.131132 GB/s  status=ok

>>> Running: framework=cuda  version=v4_4  N=209375000
Elapsed time:      0.026951 s
Total transferred: 18.719584 GB
P2P Bandwidth:     745.795865 GB/s
Verification d_A2  (dev0→dev1): PASSED (1000/209375000 samples)
Verification d_A3  (dev0→dev2): PASSED (1000/209375000 samples)
Verification d_A4  (dev0→dev3): PASSED (1000/209375000 samples)
Verification d_B1  (dev1→dev0): PASSED (1000/209375000 samples)
Verification d_B3  (dev1→dev2): PASSED (1000/209375000 samples)
Verification d_B4  (dev1→dev3): PASSED (1000/209375000 samples)
Verification d_C1  (dev2→dev0): PASSED (1000/209375000 samples)
Verification d_C2  (dev2→dev1): PASSED (1000/209375000 samples)
Verification d_C4  (dev2→dev3): PASSED (1000/209375000 samples)
Verification d_D1  (dev3→dev0): PASSED (1000/209375000 samples)
Verification d_D2  (dev3→dev1): PASSED (1000/209375000 samples)
Verification d_D3  (dev3→dev2): PASSED (1000/209375000 samples)
    -> elapsed=0.026951s  bandwidth=745.795865 GB/s  status=ok

>>> Running: framework=acc  version=v4_4  N=209375000
Elapsed time:      0.024535 s
Total transferred: 18.719584 GB
P2P Bandwidth:     819.231842 GB/s
Verification d_C1 (dev2→dev0): PASSED (1000/209375000 samples)
Verification d_D1 (dev3→dev0): PASSED (1000/209375000 samples)
Verification d_A2 (dev0→dev1): PASSED (1000/209375000 samples)
Verification d_C2 (dev2→dev1): PASSED (1000/209375000 samples)
Verification d_D2 (dev3→dev1): PASSED (1000/209375000 samples)
Verification d_A3 (dev0→dev2): PASSED (1000/209375000 samples)
Verification d_B3 (dev1→dev2): PASSED (1000/209375000 samples)
Verification d_D3 (dev3→dev2): PASSED (1000/209375000 samples)
Verification d_A4 (dev0→dev3): PASSED (1000/209375000 samples)
Verification d_B4 (dev1→dev3): PASSED (1000/209375000 samples)
Verification d_C4 (dev2→dev3): PASSED (1000/209375000 samples)
    -> elapsed=0.024535s  bandwidth=819.231842 GB/s  status=ok

===========================
N = 260000000  (4-to-4)
===========================

>>> Running: framework=omp_off  version=v4_4  N=260000000
omp_get_num_devices()    = 4
omp_get_initial_device() = 4
Elapsed time:      0.046497 seconds
Total transferred: 23.245811 GB
P2P Bandwidth:     536.807596 GB/s
Verification:      PASS
    -> elapsed=0.046497s  bandwidth=536.807596 GB/s  status=ok

>>> Running: framework=cuda  version=v4_4  N=260000000
Elapsed time:      0.033319 s
Total transferred: 23.245811 GB
P2P Bandwidth:     749.122203 GB/s
Verification d_A2  (dev0→dev1): PASSED (1000/260000000 samples)
Verification d_A3  (dev0→dev2): PASSED (1000/260000000 samples)
Verification d_A4  (dev0→dev3): PASSED (1000/260000000 samples)
Verification d_B1  (dev1→dev0): PASSED (1000/260000000 samples)
Verification d_B3  (dev1→dev2): PASSED (1000/260000000 samples)
Verification d_B4  (dev1→dev3): PASSED (1000/260000000 samples)
Verification d_C1  (dev2→dev0): PASSED (1000/260000000 samples)
Verification d_C2  (dev2→dev1): PASSED (1000/260000000 samples)
Verification d_C4  (dev2→dev3): PASSED (1000/260000000 samples)
Verification d_D1  (dev3→dev0): PASSED (1000/260000000 samples)
Verification d_D2  (dev3→dev1): PASSED (1000/260000000 samples)
Verification d_D3  (dev3→dev2): PASSED (1000/260000000 samples)
    -> elapsed=0.033319s  bandwidth=749.122203 GB/s  status=ok

>>> Running: framework=acc  version=v4_4  N=260000000
Elapsed time:      0.030243 s
Total transferred: 23.245811 GB
P2P Bandwidth:     825.310628 GB/s
Verification d_C1 (dev2→dev0): PASSED (1000/260000000 samples)
Verification d_D1 (dev3→dev0): PASSED (1000/260000000 samples)
Verification d_A2 (dev0→dev1): PASSED (1000/260000000 samples)
Verification d_C2 (dev2→dev1): PASSED (1000/260000000 samples)
Verification d_D2 (dev3→dev1): PASSED (1000/260000000 samples)
Verification d_A3 (dev0→dev2): PASSED (1000/260000000 samples)
Verification d_B3 (dev1→dev2): PASSED (1000/260000000 samples)
Verification d_D3 (dev3→dev2): PASSED (1000/260000000 samples)
Verification d_A4 (dev0→dev3): PASSED (1000/260000000 samples)
Verification d_B4 (dev1→dev3): PASSED (1000/260000000 samples)
Verification d_C4 (dev2→dev3): PASSED (1000/260000000 samples)
    -> elapsed=0.030243s  bandwidth=825.310628 GB/s  status=ok

===========================
N = 310000000  (4-to-4)
===========================

>>> Running: framework=omp_off  version=v4_4  N=310000000
omp_get_num_devices()    = 4
omp_get_initial_device() = 4
Elapsed time:      0.057242 seconds
Total transferred: 27.716160 GB
P2P Bandwidth:     519.898734 GB/s
Verification:      PASS
    -> elapsed=0.057242s  bandwidth=519.898734 GB/s  status=ok

>>> Running: framework=cuda  version=v4_4  N=310000000
Elapsed time:      0.038049 s
Total transferred: 27.716160 GB
P2P Bandwidth:     782.149691 GB/s
Verification d_A2  (dev0→dev1): PASSED (1000/310000000 samples)
Verification d_A3  (dev0→dev2): PASSED (1000/310000000 samples)
Verification d_A4  (dev0→dev3): PASSED (1000/310000000 samples)
Verification d_B1  (dev1→dev0): PASSED (1000/310000000 samples)
Verification d_B3  (dev1→dev2): PASSED (1000/310000000 samples)
Verification d_B4  (dev1→dev3): PASSED (1000/310000000 samples)
Verification d_C1  (dev2→dev0): PASSED (1000/310000000 samples)
Verification d_C2  (dev2→dev1): PASSED (1000/310000000 samples)
Verification d_C4  (dev2→dev3): PASSED (1000/310000000 samples)
Verification d_D1  (dev3→dev0): PASSED (1000/310000000 samples)
Verification d_D2  (dev3→dev1): PASSED (1000/310000000 samples)
Verification d_D3  (dev3→dev2): PASSED (1000/310000000 samples)
    -> elapsed=0.038049s  bandwidth=782.149691 GB/s  status=ok

>>> Running: framework=acc  version=v4_4  N=310000000
Elapsed time:      0.042103 s
Total transferred: 27.716160 GB
P2P Bandwidth:     706.837117 GB/s
Verification d_C1 (dev2→dev0): PASSED (1000/310000000 samples)
Verification d_D1 (dev3→dev0): PASSED (1000/310000000 samples)
Verification d_A2 (dev0→dev1): PASSED (1000/310000000 samples)
Verification d_C2 (dev2→dev1): PASSED (1000/310000000 samples)
Verification d_D2 (dev3→dev1): PASSED (1000/310000000 samples)
Verification d_A3 (dev0→dev2): PASSED (1000/310000000 samples)
Verification d_B3 (dev1→dev2): PASSED (1000/310000000 samples)
Verification d_D3 (dev3→dev2): PASSED (1000/310000000 samples)
Verification d_A4 (dev0→dev3): PASSED (1000/310000000 samples)
Verification d_B4 (dev1→dev3): PASSED (1000/310000000 samples)
Verification d_C4 (dev2→dev3): PASSED (1000/310000000 samples)
    -> elapsed=0.042103s  bandwidth=706.837117 GB/s  status=ok
