============================================================
Job ID     : 38481358
Timestamp  : 20260401_215934
Results dir: results_38481358_20260401_215934
CLEAN_LD_PATH: /apps/ACC/CLANG/18.1.8/lib:/apps/ACC/CUDA/12.8/extras/CUPTI/lib64:/apps/ACC/CUDA/12.8/nvvm/lib64:/apps/ACC/CUDA/12.8/lib64:/apps/ACC/EASYBUILD/software/binutils/2.40-GCCcore-13.2.0/lib:/apps/ACC/EASYBUILD/software/zlib/1.2.13-GCCcore-13.2.0/lib:/apps/ACC/EASYBUILD/software/GCCcore/13.2.0/lib64
============================================================

============================================================
Starting benchmarks
============================================================

===========================
N = 117500000
===========================

>>> Running: framework=omp_off  version=v1  N=117500000
omp_get_num_devices()    = 4
omp_get_initial_device() = 4
Elapsed time:      0.007431 seconds
Total transferred: 0.875443 GB
P2P Bandwidth:     126.496591 GB/s
Verification:      PASS
    -> elapsed=0.007431s  bandwidth=126.496591 GB/s  status=ok

>>> Running: framework=omp_off  version=v2  N=117500000
omp_get_num_devices()    = 4
omp_get_initial_device() = 4
Elapsed time:      0.007925 seconds
Total transferred: 1.750886 GB
P2P Bandwidth:     237.230107 GB/s
Verification:      PASS
    -> elapsed=0.007925s  bandwidth=237.230107 GB/s  status=ok

>>> Running: framework=omp_off  version=v4  N=117500000
omp_get_num_devices()    = 4
omp_get_initial_device() = 4
Elapsed time:      0.007929 seconds
Total transferred: 2.626330 GB
P2P Bandwidth:     355.663257 GB/s
Verification:      PASS
    -> elapsed=0.007929s  bandwidth=355.663257 GB/s  status=ok

>>> Running: framework=cuda  version=v1  N=117500000
Elapsed time:      0.007061 s
Total transferred: 0.875443 GB
P2P Bandwidth:     133.119756 GB/s
Verification d_B (dev0→dev1): PASSED (1000/117500000 samples)
    -> elapsed=0.007061s  bandwidth=133.119756 GB/s  status=ok

>>> Running: framework=cuda  version=v2  N=117500000
Elapsed time:      0.007684 s
Total transferred: 1.750886 GB
P2P Bandwidth:     244.676401 GB/s
Verification d_C (dev0→dev1): PASSED (1000/117500000 samples)
Verification d_D (dev1→dev0): PASSED (1000/117500000 samples)
    -> elapsed=0.007684s  bandwidth=244.676401 GB/s  status=ok

>>> Running: framework=cuda  version=v4  N=117500000
Elapsed time:      0.007680 s
Total transferred: 2.626330 GB
P2P Bandwidth:     367.181189 GB/s
Verification d_B1 (dev1→dev0): PASSED (1000/117500000 samples)
Verification d_C1 (dev2→dev0): PASSED (1000/117500000 samples)
Verification d_D1 (dev3→dev0): PASSED (1000/117500000 samples)
    -> elapsed=0.007680s  bandwidth=367.181189 GB/s  status=ok

>>> Running: framework=acc  version=v1  N=117500000
Elapsed time:      0.007060 s
Total transferred: 0.875443 GB
P2P Bandwidth:     133.143515 GB/s
Verification d_B (dev0→dev1): PASSED (1000/117500000 samples)
    -> elapsed=0.007060s  bandwidth=133.143515 GB/s  status=ok

>>> Running: framework=acc  version=v2  N=117500000
Elapsed time:      0.008235 s
Total transferred: 1.750886 GB
P2P Bandwidth:     228.287876 GB/s
Verification d_C (dev0→dev1): PASSED (1000/117500000 samples)
Verification d_D (dev1→dev0): PASSED (1000/117500000 samples)
    -> elapsed=0.008235s  bandwidth=228.287876 GB/s  status=ok

>>> Running: framework=acc  version=v4  N=117500000
Elapsed time:      0.008397 s
Total transferred: 2.626330 GB
P2P Bandwidth:     335.830133 GB/s
Verification d_B1 (dev1→dev0): PASSED (1000/117500000 samples)
Verification d_C1 (dev2→dev0): PASSED (1000/117500000 samples)
Verification d_D1 (dev3→dev0): PASSED (1000/117500000 samples)
    -> elapsed=0.008397s  bandwidth=335.830133 GB/s  status=ok

===========================
N = 217500000
===========================

>>> Running: framework=omp_off  version=v1  N=217500000
omp_get_num_devices()    = 4
omp_get_initial_device() = 4
Elapsed time:      0.013563 seconds
Total transferred: 1.620501 GB
P2P Bandwidth:     128.290980 GB/s
Verification:      PASS
    -> elapsed=0.013563s  bandwidth=128.290980 GB/s  status=ok

>>> Running: framework=omp_off  version=v2  N=217500000
omp_get_num_devices()    = 4
omp_get_initial_device() = 4
Elapsed time:      0.014088 seconds
Total transferred: 3.241003 GB
P2P Bandwidth:     247.016042 GB/s
Verification:      PASS
    -> elapsed=0.014088s  bandwidth=247.016042 GB/s  status=ok

>>> Running: framework=omp_off  version=v4  N=217500000
omp_get_num_devices()    = 4
omp_get_initial_device() = 4
Elapsed time:      0.014185 seconds
Total transferred: 4.861504 GB
P2P Bandwidth:     367.995611 GB/s
Verification:      PASS
    -> elapsed=0.014185s  bandwidth=367.995611 GB/s  status=ok

>>> Running: framework=cuda  version=v1  N=217500000
Elapsed time:      0.013060 s
Total transferred: 1.620501 GB
P2P Bandwidth:     133.233954 GB/s
Verification d_B (dev0→dev1): PASSED (1000/217500000 samples)
    -> elapsed=0.013060s  bandwidth=133.233954 GB/s  status=ok

>>> Running: framework=cuda  version=v2  N=217500000
Elapsed time:      0.013632 s
Total transferred: 3.241003 GB
P2P Bandwidth:     255.274930 GB/s
Verification d_C (dev0→dev1): PASSED (1000/217500000 samples)
Verification d_D (dev1→dev0): PASSED (1000/217500000 samples)
    -> elapsed=0.013632s  bandwidth=255.274930 GB/s  status=ok

>>> Running: framework=cuda  version=v4  N=217500000
Elapsed time:      0.013728 s
Total transferred: 4.861504 GB
P2P Bandwidth:     380.236667 GB/s
Verification d_B1 (dev1→dev0): PASSED (1000/217500000 samples)
Verification d_C1 (dev2→dev0): PASSED (1000/217500000 samples)
Verification d_D1 (dev3→dev0): PASSED (1000/217500000 samples)
    -> elapsed=0.013728s  bandwidth=380.236667 GB/s  status=ok

>>> Running: framework=acc  version=v1  N=217500000
Elapsed time:      0.013061 s
Total transferred: 1.620501 GB
P2P Bandwidth:     133.220564 GB/s
Verification d_B (dev0→dev1): PASSED (1000/217500000 samples)
    -> elapsed=0.013061s  bandwidth=133.220564 GB/s  status=ok

>>> Running: framework=acc  version=v2  N=217500000
Elapsed time:      0.014337 s
Total transferred: 3.241003 GB
P2P Bandwidth:     242.731577 GB/s
Verification d_C (dev0→dev1): PASSED (1000/217500000 samples)
Verification d_D (dev1→dev0): PASSED (1000/217500000 samples)
    -> elapsed=0.014337s  bandwidth=242.731577 GB/s  status=ok

>>> Running: framework=acc  version=v4  N=217500000
Elapsed time:      0.014319 s
Total transferred: 4.861504 GB
P2P Bandwidth:     364.552048 GB/s
Verification d_B1 (dev1→dev0): PASSED (1000/217500000 samples)
Verification d_C1 (dev2→dev0): PASSED (1000/217500000 samples)
Verification d_D1 (dev3→dev0): PASSED (1000/217500000 samples)
    -> elapsed=0.014319s  bandwidth=364.552048 GB/s  status=ok

===========================
N = 318750000
===========================

>>> Running: framework=omp_off  version=v1  N=318750000
omp_get_num_devices()    = 4
omp_get_initial_device() = 4
Elapsed time:      0.019597 seconds
Total transferred: 2.374873 GB
P2P Bandwidth:     130.123185 GB/s
Verification:      PASS
    -> elapsed=0.019597s  bandwidth=130.123185 GB/s  status=ok

>>> Running: framework=omp_off  version=v2  N=318750000
omp_get_num_devices()    = 4
omp_get_initial_device() = 4
Elapsed time:      0.020428 seconds
Total transferred: 4.749745 GB
P2P Bandwidth:     249.655125 GB/s
Verification:      PASS
    -> elapsed=0.020428s  bandwidth=249.655125 GB/s  status=ok

>>> Running: framework=omp_off  version=v4  N=318750000
omp_get_num_devices()    = 4
omp_get_initial_device() = 4
Elapsed time:      0.020237 seconds
Total transferred: 7.124618 GB
P2P Bandwidth:     378.021037 GB/s
Verification:      PASS
    -> elapsed=0.020237s  bandwidth=378.021037 GB/s  status=ok

>>> Running: framework=cuda  version=v1  N=318750000
Elapsed time:      0.019134 s
Total transferred: 2.374873 GB
P2P Bandwidth:     133.268082 GB/s
Verification d_B (dev0→dev1): PASSED (1000/318750000 samples)
    -> elapsed=0.019134s  bandwidth=133.268082 GB/s  status=ok

>>> Running: framework=cuda  version=v2  N=318750000
Elapsed time:      0.019801 s
Total transferred: 4.749745 GB
P2P Bandwidth:     257.568122 GB/s
Verification d_C (dev0→dev1): PASSED (1000/318750000 samples)
Verification d_D (dev1→dev0): PASSED (1000/318750000 samples)
    -> elapsed=0.019801s  bandwidth=257.568122 GB/s  status=ok

>>> Running: framework=cuda  version=v4  N=318750000
Elapsed time:      0.019751 s
Total transferred: 7.124618 GB
P2P Bandwidth:     387.324612 GB/s
Verification d_B1 (dev1→dev0): PASSED (1000/318750000 samples)
Verification d_C1 (dev2→dev0): PASSED (1000/318750000 samples)
Verification d_D1 (dev3→dev0): PASSED (1000/318750000 samples)
    -> elapsed=0.019751s  bandwidth=387.324612 GB/s  status=ok

>>> Running: framework=acc  version=v1  N=318750000
Elapsed time:      0.019134 s
Total transferred: 2.374873 GB
P2P Bandwidth:     133.271967 GB/s
Verification d_B (dev0→dev1): PASSED (1000/318750000 samples)
    -> elapsed=0.019134s  bandwidth=133.271967 GB/s  status=ok

>>> Running: framework=acc  version=v2  N=318750000
Elapsed time:      0.020222 s
Total transferred: 4.749745 GB
P2P Bandwidth:     252.201214 GB/s
Verification d_C (dev0→dev1): PASSED (1000/318750000 samples)
Verification d_D (dev1→dev0): PASSED (1000/318750000 samples)
    -> elapsed=0.020222s  bandwidth=252.201214 GB/s  status=ok

>>> Running: framework=acc  version=v4  N=318750000
Elapsed time:      0.020387 s
Total transferred: 7.124618 GB
P2P Bandwidth:     375.240333 GB/s
Verification d_B1 (dev1→dev0): PASSED (1000/318750000 samples)
Verification d_C1 (dev2→dev0): PASSED (1000/318750000 samples)
Verification d_D1 (dev3→dev0): PASSED (1000/318750000 samples)
    -> elapsed=0.020387s  bandwidth=375.240333 GB/s  status=ok

===========================
N = 418750000
===========================

>>> Running: framework=omp_off  version=v1  N=418750000
omp_get_num_devices()    = 4
omp_get_initial_device() = 4
Elapsed time:      0.025487 seconds
Total transferred: 3.119931 GB
P2P Bandwidth:     131.438606 GB/s
Verification:      PASS
    -> elapsed=0.025487s  bandwidth=131.438606 GB/s  status=ok

>>> Running: framework=omp_off  version=v2  N=418750000
omp_get_num_devices()    = 4
omp_get_initial_device() = 4
Elapsed time:      0.026210 seconds
Total transferred: 6.239861 GB
P2P Bandwidth:     255.626944 GB/s
Verification:      PASS
    -> elapsed=0.026210s  bandwidth=255.626944 GB/s  status=ok

>>> Running: framework=omp_off  version=v4  N=418750000
omp_get_num_devices()    = 4
omp_get_initial_device() = 4
Elapsed time:      0.026254 seconds
Total transferred: 9.359792 GB
P2P Bandwidth:     382.796229 GB/s
Verification:      PASS
    -> elapsed=0.026254s  bandwidth=382.796229 GB/s  status=ok

>>> Running: framework=cuda  version=v1  N=418750000
Elapsed time:      0.025134 s
Total transferred: 3.119931 GB
P2P Bandwidth:     133.283574 GB/s
Verification d_B (dev0→dev1): PASSED (1000/418750000 samples)
    -> elapsed=0.025134s  bandwidth=133.283574 GB/s  status=ok

>>> Running: framework=cuda  version=v2  N=418750000
Elapsed time:      0.025789 s
Total transferred: 6.239861 GB
P2P Bandwidth:     259.802695 GB/s
Verification d_C (dev0→dev1): PASSED (1000/418750000 samples)
Verification d_D (dev1→dev0): PASSED (1000/418750000 samples)
    -> elapsed=0.025789s  bandwidth=259.802695 GB/s  status=ok

>>> Running: framework=cuda  version=v4  N=418750000
Elapsed time:      0.025727 s
Total transferred: 9.359792 GB
P2P Bandwidth:     390.634019 GB/s
Verification d_B1 (dev1→dev0): PASSED (1000/418750000 samples)
Verification d_C1 (dev2→dev0): PASSED (1000/418750000 samples)
Verification d_D1 (dev3→dev0): PASSED (1000/418750000 samples)
    -> elapsed=0.025727s  bandwidth=390.634019 GB/s  status=ok

>>> Running: framework=acc  version=v1  N=418750000
Elapsed time:      0.025136 s
Total transferred: 3.119931 GB
P2P Bandwidth:     133.275016 GB/s
Verification d_B (dev0→dev1): PASSED (1000/418750000 samples)
    -> elapsed=0.025136s  bandwidth=133.275016 GB/s  status=ok

>>> Running: framework=acc  version=v2  N=418750000
Elapsed time:      0.026291 s
Total transferred: 6.239861 GB
P2P Bandwidth:     254.838780 GB/s
Verification d_C (dev0→dev1): PASSED (1000/418750000 samples)
Verification d_D (dev1→dev0): PASSED (1000/418750000 samples)
    -> elapsed=0.026291s  bandwidth=254.838780 GB/s  status=ok

>>> Running: framework=acc  version=v4  N=418750000
Elapsed time:      0.026306 s
Total transferred: 9.359792 GB
P2P Bandwidth:     382.039907 GB/s
Verification d_B1 (dev1→dev0): PASSED (1000/418750000 samples)
Verification d_C1 (dev2→dev0): PASSED (1000/418750000 samples)
Verification d_D1 (dev3→dev0): PASSED (1000/418750000 samples)
    -> elapsed=0.026306s  bandwidth=382.039907 GB/s  status=ok

===========================
N = 520000000
===========================

>>> Running: framework=omp_off  version=v1  N=520000000
omp_get_num_devices()    = 4
omp_get_initial_device() = 4
Elapsed time:      0.031710 seconds
Total transferred: 3.874302 GB
P2P Bandwidth:     131.189274 GB/s
Verification:      PASS
    -> elapsed=0.031710s  bandwidth=131.189274 GB/s  status=ok

>>> Running: framework=omp_off  version=v2  N=520000000
omp_get_num_devices()    = 4
omp_get_initial_device() = 4
Elapsed time:      0.032388 seconds
Total transferred: 7.748604 GB
P2P Bandwidth:     256.885489 GB/s
Verification:      PASS
    -> elapsed=0.032388s  bandwidth=256.885489 GB/s  status=ok

>>> Running: framework=omp_off  version=v4  N=520000000
omp_get_num_devices()    = 4
omp_get_initial_device() = 4
Elapsed time:      0.032360 seconds
Total transferred: 11.622906 GB
P2P Bandwidth:     385.663235 GB/s
Verification:      PASS
    -> elapsed=0.032360s  bandwidth=385.663235 GB/s  status=ok

>>> Running: framework=cuda  version=v1  N=520000000
Elapsed time:      0.031210 s
Total transferred: 3.874302 GB
P2P Bandwidth:     133.291748 GB/s
Verification d_B (dev0→dev1): PASSED (1000/520000000 samples)
    -> elapsed=0.031210s  bandwidth=133.291748 GB/s  status=ok

>>> Running: framework=cuda  version=v2  N=520000000
Elapsed time:      0.031966 s
Total transferred: 7.748604 GB
P2P Bandwidth:     260.276943 GB/s
Verification d_C (dev0→dev1): PASSED (1000/520000000 samples)
Verification d_D (dev1→dev0): PASSED (1000/520000000 samples)
    -> elapsed=0.031966s  bandwidth=260.276943 GB/s  status=ok

>>> Running: framework=cuda  version=v4  N=520000000
Elapsed time:      0.031837 s
Total transferred: 11.622906 GB
P2P Bandwidth:     392.001006 GB/s
Verification d_B1 (dev1→dev0): PASSED (1000/520000000 samples)
Verification d_C1 (dev2→dev0): PASSED (1000/520000000 samples)
Verification d_D1 (dev3→dev0): PASSED (1000/520000000 samples)
    -> elapsed=0.031837s  bandwidth=392.001006 GB/s  status=ok

>>> Running: framework=acc  version=v1  N=520000000
Elapsed time:      0.031210 s
Total transferred: 3.874302 GB
P2P Bandwidth:     133.290844 GB/s
Verification d_B (dev0→dev1): PASSED (1000/520000000 samples)
    -> elapsed=0.031210s  bandwidth=133.290844 GB/s  status=ok

>>> Running: framework=acc  version=v2  N=520000000
Elapsed time:      0.032558 s
Total transferred: 7.748604 GB
P2P Bandwidth:     255.542361 GB/s
Verification d_C (dev0→dev1): PASSED (1000/520000000 samples)
Verification d_D (dev1→dev0): PASSED (1000/520000000 samples)
    -> elapsed=0.032558s  bandwidth=255.542361 GB/s  status=ok

>>> Running: framework=acc  version=v4  N=520000000
Elapsed time:      0.032279 s
Total transferred: 11.622906 GB
P2P Bandwidth:     386.628903 GB/s
Verification d_B1 (dev1→dev0): PASSED (1000/520000000 samples)
Verification d_C1 (dev2→dev0): PASSED (1000/520000000 samples)
Verification d_D1 (dev3→dev0): PASSED (1000/520000000 samples)
    -> elapsed=0.032279s  bandwidth=386.628903 GB/s  status=ok

===========================
N = 1240000000
===========================

>>> Running: framework=omp_off  version=v1  N=1240000000
omp_get_num_devices()    = 4
omp_get_initial_device() = 4
Elapsed time:      0.075390 seconds
Total transferred: 9.238720 GB
P2P Bandwidth:     131.582263 GB/s
Verification:      PASS
    -> elapsed=0.075390s  bandwidth=131.582263 GB/s  status=ok

>>> Running: framework=omp_off  version=v2  N=1240000000
omp_get_num_devices()    = 4
omp_get_initial_device() = 4
Elapsed time:      0.076383 seconds
Total transferred: 18.477440 GB
P2P Bandwidth:     259.743273 GB/s
Verification:      PASS
    -> elapsed=0.076383s  bandwidth=259.743273 GB/s  status=ok

>>> Running: framework=omp_off  version=v4  N=1240000000
omp_get_num_devices()    = 4
omp_get_initial_device() = 4
Elapsed time:      0.075949 seconds
Total transferred: 27.716160 GB
P2P Bandwidth:     391.842133 GB/s
Verification:      PASS
    -> elapsed=0.075949s  bandwidth=391.842133 GB/s  status=ok

>>> Running: framework=cuda  version=v1  N=1240000000
Elapsed time:      0.074880 s
Total transferred: 9.238720 GB
P2P Bandwidth:     132.478847 GB/s
Verification d_B (dev0→dev1): PASSED (1000/1240000000 samples)
    -> elapsed=0.074880s  bandwidth=132.478847 GB/s  status=ok

>>> Running: framework=cuda  version=v2  N=1240000000
Elapsed time:      0.075764 s
Total transferred: 18.477440 GB
P2P Bandwidth:     261.866824 GB/s
Verification d_C (dev0→dev1): PASSED (1000/1240000000 samples)
Verification d_D (dev1→dev0): PASSED (1000/1240000000 samples)
    -> elapsed=0.075764s  bandwidth=261.866824 GB/s  status=ok

>>> Running: framework=cuda  version=v4  N=1240000000
Elapsed time:      0.075662 s
Total transferred: 27.716160 GB
P2P Bandwidth:     393.329684 GB/s
Verification d_B1 (dev1→dev0): PASSED (1000/1240000000 samples)
Verification d_C1 (dev2→dev0): PASSED (1000/1240000000 samples)
Verification d_D1 (dev3→dev0): PASSED (1000/1240000000 samples)
    -> elapsed=0.075662s  bandwidth=393.329684 GB/s  status=ok

>>> Running: framework=acc  version=v1  N=1240000000
Elapsed time:      0.074879 s
Total transferred: 9.238720 GB
P2P Bandwidth:     132.480524 GB/s
Verification d_B (dev0→dev1): PASSED (1000/1240000000 samples)
    -> elapsed=0.074879s  bandwidth=132.480524 GB/s  status=ok

>>> Running: framework=acc  version=v2  N=1240000000
Elapsed time:      0.076397 s
Total transferred: 18.477440 GB
P2P Bandwidth:     259.695448 GB/s
Verification d_C (dev0→dev1): PASSED (1000/1240000000 samples)
Verification d_D (dev1→dev0): PASSED (1000/1240000000 samples)
    -> elapsed=0.076397s  bandwidth=259.695448 GB/s  status=ok

>>> Running: framework=acc  version=v4  N=1240000000
Elapsed time:      0.075587 s
Total transferred: 27.716160 GB
P2P Bandwidth:     393.718318 GB/s
Verification d_B1 (dev1→dev0): PASSED (1000/1240000000 samples)
Verification d_C1 (dev2→dev0): PASSED (1000/1240000000 samples)
Verification d_D1 (dev3→dev0): PASSED (1000/1240000000 samples)
    -> elapsed=0.075587s  bandwidth=393.718318 GB/s  status=ok

===========================
N = 58750000  (4-to-4)
===========================

>>> Running: framework=omp_off  version=v4_4  N=58750000
omp_get_num_devices()    = 4
omp_get_initial_device() = 4
Elapsed time:      0.010436 seconds
Total transferred: 5.252659 GB
P2P Bandwidth:     540.446290 GB/s
Verification:      PASS
    -> elapsed=0.010436s  bandwidth=540.446290 GB/s  status=ok

>>> Running: framework=cuda  version=v4_4  N=58750000
Elapsed time:      0.004391 s
Total transferred: 5.252659 GB
P2P Bandwidth:     1284.543458 GB/s
Verification d_A2  (dev0→dev1): PASSED (1000/58750000 samples)
Verification d_A3  (dev0→dev2): PASSED (1000/58750000 samples)
Verification d_A4  (dev0→dev3): PASSED (1000/58750000 samples)
Verification d_B1  (dev1→dev0): PASSED (1000/58750000 samples)
Verification d_B3  (dev1→dev2): PASSED (1000/58750000 samples)
Verification d_B4  (dev1→dev3): PASSED (1000/58750000 samples)
Verification d_C1  (dev2→dev0): PASSED (1000/58750000 samples)
Verification d_C2  (dev2→dev1): PASSED (1000/58750000 samples)
Verification d_C4  (dev2→dev3): PASSED (1000/58750000 samples)
Verification d_D1  (dev3→dev0): PASSED (1000/58750000 samples)
Verification d_D2  (dev3→dev1): PASSED (1000/58750000 samples)
Verification d_D3  (dev3→dev2): PASSED (1000/58750000 samples)
    -> elapsed=0.004391s  bandwidth=1284.543458 GB/s  status=ok

>>> Running: framework=acc  version=v4_4  N=58750000
Elapsed time:      0.005872 s
Total transferred: 5.252659 GB
P2P Bandwidth:     960.488634 GB/s
Verification d_C1 (dev2→dev0): PASSED (1000/58750000 samples)
Verification d_D1 (dev3→dev0): PASSED (1000/58750000 samples)
Verification d_A2 (dev0→dev1): PASSED (1000/58750000 samples)
Verification d_C2 (dev2→dev1): PASSED (1000/58750000 samples)
Verification d_D2 (dev3→dev1): PASSED (1000/58750000 samples)
Verification d_A3 (dev0→dev2): PASSED (1000/58750000 samples)
Verification d_B3 (dev1→dev2): PASSED (1000/58750000 samples)
Verification d_D3 (dev3→dev2): PASSED (1000/58750000 samples)
Verification d_A4 (dev0→dev3): PASSED (1000/58750000 samples)
Verification d_B4 (dev1→dev3): PASSED (1000/58750000 samples)
Verification d_C4 (dev2→dev3): PASSED (1000/58750000 samples)
    -> elapsed=0.005872s  bandwidth=960.488634 GB/s  status=ok

===========================
N = 108750000  (4-to-4)
===========================

>>> Running: framework=omp_off  version=v4_4  N=108750000
omp_get_num_devices()    = 4
omp_get_initial_device() = 4
Elapsed time:      0.019968 seconds
Total transferred: 9.723008 GB
P2P Bandwidth:     522.841921 GB/s
Verification:      PASS
    -> elapsed=0.019968s  bandwidth=522.841921 GB/s  status=ok

>>> Running: framework=cuda  version=v4_4  N=108750000
Elapsed time:      0.007291 s
Total transferred: 9.723008 GB
P2P Bandwidth:     1431.981496 GB/s
Verification d_A2  (dev0→dev1): PASSED (1000/108750000 samples)
Verification d_A3  (dev0→dev2): PASSED (1000/108750000 samples)
Verification d_A4  (dev0→dev3): PASSED (1000/108750000 samples)
Verification d_B1  (dev1→dev0): PASSED (1000/108750000 samples)
Verification d_B3  (dev1→dev2): PASSED (1000/108750000 samples)
Verification d_B4  (dev1→dev3): PASSED (1000/108750000 samples)
Verification d_C1  (dev2→dev0): PASSED (1000/108750000 samples)
Verification d_C2  (dev2→dev1): PASSED (1000/108750000 samples)
Verification d_C4  (dev2→dev3): PASSED (1000/108750000 samples)
Verification d_D1  (dev3→dev0): PASSED (1000/108750000 samples)
Verification d_D2  (dev3→dev1): PASSED (1000/108750000 samples)
Verification d_D3  (dev3→dev2): PASSED (1000/108750000 samples)
    -> elapsed=0.007291s  bandwidth=1431.981496 GB/s  status=ok

>>> Running: framework=acc  version=v4_4  N=108750000
Elapsed time:      0.009287 s
Total transferred: 9.723008 GB
P2P Bandwidth:     1124.137647 GB/s
Verification d_C1 (dev2→dev0): PASSED (1000/108750000 samples)
Verification d_D1 (dev3→dev0): PASSED (1000/108750000 samples)
Verification d_A2 (dev0→dev1): PASSED (1000/108750000 samples)
Verification d_C2 (dev2→dev1): PASSED (1000/108750000 samples)
Verification d_D2 (dev3→dev1): PASSED (1000/108750000 samples)
Verification d_A3 (dev0→dev2): PASSED (1000/108750000 samples)
Verification d_B3 (dev1→dev2): PASSED (1000/108750000 samples)
Verification d_D3 (dev3→dev2): PASSED (1000/108750000 samples)
Verification d_A4 (dev0→dev3): PASSED (1000/108750000 samples)
Verification d_B4 (dev1→dev3): PASSED (1000/108750000 samples)
Verification d_C4 (dev2→dev3): PASSED (1000/108750000 samples)
    -> elapsed=0.009287s  bandwidth=1124.137647 GB/s  status=ok

===========================
N = 159375000  (4-to-4)
===========================

>>> Running: framework=omp_off  version=v4_4  N=159375000
omp_get_num_devices()    = 4
omp_get_initial_device() = 4
Elapsed time:      0.032225 seconds
Total transferred: 14.249235 GB
P2P Bandwidth:     474.788224 GB/s
Verification:      PASS
    -> elapsed=0.032225s  bandwidth=474.788224 GB/s  status=ok

>>> Running: framework=cuda  version=v4_4  N=159375000
Elapsed time:      0.010388 s
Total transferred: 14.249235 GB
P2P Bandwidth:     1472.918232 GB/s
Verification d_A2  (dev0→dev1): PASSED (1000/159375000 samples)
Verification d_A3  (dev0→dev2): PASSED (1000/159375000 samples)
Verification d_A4  (dev0→dev3): PASSED (1000/159375000 samples)
Verification d_B1  (dev1→dev0): PASSED (1000/159375000 samples)
Verification d_B3  (dev1→dev2): PASSED (1000/159375000 samples)
Verification d_B4  (dev1→dev3): PASSED (1000/159375000 samples)
Verification d_C1  (dev2→dev0): PASSED (1000/159375000 samples)
Verification d_C2  (dev2→dev1): PASSED (1000/159375000 samples)
Verification d_C4  (dev2→dev3): PASSED (1000/159375000 samples)
Verification d_D1  (dev3→dev0): PASSED (1000/159375000 samples)
Verification d_D2  (dev3→dev1): PASSED (1000/159375000 samples)
Verification d_D3  (dev3→dev2): PASSED (1000/159375000 samples)
    -> elapsed=0.010388s  bandwidth=1472.918232 GB/s  status=ok

>>> Running: framework=acc  version=v4_4  N=159375000
Elapsed time:      0.012860 s
Total transferred: 14.249235 GB
P2P Bandwidth:     1189.730088 GB/s
Verification d_C1 (dev2→dev0): PASSED (1000/159375000 samples)
Verification d_D1 (dev3→dev0): PASSED (1000/159375000 samples)
Verification d_A2 (dev0→dev1): PASSED (1000/159375000 samples)
Verification d_C2 (dev2→dev1): PASSED (1000/159375000 samples)
Verification d_D2 (dev3→dev1): PASSED (1000/159375000 samples)
Verification d_A3 (dev0→dev2): PASSED (1000/159375000 samples)
Verification d_B3 (dev1→dev2): PASSED (1000/159375000 samples)
Verification d_D3 (dev3→dev2): PASSED (1000/159375000 samples)
Verification d_A4 (dev0→dev3): PASSED (1000/159375000 samples)
Verification d_B4 (dev1→dev3): PASSED (1000/159375000 samples)
Verification d_C4 (dev2→dev3): PASSED (1000/159375000 samples)
    -> elapsed=0.012860s  bandwidth=1189.730088 GB/s  status=ok

===========================
N = 209375000  (4-to-4)
===========================

>>> Running: framework=omp_off  version=v4_4  N=209375000
omp_get_num_devices()    = 4
omp_get_initial_device() = 4
Elapsed time:      0.039489 seconds
Total transferred: 18.719584 GB
P2P Bandwidth:     509.002110 GB/s
Verification:      PASS
    -> elapsed=0.039489s  bandwidth=509.002110 GB/s  status=ok

>>> Running: framework=cuda  version=v4_4  N=209375000
Elapsed time:      0.013398 s
Total transferred: 18.719584 GB
P2P Bandwidth:     1500.215068 GB/s
Verification d_A2  (dev0→dev1): PASSED (1000/209375000 samples)
Verification d_A3  (dev0→dev2): PASSED (1000/209375000 samples)
Verification d_A4  (dev0→dev3): PASSED (1000/209375000 samples)
Verification d_B1  (dev1→dev0): PASSED (1000/209375000 samples)
Verification d_B3  (dev1→dev2): PASSED (1000/209375000 samples)
Verification d_B4  (dev1→dev3): PASSED (1000/209375000 samples)
Verification d_C1  (dev2→dev0): PASSED (1000/209375000 samples)
Verification d_C2  (dev2→dev1): PASSED (1000/209375000 samples)
Verification d_C4  (dev2→dev3): PASSED (1000/209375000 samples)
Verification d_D1  (dev3→dev0): PASSED (1000/209375000 samples)
Verification d_D2  (dev3→dev1): PASSED (1000/209375000 samples)
Verification d_D3  (dev3→dev2): PASSED (1000/209375000 samples)
    -> elapsed=0.013398s  bandwidth=1500.215068 GB/s  status=ok

>>> Running: framework=acc  version=v4_4  N=209375000
Elapsed time:      0.016577 s
Total transferred: 18.719584 GB
P2P Bandwidth:     1212.522982 GB/s
Verification d_C1 (dev2→dev0): PASSED (1000/209375000 samples)
Verification d_D1 (dev3→dev0): PASSED (1000/209375000 samples)
Verification d_A2 (dev0→dev1): PASSED (1000/209375000 samples)
Verification d_C2 (dev2→dev1): PASSED (1000/209375000 samples)
Verification d_D2 (dev3→dev1): PASSED (1000/209375000 samples)
Verification d_A3 (dev0→dev2): PASSED (1000/209375000 samples)
Verification d_B3 (dev1→dev2): PASSED (1000/209375000 samples)
Verification d_D3 (dev3→dev2): PASSED (1000/209375000 samples)
Verification d_A4 (dev0→dev3): PASSED (1000/209375000 samples)
Verification d_B4 (dev1→dev3): PASSED (1000/209375000 samples)
Verification d_C4 (dev2→dev3): PASSED (1000/209375000 samples)
    -> elapsed=0.016577s  bandwidth=1212.522982 GB/s  status=ok

===========================
N = 260000000  (4-to-4)
===========================

>>> Running: framework=omp_off  version=v4_4  N=260000000
omp_get_num_devices()    = 4
omp_get_initial_device() = 4
Elapsed time:      0.047509 seconds
Total transferred: 23.245811 GB
P2P Bandwidth:     525.374637 GB/s
Verification:      PASS
    -> elapsed=0.047509s  bandwidth=525.374637 GB/s  status=ok

>>> Running: framework=cuda  version=v4_4  N=260000000
Elapsed time:      0.016526 s
Total transferred: 23.245811 GB
P2P Bandwidth:     1510.321376 GB/s
Verification d_A2  (dev0→dev1): PASSED (1000/260000000 samples)
Verification d_A3  (dev0→dev2): PASSED (1000/260000000 samples)
Verification d_A4  (dev0→dev3): PASSED (1000/260000000 samples)
Verification d_B1  (dev1→dev0): PASSED (1000/260000000 samples)
Verification d_B3  (dev1→dev2): PASSED (1000/260000000 samples)
Verification d_B4  (dev1→dev3): PASSED (1000/260000000 samples)
Verification d_C1  (dev2→dev0): PASSED (1000/260000000 samples)
Verification d_C2  (dev2→dev1): PASSED (1000/260000000 samples)
Verification d_C4  (dev2→dev3): PASSED (1000/260000000 samples)
Verification d_D1  (dev3→dev0): PASSED (1000/260000000 samples)
Verification d_D2  (dev3→dev1): PASSED (1000/260000000 samples)
Verification d_D3  (dev3→dev2): PASSED (1000/260000000 samples)
    -> elapsed=0.016526s  bandwidth=1510.321376 GB/s  status=ok

>>> Running: framework=acc  version=v4_4  N=260000000
Elapsed time:      0.020222 s
Total transferred: 23.245811 GB
P2P Bandwidth:     1234.302414 GB/s
Verification d_C1 (dev2→dev0): PASSED (1000/260000000 samples)
Verification d_D1 (dev3→dev0): PASSED (1000/260000000 samples)
Verification d_A2 (dev0→dev1): PASSED (1000/260000000 samples)
Verification d_C2 (dev2→dev1): PASSED (1000/260000000 samples)
Verification d_D2 (dev3→dev1): PASSED (1000/260000000 samples)
Verification d_A3 (dev0→dev2): PASSED (1000/260000000 samples)
Verification d_B3 (dev1→dev2): PASSED (1000/260000000 samples)
Verification d_D3 (dev3→dev2): PASSED (1000/260000000 samples)
Verification d_A4 (dev0→dev3): PASSED (1000/260000000 samples)
Verification d_B4 (dev1→dev3): PASSED (1000/260000000 samples)
Verification d_C4 (dev2→dev3): PASSED (1000/260000000 samples)
    -> elapsed=0.020222s  bandwidth=1234.302414 GB/s  status=ok

===========================
N = 310000000  (4-to-4)
===========================

>>> Running: framework=omp_off  version=v4_4  N=310000000
omp_get_num_devices()    = 4
omp_get_initial_device() = 4
Elapsed time:      0.050082 seconds
Total transferred: 27.716160 GB
P2P Bandwidth:     594.225846 GB/s
Verification:      PASS
    -> elapsed=0.050082s  bandwidth=594.225846 GB/s  status=ok

>>> Running: framework=cuda  version=v4_4  N=310000000
Elapsed time:      0.019454 s
Total transferred: 27.716160 GB
P2P Bandwidth:     1529.743644 GB/s
Verification d_A2  (dev0→dev1): PASSED (1000/310000000 samples)
Verification d_A3  (dev0→dev2): PASSED (1000/310000000 samples)
Verification d_A4  (dev0→dev3): PASSED (1000/310000000 samples)
Verification d_B1  (dev1→dev0): PASSED (1000/310000000 samples)
Verification d_B3  (dev1→dev2): PASSED (1000/310000000 samples)
Verification d_B4  (dev1→dev3): PASSED (1000/310000000 samples)
Verification d_C1  (dev2→dev0): PASSED (1000/310000000 samples)
Verification d_C2  (dev2→dev1): PASSED (1000/310000000 samples)
Verification d_C4  (dev2→dev3): PASSED (1000/310000000 samples)
Verification d_D1  (dev3→dev0): PASSED (1000/310000000 samples)
Verification d_D2  (dev3→dev1): PASSED (1000/310000000 samples)
Verification d_D3  (dev3→dev2): PASSED (1000/310000000 samples)
    -> elapsed=0.019454s  bandwidth=1529.743644 GB/s  status=ok

>>> Running: framework=acc  version=v4_4  N=310000000
Elapsed time:      0.023454 s
Total transferred: 27.716160 GB
P2P Bandwidth:     1268.856477 GB/s
Verification d_C1 (dev2→dev0): PASSED (1000/310000000 samples)
Verification d_D1 (dev3→dev0): PASSED (1000/310000000 samples)
Verification d_A2 (dev0→dev1): PASSED (1000/310000000 samples)
Verification d_C2 (dev2→dev1): PASSED (1000/310000000 samples)
Verification d_D2 (dev3→dev1): PASSED (1000/310000000 samples)
Verification d_A3 (dev0→dev2): PASSED (1000/310000000 samples)
Verification d_B3 (dev1→dev2): PASSED (1000/310000000 samples)
Verification d_D3 (dev3→dev2): PASSED (1000/310000000 samples)
Verification d_A4 (dev0→dev3): PASSED (1000/310000000 samples)
Verification d_B4 (dev1→dev3): PASSED (1000/310000000 samples)
Verification d_C4 (dev2→dev3): PASSED (1000/310000000 samples)
    -> elapsed=0.023454s  bandwidth=1268.856477 GB/s  status=ok
